Start testing: Sep 09 23:27 PDT
----------------------------------------------------------
1/407 Testing: e1_avaliacao_00
1/407 Test: e1_avaliacao_00
Command: "/usr/bin/perl" "-I" "./tests/scripts" "./tests/scripts/tesh" "/home/alexandre/Desktop/Compiladores/Projeto/build/pc/tests/e1/avaliacao_00.tesh"
Directory: /home/alexandre/Desktop/Compiladores/Projeto/build/pc
"e1_avaliacao_00" start time: Sep 09 23:27 PDT
Output:
----------------------------------------------------------
Unescaped left brace in regex is deprecated, passed through in regex; marked by <-- HERE in m/\${ <-- HERE (\w+)(?::[=-][^}]*)?}/ at ./tests/scripts/tesh line 345.
Test suite `/home/alexandre/Desktop/Compiladores/Projeto/build/pc/tests/e1/avaliacao_00.tesh'
[avaliacao_00.tesh:5] ./main ./tests/e1/input/nivel0.tokens
Output of <avaliacao_00.tesh:5> mismatch:
...
  37 TK_ESPECIAL [&]
  38 TK_ESPECIAL [$]
- 39 TK_LIT_INT [-2]
+ 39 TK_ESPECIAL [-]
+ 39 TK_LIT_INT [2]
  40 TK_LIT_FLOAT [31794.45]
  40 TK_LIT_FLOAT [31794.45]
- 41 TK_LIT_CHAR ['&']
+ 41 TOKEN_ERRO [']
+ 41 TK_ESPECIAL [&]
+ 41 TOKEN_ERRO [']
  42 TK_LIT_STRING ["oZ bool S9"]
  43 TK_IDENTIFICADOR [___bqmu7ftc1ICihA1pnIoWlvDHnaUnbS9LqgUPtmYLNKQ6O9fzKFyRj50N]
  42 TK_LIT_STRING ["oZ bool S9"]
  43 TK_IDENTIFICADOR [___bqmu7ftc1ICihA1pnIoWlvDHnaUnbS9LqgUPtmYLNKQ6O9fzKFyRj50N]
- 51 TK_ESPECIAL [[]
- 51 TK_IDENTIFICADOR [brasil]
- 51 TK_IDENTIFICADOR [_int]
- 51 TK_ESPECIAL []]
+ 46 TK_ESPECIAL [[]
+ 46 TK_IDENTIFICADOR [brasil]
+ 46 TK_IDENTIFICADOR [_int]
+ 46 TK_ESPECIAL []]
+ 
+ Numero de linhas: 47
Test suite `avaliacao_00.tesh': NOK (<avaliacao_00.tesh:5> output mismatch)
<end of output>
Test time =   0.44 sec
----------------------------------------------------------
Test Failed.
"e1_avaliacao_00" end time: Sep 09 23:27 PDT
"e1_avaliacao_00" time elapsed: 00:00:00
----------------------------------------------------------

2/407 Testing: e1_avaliacao_01
2/407 Test: e1_avaliacao_01
Command: "/usr/bin/perl" "-I" "./tests/scripts" "./tests/scripts/tesh" "/home/alexandre/Desktop/Compiladores/Projeto/build/pc/tests/e1/avaliacao_01.tesh"
Directory: /home/alexandre/Desktop/Compiladores/Projeto/build/pc
"e1_avaliacao_01" start time: Sep 09 23:27 PDT
Output:
----------------------------------------------------------
Unescaped left brace in regex is deprecated, passed through in regex; marked by <-- HERE in m/\${ <-- HERE (\w+)(?::[=-][^}]*)?}/ at ./tests/scripts/tesh line 345.
Test suite `/home/alexandre/Desktop/Compiladores/Projeto/build/pc/tests/e1/avaliacao_01.tesh'
[avaliacao_01.tesh:5] ./main ./tests/e1/input/nivel1.tokens
Output of <avaliacao_01.tesh:5> mismatch:
...
  15 TK_PR_BOOL [bool]
  15 TK_ESPECIAL [{]
- 46 TK_PR_STRING [string]
- 46 TK_PR_CHAR [char]
- 46 TK_ESPECIAL [{]
- 46 TK_PR_FLOAT [float]
- 46 TK_PR_STRING [string]
- 46 TK_ESPECIAL [/]
- 46 TK_PR_RETURN [return]
- 46 TK_PR_OUTPUT [output]
- 46 TK_ESPECIAL [;]
- 46 TK_PR_IF [if]
- 46 TK_PR_RETURN [return]
- 46 TK_ESPECIAL [+]
- 46 TK_ESPECIAL [/]
- 47 TK_PR_STRING [string]
- 47 TK_ESPECIAL [:]
- 47 TK_ESPECIAL [&]
- 47 TK_ESPECIAL [!]
- 47 TK_ESPECIAL [[]
- 47 TK_ESPECIAL [*]
- 47 TK_ESPECIAL [}]
- 47 TK_ESPECIAL [}]
- 47 TK_ESPECIAL [-]
- 47 TK_ESPECIAL [&]
- 47 TK_ESPECIAL [=]
- 47 TK_ESPECIAL [$]
- 47 TK_ESPECIAL [!]
- 47 TK_ESPECIAL [{]
- 47 TK_PR_STRING [string]
- 47 TK_ESPECIAL [[]
- 47 TK_ESPECIAL [[]
- 47 TK_ESPECIAL [;]
- 47 TK_ESPECIAL [:]
- 47 TK_ESPECIAL [-]
- 47 TK_PR_INT [int]
- 47 TK_ESPECIAL [<]
- 47 TK_ESPECIAL [!]
- 47 TK_PR_DO [do]
- 47 TK_ESPECIAL [;]
- 47 TK_PR_BOOL [bool]
- 47 TK_ESPECIAL [[]
- 47 TK_ESPECIAL [=]
- 47 TK_ESPECIAL [!]
- 47 TK_ESPECIAL [{]
- 47 TK_ESPECIAL [>]
- 48 TK_PR_STRING [string]
- 48 TK_ESPECIAL [:]
- 48 TK_ESPECIAL [,]
- 48 TK_PR_STRING [string]
- 48 TK_ESPECIAL [!]
- 48 TK_PR_THEN [then]
- 48 TK_ESPECIAL [{]
- 48 TK_PR_INPUT [input]
- 48 TK_PR_INPUT [input]
- 48 TK_PR_INT [int]
- 48 TK_ESPECIAL [:]
- 48 TK_PR_INT [int]
- 48 TK_ESPECIAL [=]
- 48 TK_PR_FLOAT [float]
- 49 TK_PR_STRING [string]
- 49 TK_ESPECIAL [*]
- 49 TK_ESPECIAL [<]
- 49 TK_ESPECIAL [$]
- 49 TK_ESPECIAL [=]
- 49 TK_PR_DO [do]
- 49 TK_ESPECIAL [}]
- 49 TK_ESPECIAL [$]
- 49 TK_ESPECIAL []]
- 49 TK_ESPECIAL [*]
- 49 TK_ESPECIAL []]
- 49 TK_PR_IF [if]
- 49 TK_PR_INPUT [input]
- 49 TK_ESPECIAL [$]
- 49 TK_ESPECIAL []]
- 49 TK_ESPECIAL [[]
- 49 TK_PR_STRING [string]
- 49 TK_ESPECIAL []]
- 49 TK_ESPECIAL [;]
- 49 TK_ESPECIAL [,]
- 49 TK_ESPECIAL [-]
- 49 TK_PR_RETURN [return]
- 49 TK_ESPECIAL [+]
- 49 TK_ESPECIAL [,]
- 49 TK_PR_INPUT [input]
- 49 TK_ESPECIAL [:]
- 50 TK_PR_THEN [then]
- 50 TK_PR_RETURN [return]
- 50 TK_PR_OUTPUT [output]
- 50 TK_ESPECIAL [<]
- 50 TK_ESPECIAL [(]
- 50 TK_ESPECIAL [/]
- 50 TK_ESPECIAL [[]
- 50 TK_ESPECIAL [[]
- 50 TK_PR_RETURN [return]
- 50 TK_ESPECIAL [*]
- 50 TK_PR_DO [do]
- 50 TK_ESPECIAL [}]
- 50 TK_PR_BOOL [bool]
- 50 TK_PR_BOOL [bool]
- 50 TK_ESPECIAL [+]
- 50 TK_ESPECIAL [*]
- 50 TK_PR_THEN [then]
- 51 TK_ESPECIAL [=]
- 51 TK_ESPECIAL [*]
- 51 TK_PR_CHAR [char]
- 51 TK_PR_RETURN [return]
- 51 TK_ESPECIAL [!]
- 51 TK_ESPECIAL [>]
- 51 TK_ESPECIAL [(]
- 51 TK_ESPECIAL []]
- 51 TK_ESPECIAL [}]
- 51 TK_ESPECIAL [[]
- 51 TK_PR_INT [int]
- 51 TK_PR_ELSE [else]
- 51 TK_ESPECIAL [{]
- 51 TK_ESPECIAL [/]
- 51 TK_PR_STRING [string]
- 51 TK_ESPECIAL [>]
- 51 TK_PR_RETURN [return]
- 51 TK_ESPECIAL [,]
- 51 TK_ESPECIAL [*]
- 51 TK_ESPECIAL [>]
- 51 TK_ESPECIAL [:]
- 52 TK_PR_BOOL [bool]
- 52 TK_ESPECIAL [=]
- 52 TK_PR_INT [int]
- 52 TK_ESPECIAL []]
- 52 TK_ESPECIAL [-]
- 52 TK_OC_AND [&&]
- 52 TK_ESPECIAL [(]
- 52 TK_ESPECIAL [>]
- 52 TK_ESPECIAL []]
- 52 TK_ESPECIAL [>]
- 52 TK_ESPECIAL [+]
- 52 TK_PR_CHAR [char]
- 52 TK_ESPECIAL [-]
- 52 TK_ESPECIAL [,]
- 52 TK_ESPECIAL [{]
- 52 TK_ESPECIAL [)]
- 52 TK_ESPECIAL [/]
- 52 TK_ESPECIAL [:]
- 52 TK_ESPECIAL [[]
- 52 TK_ESPECIAL [{]
- 52 TK_ESPECIAL [$]
- 52 TK_PR_OUTPUT [output]
- 52 TK_ESPECIAL [;]
- 52 TK_PR_FLOAT [float]
- 52 TK_ESPECIAL [}]
- 52 TK_PR_OUTPUT [output]
- 52 TK_ESPECIAL [<]
- 52 TK_ESPECIAL [;]
- 53 TK_PR_BOOL [bool]
- 53 TK_PR_STRING [string]
- 53 TK_ESPECIAL [{]
- 53 TK_PR_THEN [then]
- 53 TK_ESPECIAL [)]
- 53 TK_ESPECIAL [!]
- 53 TK_PR_CHAR [char]
- 53 TK_ESPECIAL [&]
- 53 TK_ESPECIAL [*]
- 53 TK_PR_BOOL [bool]
- 53 TK_ESPECIAL [,]
- 53 TK_PR_THEN [then]
- 53 TK_ESPECIAL [-]
- 53 TK_ESPECIAL [)]
- 53 TK_PR_THEN [then]
- 53 TK_ESPECIAL [=]
- 54 TK_PR_DO [do]
- 54 TK_PR_INT [int]
- 54 TK_ESPECIAL [(]
- 54 TK_ESPECIAL [{]
- 54 TK_ESPECIAL [:]
- 54 TK_PR_CHAR [char]
- 54 TK_ESPECIAL [;]
- 54 TK_ESPECIAL [;]
- 54 TK_ESPECIAL [}]
- 54 TK_ESPECIAL [[]
- 54 TK_ESPECIAL [,]
- 54 TK_ESPECIAL [+]
- 54 TK_ESPECIAL [,]
- 54 TK_PR_DO [do]
- 54 TK_ESPECIAL [(]
- 54 TK_ESPECIAL [*]
- 54 TK_ESPECIAL [<]
- 54 TK_ESPECIAL [>]
- 54 TK_ESPECIAL [-]
- 54 TK_ESPECIAL [}]
- 54 TK_ESPECIAL [{]
- 54 TK_ESPECIAL [(]
- 54 TK_PR_INT [int]
- 54 TK_PR_DO [do]
- 54 TK_ESPECIAL [)]
- 55 TK_PR_DO [do]
- 55 TK_ESPECIAL [$]
- 55 TK_PR_DO [do]
- 55 TK_ESPECIAL [)]
- 55 TK_ESPECIAL [/]
- 55 TK_PR_INPUT [input]
- 55 TK_ESPECIAL [/]
- 55 TK_ESPECIAL [{]
- 55 TK_ESPECIAL [!]
- 55 TK_ESPECIAL [}]
- 55 TK_ESPECIAL [=]
- 55 TK_PR_THEN [then]
- 55 TK_PR_STRING [string]
- 55 TK_ESPECIAL [$]
- 55 TK_ESPECIAL [[]
- 55 TK_ESPECIAL [<]
- 55 TK_ESPECIAL [>]
- 55 TK_ESPECIAL [,]
- 55 TK_ESPECIAL [/]
- 55 TK_PR_DO [do]
- 55 TK_PR_DO [do]
- 56 TK_ESPECIAL [*]
- 56 TK_PR_INPUT [input]
- 56 TK_ESPECIAL [>]
- 56 TK_ESPECIAL [$]
- 56 TK_ESPECIAL [*]
- 56 TK_PR_STRING [string]
- 56 TK_PR_FLOAT [float]
- 56 TK_PR_CHAR [char]
- 56 TK_PR_BOOL [bool]
- 56 TK_ESPECIAL [$]
- 56 TK_ESPECIAL [/]
- 56 TK_ESPECIAL [{]
- 56 TK_PR_BOOL [bool]
- 56 TK_ESPECIAL [{]
- 57 TK_PR_FLOAT [float]
- 57 TK_ESPECIAL [-]
- 57 TK_PR_BOOL [bool]
- 57 TK_ESPECIAL [{]
- 57 TK_PR_STRING [string]
- 57 TK_PR_CHAR [char]
- 57 TK_ESPECIAL []]
- 57 TK_ESPECIAL [[]
- 57 TK_ESPECIAL [)]
- 57 TK_ESPECIAL [}]
- 57 TK_ESPECIAL [>]
- 57 TK_PR_THEN [then]
- 57 TK_ESPECIAL [/]
- 57 TK_ESPECIAL [:]
- 57 TK_PR_THEN [then]
- 57 TK_PR_INPUT [input]
- 58 TK_PR_FLOAT [float]
- 58 TK_PR_IF [if]
- 58 TK_ESPECIAL [,]
- 58 TK_PR_RETURN [return]
- 58 TK_ESPECIAL [/]
- 58 TK_ESPECIAL [{]
- 58 TK_PR_IF [if]
- 58 TK_ESPECIAL [(]
- 58 TK_ESPECIAL [!]
- 58 TK_ESPECIAL [}]
- 58 TK_ESPECIAL [=]
- 58 TK_ESPECIAL [/]
- 58 TK_ESPECIAL [&]
- 58 TK_ESPECIAL [{]
- 58 TK_PR_RETURN [return]
- 58 TK_ESPECIAL [:]
- 58 TK_ESPECIAL []]
- 58 TK_ESPECIAL [(]
- 58 TK_PR_STRING [string]
- 58 TK_ESPECIAL [+]
- 58 TK_PR_FLOAT [float]
- 58 TK_ESPECIAL []]
- 58 TK_ESPECIAL [/]
- 58 TK_ESPECIAL [)]
- 58 TK_ESPECIAL [+]
- 59 TK_PR_STRING [string]
- 59 TK_ESPECIAL [=]
- 59 TK_PR_ELSE [else]
- 59 TK_PR_STRING [string]
- 59 TK_ESPECIAL [<]
- 59 TK_ESPECIAL [>]
- 59 TK_PR_STRING [string]
- 59 TK_PR_FLOAT [float]
- 59 TK_PR_INPUT [input]
- 59 TK_ESPECIAL [&]
- 59 TK_ESPECIAL [(]
- 59 TK_ESPECIAL [:]
- 59 TK_ESPECIAL [;]
- 59 TK_ESPECIAL [*]
+ 31 TK_PR_STRING [string]
+ 31 TK_PR_CHAR [char]
+ 31 TK_ESPECIAL [{]
+ 31 TK_PR_FLOAT [float]
+ 31 TK_PR_STRING [string]
+ 31 TK_ESPECIAL [/]
+ 31 TK_PR_RETURN [return]
+ 31 TK_PR_OUTPUT [output]
+ 31 TK_ESPECIAL [;]
+ 31 TK_PR_IF [if]
+ 31 TK_PR_RETURN [return]
+ 31 TK_ESPECIAL [+]
+ 31 TK_ESPECIAL [/]
+ 32 TK_PR_STRING [string]
+ 32 TK_ESPECIAL [:]
+ 32 TK_ESPECIAL [&]
+ 32 TK_ESPECIAL [!]
+ 32 TK_ESPECIAL [[]
+ 32 TK_ESPECIAL [*]
+ 32 TK_ESPECIAL [}]
+ 32 TK_ESPECIAL [}]
+ 32 TK_ESPECIAL [-]
+ 32 TK_ESPECIAL [&]
+ 32 TK_ESPECIAL [=]
+ 32 TK_ESPECIAL [$]
+ 32 TK_ESPECIAL [!]
+ 32 TK_ESPECIAL [{]
+ 32 TK_PR_STRING [string]
+ 32 TK_ESPECIAL [[]
+ 32 TK_ESPECIAL [[]
+ 32 TK_ESPECIAL [;]
+ 32 TK_ESPECIAL [:]
+ 32 TK_ESPECIAL [-]
+ 32 TK_PR_INT [int]
+ 32 TK_ESPECIAL [<]
+ 32 TK_ESPECIAL [!]
+ 32 TK_PR_DO [do]
+ 32 TK_ESPECIAL [;]
+ 32 TK_PR_BOOL [bool]
+ 32 TK_ESPECIAL [[]
+ 32 TK_ESPECIAL [=]
+ 32 TK_ESPECIAL [!]
+ 32 TK_ESPECIAL [{]
+ 32 TK_ESPECIAL [>]
+ 33 TK_PR_STRING [string]
+ 33 TK_ESPECIAL [:]
+ 33 TK_ESPECIAL [,]
+ 33 TK_PR_STRING [string]
+ 33 TK_ESPECIAL [!]
+ 33 TK_PR_THEN [then]
+ 33 TK_ESPECIAL [{]
+ 33 TK_PR_INPUT [input]
+ 33 TK_PR_INPUT [input]
+ 33 TK_PR_INT [int]
+ 33 TK_ESPECIAL [:]
+ 33 TK_PR_INT [int]
+ 33 TK_ESPECIAL [=]
+ 33 TK_PR_FLOAT [float]
+ 34 TK_PR_STRING [string]
+ 34 TK_ESPECIAL [*]
+ 34 TK_ESPECIAL [<]
+ 34 TK_ESPECIAL [$]
+ 34 TK_ESPECIAL [=]
+ 34 TK_PR_DO [do]
+ 34 TK_ESPECIAL [}]
+ 34 TK_ESPECIAL [$]
+ 34 TK_ESPECIAL []]
+ 34 TK_ESPECIAL [*]
+ 34 TK_ESPECIAL []]
+ 34 TK_PR_IF [if]
+ 34 TK_PR_INPUT [input]
+ 34 TK_ESPECIAL [$]
+ 34 TK_ESPECIAL []]
+ 34 TK_ESPECIAL [[]
+ 34 TK_PR_STRING [string]
+ 34 TK_ESPECIAL []]
+ 34 TK_ESPECIAL [;]
+ 34 TK_ESPECIAL [,]
+ 34 TK_ESPECIAL [-]
+ 34 TK_PR_RETURN [return]
+ 34 TK_ESPECIAL [+]
+ 34 TK_ESPECIAL [,]
+ 34 TK_PR_INPUT [input]
+ 34 TK_ESPECIAL [:]
+ 35 TK_PR_THEN [then]
+ 35 TK_PR_RETURN [return]
+ 35 TK_PR_OUTPUT [output]
+ 35 TK_ESPECIAL [<]
+ 35 TK_ESPECIAL [(]
+ 35 TK_ESPECIAL [/]
+ 35 TK_ESPECIAL [[]
+ 35 TK_ESPECIAL [[]
+ 35 TK_PR_RETURN [return]
+ 35 TK_ESPECIAL [*]
+ 35 TK_PR_DO [do]
+ 35 TK_ESPECIAL [}]
+ 35 TK_PR_BOOL [bool]
+ 35 TK_PR_BOOL [bool]
+ 35 TK_ESPECIAL [+]
+ 35 TK_ESPECIAL [*]
+ 35 TK_PR_THEN [then]
+ 36 TK_ESPECIAL [=]
+ 36 TK_ESPECIAL [*]
+ 36 TK_PR_CHAR [char]
+ 36 TK_PR_RETURN [return]
+ 36 TK_ESPECIAL [!]
+ 36 TK_ESPECIAL [>]
+ 36 TK_ESPECIAL [(]
+ 36 TK_ESPECIAL []]
+ 36 TK_ESPECIAL [}]
+ 36 TK_ESPECIAL [[]
+ 36 TK_PR_INT [int]
+ 36 TK_PR_ELSE [else]
+ 36 TK_ESPECIAL [{]
+ 36 TK_ESPECIAL [/]
+ 36 TK_PR_STRING [string]
+ 36 TK_ESPECIAL [>]
+ 36 TK_PR_RETURN [return]
+ 36 TK_ESPECIAL [,]
+ 36 TK_ESPECIAL [*]
+ 36 TK_ESPECIAL [>]
+ 36 TK_ESPECIAL [:]
+ 37 TK_PR_BOOL [bool]
+ 37 TK_ESPECIAL [=]
+ 37 TK_PR_INT [int]
+ 37 TK_ESPECIAL []]
+ 37 TK_ESPECIAL [-]
+ 37 TK_OC_AND [&&]
+ 37 TK_ESPECIAL [(]
+ 37 TK_ESPECIAL [>]
+ 37 TK_ESPECIAL []]
+ 37 TK_ESPECIAL [>]
+ 37 TK_ESPECIAL [+]
+ 37 TK_PR_CHAR [char]
+ 37 TK_ESPECIAL [-]
+ 37 TK_ESPECIAL [,]
+ 37 TK_ESPECIAL [{]
+ 37 TK_ESPECIAL [)]
+ 37 TK_ESPECIAL [/]
+ 37 TK_ESPECIAL [:]
+ 37 TK_ESPECIAL [[]
+ 37 TK_ESPECIAL [{]
+ 37 TK_ESPECIAL [$]
+ 37 TK_PR_OUTPUT [output]
+ 37 TK_ESPECIAL [;]
+ 37 TK_PR_FLOAT [float]
+ 37 TK_ESPECIAL [}]
+ 37 TK_PR_OUTPUT [output]
+ 37 TK_ESPECIAL [<]
+ 37 TK_ESPECIAL [;]
+ 38 TK_PR_BOOL [bool]
+ 38 TK_PR_STRING [string]
+ 38 TK_ESPECIAL [{]
+ 38 TK_PR_THEN [then]
+ 38 TK_ESPECIAL [)]
+ 38 TK_ESPECIAL [!]
+ 38 TK_PR_CHAR [char]
+ 38 TK_ESPECIAL [&]
+ 38 TK_ESPECIAL [*]
+ 38 TK_PR_BOOL [bool]
+ 38 TK_ESPECIAL [,]
+ 38 TK_PR_THEN [then]
+ 38 TK_ESPECIAL [-]
+ 38 TK_ESPECIAL [)]
+ 38 TK_PR_THEN [then]
+ 38 TK_ESPECIAL [=]
+ 39 TK_PR_DO [do]
+ 39 TK_PR_INT [int]
+ 39 TK_ESPECIAL [(]
+ 39 TK_ESPECIAL [{]
+ 39 TK_ESPECIAL [:]
+ 39 TK_PR_CHAR [char]
+ 39 TK_ESPECIAL [;]
+ 39 TK_ESPECIAL [;]
+ 39 TK_ESPECIAL [}]
+ 39 TK_ESPECIAL [[]
+ 39 TK_ESPECIAL [,]
+ 39 TK_ESPECIAL [+]
+ 39 TK_ESPECIAL [,]
+ 39 TK_PR_DO [do]
+ 39 TK_ESPECIAL [(]
+ 39 TK_ESPECIAL [*]
+ 39 TK_ESPECIAL [<]
+ 39 TK_ESPECIAL [>]
+ 39 TK_ESPECIAL [-]
+ 39 TK_ESPECIAL [}]
+ 39 TK_ESPECIAL [{]
+ 39 TK_ESPECIAL [(]
+ 39 TK_PR_INT [int]
+ 39 TK_PR_DO [do]
+ 39 TK_ESPECIAL [)]
+ 40 TK_PR_DO [do]
+ 40 TK_ESPECIAL [$]
+ 40 TK_PR_DO [do]
+ 40 TK_ESPECIAL [)]
+ 40 TK_ESPECIAL [/]
+ 40 TK_PR_INPUT [input]
+ 40 TK_ESPECIAL [/]
+ 40 TK_ESPECIAL [{]
+ 40 TK_ESPECIAL [!]
+ 40 TK_ESPECIAL [}]
+ 40 TK_ESPECIAL [=]
+ 40 TK_PR_THEN [then]
+ 40 TK_PR_STRING [string]
+ 40 TK_ESPECIAL [$]
+ 40 TK_ESPECIAL [[]
+ 40 TK_ESPECIAL [<]
+ 40 TK_ESPECIAL [>]
+ 40 TK_ESPECIAL [,]
+ 40 TK_ESPECIAL [/]
+ 40 TK_PR_DO [do]
+ 40 TK_PR_DO [do]
+ 41 TK_ESPECIAL [*]
+ 41 TK_PR_INPUT [input]
+ 41 TK_ESPECIAL [>]
+ 41 TK_ESPECIAL [$]
+ 41 TK_ESPECIAL [*]
+ 41 TK_PR_STRING [string]
+ 41 TK_PR_FLOAT [float]
+ 41 TK_PR_CHAR [char]
+ 41 TK_PR_BOOL [bool]
+ 41 TK_ESPECIAL [$]
+ 41 TK_ESPECIAL [/]
+ 41 TK_ESPECIAL [{]
+ 41 TK_PR_BOOL [bool]
+ 41 TK_ESPECIAL [{]
+ 42 TK_PR_FLOAT [float]
+ 42 TK_ESPECIAL [-]
+ 42 TK_PR_BOOL [bool]
+ 42 TK_ESPECIAL [{]
+ 42 TK_PR_STRING [string]
+ 42 TK_PR_CHAR [char]
+ 42 TK_ESPECIAL []]
+ 42 TK_ESPECIAL [[]
+ 42 TK_ESPECIAL [)]
+ 42 TK_ESPECIAL [}]
+ 42 TK_ESPECIAL [>]
+ 42 TK_PR_THEN [then]
+ 42 TK_ESPECIAL [/]
+ 42 TK_ESPECIAL [:]
+ 42 TK_PR_THEN [then]
+ 42 TK_PR_INPUT [input]
+ 43 TK_PR_FLOAT [float]
+ 43 TK_PR_IF [if]
+ 43 TK_ESPECIAL [,]
+ 43 TK_PR_RETURN [return]
+ 43 TK_ESPECIAL [/]
+ 43 TK_ESPECIAL [{]
+ 43 TK_PR_IF [if]
+ 43 TK_ESPECIAL [(]
+ 43 TK_ESPECIAL [!]
+ 43 TK_ESPECIAL [}]
+ 43 TK_ESPECIAL [=]
+ 43 TK_ESPECIAL [/]
+ 43 TK_ESPECIAL [&]
+ 43 TK_ESPECIAL [{]
+ 43 TK_PR_RETURN [return]
+ 43 TK_ESPECIAL [:]
+ 43 TK_ESPECIAL []]
+ 43 TK_ESPECIAL [(]
+ 43 TK_PR_STRING [string]
+ 43 TK_ESPECIAL [+]
+ 43 TK_PR_FLOAT [float]
+ 43 TK_ESPECIAL []]
+ 43 TK_ESPECIAL [/]
+ 43 TK_ESPECIAL [)]
+ 43 TK_ESPECIAL [+]
+ 44 TK_PR_STRING [string]
+ 44 TK_ESPECIAL [=]
+ 44 TK_PR_ELSE [else]
+ 44 TK_PR_STRING [string]
+ 44 TK_ESPECIAL [<]
+ 44 TK_ESPECIAL [>]
+ 44 TK_PR_STRING [string]
+ 44 TK_PR_FLOAT [float]
+ 44 TK_PR_INPUT [input]
+ 44 TK_ESPECIAL [&]
+ 44 TK_ESPECIAL [(]
+ 44 TK_ESPECIAL [:]
+ 44 TK_ESPECIAL [;]
+ 44 TK_ESPECIAL [*]
+ 
+ Numero de linhas: 45
Test suite `avaliacao_01.tesh': NOK (<avaliacao_01.tesh:5> output mismatch)
<end of output>
Test time =   0.18 sec
----------------------------------------------------------
Test Failed.
"e1_avaliacao_01" end time: Sep 09 23:27 PDT
"e1_avaliacao_01" time elapsed: 00:00:00
----------------------------------------------------------

3/407 Testing: e1_avaliacao_02
3/407 Test: e1_avaliacao_02
Command: "/usr/bin/perl" "-I" "./tests/scripts" "./tests/scripts/tesh" "/home/alexandre/Desktop/Compiladores/Projeto/build/pc/tests/e1/avaliacao_02.tesh"
Directory: /home/alexandre/Desktop/Compiladores/Projeto/build/pc
"e1_avaliacao_02" start time: Sep 09 23:27 PDT
Output:
----------------------------------------------------------
Unescaped left brace in regex is deprecated, passed through in regex; marked by <-- HERE in m/\${ <-- HERE (\w+)(?::[=-][^}]*)?}/ at ./tests/scripts/tesh line 345.
Test suite `/home/alexandre/Desktop/Compiladores/Projeto/build/pc/tests/e1/avaliacao_02.tesh'
[avaliacao_02.tesh:5] ./main ./tests/e1/input/nivel2.tokens
Output of <avaliacao_02.tesh:5> mismatch:
  1 TK_PR_BOOL [bool]
  1 TK_LIT_STRING ["7uc if  then uHpf8 float iRCk"]
- 1 TK_LIT_CHAR [',']
- 1 TK_LIT_CHAR ['!']
+ 1 TOKEN_ERRO [']
+ 1 TK_ESPECIAL [,]
+ 1 TOKEN_ERRO [']
+ 1 TOKEN_ERRO [']
+ 1 TK_ESPECIAL [!]
+ 1 TOKEN_ERRO [']
  1 TK_ESPECIAL [*]
  1 TK_LIT_CHAR ['d']
...
  2 TK_ESPECIAL [-]
  2 TK_LIT_FLOAT [96.6994641]
- 2 TK_LIT_CHAR ['*']
+ 2 TOKEN_ERRO [']
+ 2 TK_ESPECIAL [*]
+ 2 TOKEN_ERRO [']
  2 TK_ESPECIAL [-]
  2 TK_LIT_INT [8336]
...
  3 TK_ESPECIAL [,]
  3 TK_LIT_INT [4084242]
- 3 TK_LIT_CHAR ['=']
+ 3 TOKEN_ERRO [']
+ 3 TK_ESPECIAL [=]
+ 3 TOKEN_ERRO [']
  3 TK_LIT_INT [93829]
  3 TK_LIT_INT [6463130]
...
  9 TK_ESPECIAL [[]
  9 TK_ESPECIAL [>]
- 9 TK_LIT_CHAR [':']
+ 9 TOKEN_ERRO [']
+ 9 TK_ESPECIAL [:]
+ 9 TOKEN_ERRO [']
  9 TK_ESPECIAL [-]
  9 TK_LIT_INT [74499494]
  9 TK_ESPECIAL [-]
  9 TK_LIT_INT [74499494]
- 9 TK_LIT_CHAR ['[']
+ 9 TOKEN_ERRO [']
+ 9 TK_ESPECIAL [[]
+ 9 TOKEN_ERRO [']
  9 TK_ESPECIAL [-]
  9 TK_ESPECIAL [-]
...
  10 TK_ESPECIAL [-]
  10 TK_LIT_FLOAT [81029.696169700]
- 10 TK_LIT_CHAR [']']
+ 10 TOKEN_ERRO [']
+ 10 TK_ESPECIAL []]
+ 10 TOKEN_ERRO [']
  10 TK_ESPECIAL [>]
  11 TK_IDENTIFICADOR [_YKOIOeIBGHC6uUPcgTNuja6tidVQ6nun3bR7bYwUEoNMEiBxPoFO_yGK5zA1EvTvXw4KLYjtpQBvhuXAx_IzU]
...
  11 TK_ESPECIAL [>]
  11 TK_LIT_CHAR ['Y']
- 11 TK_LIT_CHAR [',']
+ 11 TOKEN_ERRO [']
+ 11 TK_ESPECIAL [,]
+ 11 TOKEN_ERRO [']
  12 TK_PR_THEN [then]
  12 TK_LIT_FLOAT [515.1]
...
  19 TK_IDENTIFICADOR [_qLzh8lGvQJvgrx_d86AtLaRX3UgUnWVt33CAjdnkkognjVYsnT3_HgOyqO4GOsJSbiXlW9h8YyJ0c7ZeNve]
  19 TK_LIT_INT [7165306]
- 19 TK_LIT_CHAR ['>']
+ 19 TOKEN_ERRO [']
+ 19 TK_ESPECIAL [>]
+ 19 TOKEN_ERRO [']
  19 TK_PR_ELSE [else]
  19 TK_ESPECIAL [-]
...
  26 TK_IDENTIFICADOR [_____eWrzV2N0QtY]
  26 TK_ESPECIAL [[]
- 26 TK_LIT_CHAR ['[']
+ 26 TOKEN_ERRO [']
+ 26 TK_ESPECIAL [[]
+ 26 TOKEN_ERRO [']
  26 TK_ESPECIAL [-]
  26 TK_LIT_FLOAT [9207608783.5897040]
...
  29 TK_PR_WHILE [while]
  29 TK_ESPECIAL [[]
- 29 TK_LIT_CHAR [']']
+ 29 TOKEN_ERRO [']
+ 29 TK_ESPECIAL []]
+ 29 TOKEN_ERRO [']
  29 TK_LIT_INT [34152254]
  29 TK_PR_CHAR [char]
...
  30 TK_ESPECIAL [=]
  30 TK_LIT_CHAR ['2']
- 30 TK_LIT_CHAR ['$']
+ 30 TOKEN_ERRO [']
+ 30 TK_ESPECIAL [$]
+ 30 TOKEN_ERRO [']
  30 TK_LIT_FLOAT [8999495.11306]
  30 TK_LIT_FLOAT [8999495.11306]
- 30 TK_LIT_CHAR ['&']
+ 30 TOKEN_ERRO [']
+ 30 TK_ESPECIAL [&]
+ 30 TOKEN_ERRO [']
  30 TK_LIT_FLOAT [8590.164]
  30 TK_PR_INPUT [input]
...
  36 TK_LIT_STRING ["uV||>=upVNz$ input m return Y8 =  return weVd9{_GwSFqBK /  - O"]
  36 TK_ESPECIAL [+]
- 36 TK_LIT_CHAR ['+']
+ 36 TOKEN_ERRO [']
+ 36 TK_ESPECIAL [+]
+ 36 TOKEN_ERRO [']
  36 TK_PR_ELSE [else]
  36 TK_LIT_FLOAT [1501.71772]
...
  37 TK_ESPECIAL [-]
  37 TK_LIT_STRING ["S do d3O if 79B7Hlny||caW input _"]
- 37 TK_LIT_CHAR ['-']
+ 37 TOKEN_ERRO [']
+ 37 TK_ESPECIAL [-]
+ 37 TOKEN_ERRO [']
  37 TK_LIT_INT [01749462]
  37 TK_LIT_INT [01749462]
- 38 TK_LIT_CHAR [']']
- 38 TK_LIT_CHAR ['[']
+ 38 TOKEN_ERRO [']
+ 38 TK_ESPECIAL []]
+ 38 TOKEN_ERRO [']
+ 38 TOKEN_ERRO [']
+ 38 TK_ESPECIAL [[]
+ 38 TOKEN_ERRO [']
  39 TK_IDENTIFICADOR [__uzdFZXwV7hlENrIGqjrOkyovZSliiAa5bXpXyhiw8acrdoDf9KCSGHAhXqzKyu0j1o6FFouU8dyQlOm0OC7Uiqj05rwApZqp]
  39 TK_ESPECIAL [=]
...
  41 TK_PR_ELSE [else]
  41 TK_LIT_INT [62778654]
- 41 TK_LIT_CHAR ['$']
+ 41 TOKEN_ERRO [']
+ 41 TK_ESPECIAL [$]
+ 41 TOKEN_ERRO [']
  42 TK_IDENTIFICADOR [_wyXBWiOGzd]
  42 TK_ESPECIAL [-]
...
  44 TK_ESPECIAL [}]
  45 TK_IDENTIFICADOR [_Z40kcaNosyMt6_6e00x7WCPB2Vp8PahMsiw]
- 45 TK_LIT_CHAR ['>']
+ 45 TOKEN_ERRO [']
+ 45 TK_ESPECIAL [>]
+ 45 TOKEN_ERRO [']
  45 TK_PR_BOOL [bool]
  45 TK_LIT_FLOAT [195.3]
...
  48 TK_LIT_STRING ["O> string w1z else E:]Nc"]
  48 TK_ESPECIAL [,]
- 48 TK_LIT_CHAR ['+']
+ 48 TOKEN_ERRO [']
+ 48 TK_ESPECIAL [+]
+ 48 TOKEN_ERRO [']
  48 TK_ESPECIAL [:]
  48 TK_IDENTIFICADOR [_CoDI614Y]
...
  48 TK_IDENTIFICADOR [_CoDI614Y]
  48 TK_PR_ELSE [else]
- 48 TK_LIT_CHAR ['/']
+ 48 TOKEN_ERRO [']
+ 48 TK_ESPECIAL [/]
+ 48 TOKEN_ERRO [']
  48 TK_ESPECIAL [;]
  48 TK_LIT_CHAR ['O']
...
  50 TK_ESPECIAL [+]
  50 TK_ESPECIAL [&]
- 50 TK_LIT_CHAR ['-']
+ 50 TOKEN_ERRO [']
+ 50 TK_ESPECIAL [-]
+ 50 TOKEN_ERRO [']
  51 TK_LIT_STRING ["l_ char  do dj int t while {==, char  /  while  do ||,Fq,"]
  51 TK_LIT_STRING ["PCf string 8<=KG1i"]
...
  56 TK_LIT_CHAR ['a']
  56 TK_ESPECIAL [=]
- 56 TK_LIT_CHAR ['$']
+ 56 TOKEN_ERRO [']
+ 56 TK_ESPECIAL [$]
+ 56 TOKEN_ERRO [']
  56 TK_ESPECIAL [&]
  56 TK_LIT_CHAR ['i']
...
  60 TK_LIT_STRING ["23Mt input ;, then d4v"]
  60 TK_ESPECIAL [,]
- 60 TK_LIT_CHAR ['=']
+ 60 TOKEN_ERRO [']
+ 60 TK_ESPECIAL [=]
+ 60 TOKEN_ERRO [']
  60 TK_PR_INT [int]
  61 TK_IDENTIFICADOR [_____VfmCtXUN4RP8pxvgSdDCM57Lq14jFQVpJIbBD1pr1LjmRox8vqFYk5Z1Oo5EG9sL]
...
  66 TK_IDENTIFICADOR [_____UTI6SpbILHKM0mNKKBpaFiehE4MfnWHexIC_8o9gwTNyCaDKI]
  66 TK_PR_STRING [string]
- 66 TK_LIT_CHAR ['/']
+ 66 TOKEN_ERRO [']
+ 66 TK_ESPECIAL [/]
+ 66 TOKEN_ERRO [']
  66 TK_IDENTIFICADOR [____gM9Dnh3ptlma2GFafH6qfCJjQ]
  66 TK_LIT_INT [638]
...
  67 TK_LIT_FLOAT [9425.49]
  67 TK_LIT_STRING [" - F int cx_ / 4F = P< then A{UMl then iO! string  int _>"]
- 67 TK_LIT_CHAR [',']
+ 67 TOKEN_ERRO [']
+ 67 TK_ESPECIAL [,]
+ 67 TOKEN_ERRO [']
  68 TK_LIT_FLOAT [1992.6170468]
  68 TK_PR_DO [do]
...
  71 TK_ESPECIAL [-]
  71 TK_LIT_INT [6212694]
- 71 TK_LIT_CHAR ['(']
+ 71 TOKEN_ERRO [']
+ 71 TK_ESPECIAL [(]
+ 71 TOKEN_ERRO [']
  71 TK_LIT_FLOAT [0448.6537990]
  71 TK_ESPECIAL [$]
...
  71 TK_ESPECIAL [-]
  71 TK_LIT_FLOAT [9786038.00036]
- 71 TK_LIT_CHAR [';']
+ 71 TOKEN_ERRO [']
+ 71 TK_ESPECIAL [;]
+ 71 TOKEN_ERRO [']
  72 TK_LIT_STRING ["&& do &z||F} while "]
  72 TK_LIT_STRING ["KT if Z do 0< - N; float Ga{w& while M"]
...
  76 TK_PR_OUTPUT [output]
  76 TK_IDENTIFICADOR [___Iwe4nwefp4FNkJnCsXqudwX50iGEHcKxI]
- 76 TK_LIT_CHAR ['/']
+ 76 TOKEN_ERRO [']
+ 76 TK_ESPECIAL [/]
+ 76 TOKEN_ERRO [']
  76 TK_LIT_CHAR ['k']
  76 TK_LIT_CHAR ['k']
- 76 TK_LIT_CHAR [',']
+ 76 TOKEN_ERRO [']
+ 76 TK_ESPECIAL [,]
+ 76 TOKEN_ERRO [']
  76 TK_ESPECIAL []]
  77 TK_ESPECIAL [-]
...
  77 TK_LIT_INT [962401695]
  77 TK_LIT_FLOAT [08.4198786256]
- 77 TK_LIT_CHAR ['<']
+ 77 TOKEN_ERRO [']
+ 77 TK_ESPECIAL [<]
+ 77 TOKEN_ERRO [']
  77 TK_ESPECIAL [,]
  77 TK_LIT_CHAR ['y']
  77 TK_ESPECIAL [,]
  77 TK_LIT_CHAR ['y']
- 77 TK_LIT_CHAR [']']
- 77 TK_LIT_CHAR [')']
+ 77 TOKEN_ERRO [']
+ 77 TK_ESPECIAL []]
+ 77 TOKEN_ERRO [']
+ 77 TOKEN_ERRO [']
+ 77 TK_ESPECIAL [)]
+ 77 TOKEN_ERRO [']
  77 TK_LIT_FLOAT [339911.5216555]
  78 TK_LIT_CHAR ['6']
...
  81 TK_ESPECIAL [(]
  82 TK_LIT_STRING [" while f"]
- 82 TK_LIT_CHAR ['=']
+ 82 TOKEN_ERRO [']
+ 82 TK_ESPECIAL [=]
+ 82 TOKEN_ERRO [']
  82 TK_LIT_CHAR ['o']
  82 TK_IDENTIFICADOR [___input]
...
  83 TK_ESPECIAL [-]
  83 TK_LIT_INT [0802367690]
- 83 TK_LIT_CHAR ['}']
+ 83 TOKEN_ERRO [']
+ 83 TK_ESPECIAL [}]
+ 83 TOKEN_ERRO [']
  83 TK_ESPECIAL [(]
  83 TK_PR_INT [int]
...
  86 TK_PR_OUTPUT [output]
  86 TK_PR_THEN [then]
- 86 TK_LIT_CHAR ['!']
+ 86 TOKEN_ERRO [']
+ 86 TK_ESPECIAL [!]
+ 86 TOKEN_ERRO [']
  86 TK_LIT_INT [02]
  86 TK_LIT_FLOAT [61.4608]
...
  88 TK_PR_INPUT [input]
  88 TK_IDENTIFICADOR [__ritdy2vCQ7wuMmF5PfJ4szGsOfNcuo]
- 88 TK_LIT_CHAR [':']
+ 88 TOKEN_ERRO [']
+ 88 TK_ESPECIAL [:]
+ 88 TOKEN_ERRO [']
  89 TK_LIT_CHAR ['K']
  89 TK_LIT_CHAR ['K']
- 89 TK_LIT_CHAR ['(']
+ 89 TOKEN_ERRO [']
+ 89 TK_ESPECIAL [(]
+ 89 TOKEN_ERRO [']
  89 TK_IDENTIFICADOR [__se]
  89 TK_LIT_CHAR ['i']
...
  93 TK_LIT_INT [555758822]
  93 TK_PR_FLOAT [float]
- 93 TK_LIT_CHAR ['-']
+ 93 TOKEN_ERRO [']
+ 93 TK_ESPECIAL [-]
+ 93 TOKEN_ERRO [']
  93 TK_PR_IF [if]
  94 TK_IDENTIFICADOR [__YRbEkOqUczvciWwHGptHQABLmvlBHfhW8SBkX81Cg5ajEQXb90V1mmKX_fjo2H2CdkWiCua4hoBMzAfIRdXWOv5gcI]
...
  96 TK_PR_BOOL [bool]
  96 TK_PR_WHILE [while]
- 96 TK_LIT_CHAR ['}']
+ 96 TOKEN_ERRO [']
+ 96 TK_ESPECIAL [}]
+ 96 TOKEN_ERRO [']
  96 TK_ESPECIAL [/]
  96 TK_ESPECIAL [/]
- 96 TK_LIT_CHAR ['}']
+ 96 TOKEN_ERRO [']
+ 96 TK_ESPECIAL [}]
+ 96 TOKEN_ERRO [']
  97 TK_LIT_STRING ["gtI)Hk bool p1NZ - 5b2hoH> input m!=(l0r output uV5Io,hs<=EPo"]
  97 TK_ESPECIAL [=]
...
  99 TK_LIT_FLOAT [42599.12063925]
  99 TK_LIT_INT [753]
- 99 TK_LIT_CHAR [')']
+ 99 TOKEN_ERRO [']
+ 99 TK_ESPECIAL [)]
+ 99 TOKEN_ERRO [']
  100 TK_LIT_STRING ["Scp+ gF||p& do C>k -  float ==2I_4||Si!=3 else f char b__&R"]
  100 TK_ESPECIAL [{]
...
  106 TK_LIT_FLOAT [223144.9]
  107 TK_LIT_STRING ["; string 8V string n2Dr! - ||{51} else q)98_ then whCRG3_73G&& / >XOxg char huTOt"]
- 107 TK_LIT_CHAR [']']
+ 107 TOKEN_ERRO [']
+ 107 TK_ESPECIAL []]
+ 107 TOKEN_ERRO [']
  107 TK_IDENTIFICADOR [__]
  107 TK_LIT_FLOAT [690061.31161]
...
  111 TK_LIT_CHAR ['m']
  111 TK_LIT_FLOAT [724.9639098496]
- 111 TK_LIT_CHAR [';']
+ 111 TOKEN_ERRO [']
+ 111 TK_ESPECIAL [;]
+ 111 TOKEN_ERRO [']
  112 TK_LIT_STRING ["==8 else Y[+ Xm$Cu2<$7U}z1DP do WuL int :g7G bool "]
  112 TK_LIT_STRING ["==8 else Y[+ Xm$Cu2<$7U}z1DP do WuL int :g7G bool "]
- 112 TK_LIT_CHAR [':']
+ 112 TOKEN_ERRO [']
+ 112 TK_ESPECIAL [:]
+ 112 TOKEN_ERRO [']
  112 TK_LIT_CHAR ['A']
  112 TK_LIT_INT [3]
...
  116 TK_LIT_INT [703]
  116 TK_LIT_FLOAT [242581.4]
- 116 TK_LIT_CHAR ['*']
+ 116 TOKEN_ERRO [']
+ 116 TK_ESPECIAL [*]
+ 116 TOKEN_ERRO [']
  116 TK_PR_INT [int]
  116 TK_LIT_STRING ["kC;+ 1lFG] int H_p<brhZ"]
...
  120 TK_ESPECIAL [!]
  120 TK_LIT_CHAR ['Q']
- 120 TK_LIT_CHAR ['/']
+ 120 TOKEN_ERRO [']
+ 120 TK_ESPECIAL [/]
+ 120 TOKEN_ERRO [']
  121 TK_IDENTIFICADOR [____HTOO00thh32DH2abW5BYlJwdrNl1dYQnZEW3kZZOqPHra6hAYlen2M7tXBIm]
  121 TK_ESPECIAL [-]
...
  124 TK_LIT_CHAR ['a']
  124 TK_LIT_INT [6951529574]
- 124 TK_LIT_CHAR ['&']
+ 124 TOKEN_ERRO [']
+ 124 TK_ESPECIAL [&]
+ 124 TOKEN_ERRO [']
  124 TK_ESPECIAL [!]
  124 TK_PR_FLOAT [float]
...
  126 TK_ESPECIAL [-]
  126 TK_LIT_FLOAT [4872072.15352764]
- 126 TK_LIT_CHAR ['}']
+ 126 TOKEN_ERRO [']
+ 126 TK_ESPECIAL [}]
+ 126 TOKEN_ERRO [']
  126 TK_PR_WHILE [while]
  126 TK_ESPECIAL [>]
...
  130 TK_LIT_CHAR ['Q']
  130 TK_ESPECIAL [+]
- 130 TK_LIT_CHAR ['}']
+ 130 TOKEN_ERRO [']
+ 130 TK_ESPECIAL [}]
+ 130 TOKEN_ERRO [']
  130 TK_LIT_FLOAT [4.87572111]
  130 TK_LIT_CHAR ['g']
...
  132 TK_LIT_INT [2083772]
  132 TK_IDENTIFICADOR [__WudhnHNjx0FNmDimiZKsIFRph1W]
- 132 TK_LIT_CHAR [',']
+ 132 TOKEN_ERRO [']
+ 132 TK_ESPECIAL [,]
+ 132 TOKEN_ERRO [']
  132 TK_ESPECIAL [!]
  133 TK_LIT_STRING ["0 input K$aL{Up if <=8{bx float A)<= then he==KXRZ else J"]
...
  136 TK_LIT_FLOAT [11040303.28585602]
  136 TK_LIT_FLOAT [282.64271]
- 136 TK_LIT_CHAR [',']
+ 136 TOKEN_ERRO [']
+ 136 TK_ESPECIAL [,]
+ 136 TOKEN_ERRO [']
  136 TK_PR_RETURN [return]
  136 TK_PR_INPUT [input]
...
  137 TK_PR_RETURN [return]
  137 TK_IDENTIFICADOR [___W6DxbzVnTv7efRaZQz4WE7LWt]
- 137 TK_LIT_CHAR ['}']
+ 137 TOKEN_ERRO [']
+ 137 TK_ESPECIAL [}]
+ 137 TOKEN_ERRO [']
  137 TK_ESPECIAL [-]
  137 TK_LIT_INT [80]
...
  137 TK_ESPECIAL [-]
  137 TK_ESPECIAL [$]
- 138 TK_LIT_CHAR ['=']
+ 138 TOKEN_ERRO [']
+ 138 TK_ESPECIAL [=]
+ 138 TOKEN_ERRO [']
  138 TK_ESPECIAL [)]
  138 TK_ESPECIAL [{]
...
  139 TK_IDENTIFICADOR [___KUabHehhUf8YT1AjWqQafDBo0eGABbLVKdARq7jIH7TFXHxSvA78Rjy1wGscRbUuuu0PiQ6UFC2Xp8QhDJVjv5ZJ3f7]
  139 TK_LIT_STRING ["oj * "]
- 139 TK_LIT_CHAR ['{']
+ 139 TOKEN_ERRO [']
+ 139 TK_ESPECIAL [{]
+ 139 TOKEN_ERRO [']
  139 TK_ESPECIAL [/]
  139 TK_PR_INT [int]
...
  141 TK_ESPECIAL []]
  142 TK_LIT_STRING ["4( input 1L==H43 while PbS5x4 else 1$ULr int p return K = &<73TF4c float  /  = XYd string d"]
- 142 TK_LIT_CHAR ['+']
+ 142 TOKEN_ERRO [']
+ 142 TK_ESPECIAL [+]
+ 142 TOKEN_ERRO [']
  142 TK_LIT_STRING ["G<=DO = }]==, * M+  -  int (Hg$7 char t<a||"]
  143 TK_IDENTIFICADOR [___lMwcmfOI4SfFnFpskCWxVjOuF2vQt7At7PRfow9lZ2FdliLNNhkKzh8wquJTBGLihUkYL8xD8JNM2i77nO2MyWt7]
...
  147 TK_IDENTIFICADOR [__return]
  148 TK_LIT_STRING ["H8q * >=aBuDu7Xim4S+ MaKc char j<=t[ output }I<e$[xMf if LS!= then "]
- 148 TK_LIT_CHAR ['{']
+ 148 TOKEN_ERRO [']
+ 148 TK_ESPECIAL [{]
+ 148 TOKEN_ERRO [']
  148 TK_ESPECIAL [-]
  148 TK_LIT_INT [8]
...
  150 TK_LIT_STRING [" * _4ZHV9ree==KqqBS<=zpMe7U"]
  150 TK_PR_INPUT [input]
- 305 TK_LIT_CHAR [',']
- 305 TK_ESPECIAL [<]
- 305 TK_LIT_FLOAT [677468.19099]
- 305 TK_ESPECIAL [{]
- 305 TK_LIT_FLOAT [65500453.849416]
- 306 TK_IDENTIFICADOR [__WudhnHNjx0FNmDimiZKsIFRph1W]
- 306 TK_LIT_INT [638]
- 306 TK_ESPECIAL [}]
- 306 TK_LIT_CHAR ['i']
- 307 TK_LIT_STRING [" - F int cx_ / 4F = P< then A{UMl then iO! string  int _>"]
- 307 TK_ESPECIAL [-]
- 307 TK_LIT_FLOAT [0160024.502173742]
- 307 TK_LIT_CHAR ['g']
- 307 TK_LIT_INT [7165306]
- 307 TK_PR_DO [do]
- 307 TK_ESPECIAL [-]
- 307 TK_ESPECIAL [}]
- 307 TK_LIT_STRING ["||h / J!= / 9ZJ{("]
- 308 TK_LIT_FLOAT [34164155.139506775]
- 308 TK_LIT_CHAR [']']
- 308 TK_ESPECIAL [$]
- 308 TK_PR_IF [if]
- 308 TK_PR_OUTPUT [output]
- 308 TK_PR_DO [do]
- 308 TK_LIT_STRING ["zGN char uF"]
- 308 TK_ESPECIAL [&]
- 308 TK_PR_ELSE [else]
- 309 TK_LIT_INT [32300]
- 309 TK_LIT_CHAR [']']
- 309 TK_LIT_FLOAT [1406175210.252028]
- 309 TK_ESPECIAL [=]
- 309 TK_LIT_STRING ["<"]
- 310 TK_IDENTIFICADOR [____LikZrNCpE_ZQRI3gam0GfGs2YQcBNRfwLZFUHn_q3TpJo47yRHvULDqYYW_gUxxmjCQXLELWTqnI5fGOlC_nUpdf8Zye]
- 310 TK_PR_OUTPUT [output]
- 310 TK_LIT_CHAR ['Q']
- 310 TK_ESPECIAL [-]
- 310 TK_LIT_FLOAT [21399609.10]
- 310 TK_LIT_FLOAT [869827620.433806]
- 310 TK_ESPECIAL [-]
- 310 TK_ESPECIAL [=]
- 311 TK_ESPECIAL [-]
- 311 TK_LIT_INT [293193100]
- 311 TK_IDENTIFICADOR [_0bKL9ZNqwSnbAOiCw3eUn7YuPGsJSHLy16LD8FRlwpiZIWgOs]
- 311 TK_PR_THEN [then]
- 311 TK_ESPECIAL [,]
- 311 TK_LIT_INT [1001]
- 312 TK_LIT_INT [736889543]
- 312 TK_ESPECIAL [(]
- 312 TK_ESPECIAL [-]
- 312 TK_LIT_INT [7]
- 312 TK_ESPECIAL [-]
- 312 TK_LIT_FLOAT [4280253.335]
- 312 TK_ESPECIAL [<]
- 312 TK_LIT_INT [01749462]
- 313 TK_LIT_STRING ["h int gZ:N<=ki860v+ _5sN&& if Rc<:{2>=R[f4]A9 output A6Y then Vcbk"]
- 313 TK_PR_FLOAT [float]
- 313 TK_IDENTIFICADOR [_]
- 313 TK_ESPECIAL [*]
- 313 TK_LIT_CHAR ['<']
- 313 TK_LIT_INT [9978519]
- 313 TK_ESPECIAL [/]
- 314 TK_LIT_STRING ["j int 02AeI!>ag while !V==w do ==>|| if E if 5iD char  string c&l /  input 0geoiM$:]0G"]
- 315 TK_LIT_STRING [" while Y>r! float xF{ *  * tm3||KRI output tJg while TtOsBVSkaW&& string Cm bool YlH["]
- 315 TK_LIT_CHAR ['g']
- 315 TK_IDENTIFICADOR [__ritdy2vCQ7wuMmF5PfJ4szGsOfNcuo]
- 315 TK_ESPECIAL [[]
- 315 TK_LIT_CHAR ['m']
- 315 TK_PR_OUTPUT [output]
- 315 TK_LIT_CHAR ['n']
- 316 TK_LIT_FLOAT [673602349.708132]
- 316 TK_PR_DO [do]
- 316 TK_ESPECIAL [-]
- 316 TK_LIT_INT [3792060249]
- 316 TK_ESPECIAL [$]
- 316 TK_LIT_STRING [" return Y output zp)DX / b"]
- 316 TK_PR_IF [if]
- 316 TK_ESPECIAL [{]
- 316 TK_PR_BOOL [bool]
- 317 TK_PR_INPUT [input]
- 317 TK_ESPECIAL [$]
- 317 TK_LIT_FLOAT [397164189.93927]
- 317 TK_IDENTIFICADOR [__int]
- 317 TK_ESPECIAL [$]
- 318 TK_LIT_STRING ["> - aqMra||wQf then  char x char q) - VE = >=p6 else &&"]
- 318 TK_LIT_STRING ["Ywau)0 return D1F"]
- 318 TK_ESPECIAL [>]
- 318 TK_LIT_CHAR [':']
- 318 TK_LIT_FLOAT [943253.08]
- 318 TK_ESPECIAL [+]
- 318 TK_ESPECIAL [-]
- 318 TK_LIT_FLOAT [660.737]
- 318 TK_PR_THEN [then]
- 319 TK_LIT_STRING ["G<=DO = }]==, * M+  -  int (Hg$7 char t<a||"]
- 319 TK_LIT_STRING [">=VJ<AnIUV||99c"]
- 320 TK_IDENTIFICADOR [___kDagXC6Js3DrErPV7UOobjZDGSji1Vvdc1RRS0UM66kPLYO1VEN4mg8i37EntvSyTIvuf3AJjXefujApVpue]
- 321 TK_LIT_STRING ["80[v float Zn32;cUqv input x( output H char  bool I==(q(k>jOEag3Q<9:3{[XcQj"]
- 321 TK_LIT_INT [13]
- 321 TK_LIT_STRING ["D bool XvJ8 while  else [ else  * "]
- 321 TK_IDENTIFICADOR [__se]
- 321 TK_LIT_CHAR ['Y']
- 321 TK_LIT_INT [02]
- 322 TK_IDENTIFICADOR [_____9PacVxXF_kpXDh3Ngqp7OdLcRTUA0QQSRkcVyY4kWBx3nsSG]
- 322 TK_LIT_STRING ["J while ==T2dcO / boiPl67"]
- 322 TK_LIT_CHAR ['e']
- 322 TK_ESPECIAL [/]
- 323 TK_IDENTIFICADOR [_YKOIOeIBGHC6uUPcgTNuja6tidVQ6nun3bR7bYwUEoNMEiBxPoFO_yGK5zA1EvTvXw4KLYjtpQBvhuXAx_IzU]
- 324 TK_IDENTIFICADOR [_dFyhtIKOtFwEpnT5kgHtqQnWumPHlJSCHeN_ZQempY5RnFAEDoB7ASmw0jGFqoMQHf6fMVdsI_EvAZdxNEgFkaHWUhAt]
- 324 TK_PR_OUTPUT [output]
- 324 TK_ESPECIAL [}]
- 324 TK_LIT_CHAR ['E']
- 324 TK_IDENTIFICADOR [___input]
- 324 TK_LIT_INT [7261433]
- 324 TK_LIT_CHAR ['d']
- 324 TK_ESPECIAL [-]
- 324 TK_LIT_FLOAT [01.533004278]
- 325 TK_ESPECIAL [-]
- 325 TK_LIT_INT [36906]
- 325 TK_ESPECIAL [-]
- 325 TK_LIT_FLOAT [59763791.36227575]
- 325 TK_ESPECIAL [+]
- 325 TK_ESPECIAL [[]
- 325 TK_PR_FLOAT [float]
- 325 TK_LIT_INT [648376]
- 325 TK_PR_ELSE [else]
- 325 TK_LIT_CHAR ['-']
- 326 TK_LIT_FLOAT [242581.4]
- 326 TK_LIT_CHAR ['6']
- 326 TK_ESPECIAL [-]
- 326 TK_LIT_INT [6]
- 326 TK_LIT_CHAR ['J']
- 326 TK_IDENTIFICADOR [_____rTfCyl0EEJ9fMxJvnnq0m2dssWN]
- 326 TK_LIT_CHAR ['[']
- 327 TK_IDENTIFICADOR [____t9KaiFkzovoDsQQ4ouOU1FGAqXUyZX9M2w8zfI6GI7SBK]
- 327 TK_ESPECIAL [/]
- 327 TK_IDENTIFICADOR [_char]
- 327 TK_LIT_FLOAT [8999495.11306]
- 327 TK_LIT_STRING ["B - M5"]
- 327 TK_ESPECIAL [=]
- 327 TK_ESPECIAL [-]
- 327 TK_LIT_FLOAT [3.4]
- 327 TK_ESPECIAL [{]
- 328 TK_LIT_CHAR ['S']
- 328 TK_ESPECIAL [-]
- 328 TK_LIT_INT [63044851]
- 328 TK_LIT_CHAR ['&']
- 328 TK_ESPECIAL [-]
- 328 TK_LIT_FLOAT [0.2103]
- 328 TK_ESPECIAL [(]
- 329 TK_LIT_STRING [") bool Tzz$xbY}9!=Pv do ||yr float  bool w3,"]
- 329 TK_PR_INPUT [input]
- 329 TK_PR_STRING [string]
- 330 TK_LIT_STRING ["4( input 1L==H43 while PbS5x4 else 1$ULr int p return K = &<73TF4c float  /  = XYd string d"]
- 330 TK_ESPECIAL [-]
- 330 TK_LIT_INT [278]
- 330 TK_LIT_CHAR ['O']
- 330 TK_ESPECIAL [-]
- 330 TK_LIT_INT [80]
- 330 TK_LIT_FLOAT [724.9639098496]
- 331 TK_LIT_STRING ["xyAI output $J output  do &Cb return  - c9!=1W8$Y int L"]
- 331 TK_ESPECIAL [>]
- 331 TK_IDENTIFICADOR [_KCjhA3oMGtNZkXM56BhMoeCjwCk0i44F_4_vVoQwlL_xUoW_wC9tl6316h170JVL4Qa8dL]
- 332 TK_ESPECIAL [-]
- 332 TK_LIT_FLOAT [9786038.00036]
- 332 TK_IDENTIFICADOR [_____do]
- 332 TK_PR_INT [int]
- 332 TK_ESPECIAL [[]
- 332 TK_LIT_INT [9340]
- 332 TK_ESPECIAL []]
- 332 TK_ESPECIAL [-]
- 332 TK_LIT_CHAR ['+']
- 332 TK_ESPECIAL [*]
- 332 TK_PR_STRING [string]
- 333 TK_LIT_CHAR ['L']
- 333 TK_ESPECIAL [-]
- 333 TK_LIT_INT [9349895]
- 333 TK_LIT_STRING [" while f"]
- 333 TK_PR_ELSE [else]
- 334 TK_IDENTIFICADOR [_____Sl2GbryhsakjK1tQHhIgZspVpen5OnMihIjVlducS3mWPIpNxU9dNpbGt9jIOpYyBcsrlK8dWeH_MH6t9VcYa6iSTF]
- 334 TK_ESPECIAL [-]
- 334 TK_LIT_FLOAT [75603.9]
- 334 TK_LIT_STRING ["m) float pXoQ{(pu * ;t]ri return Sg>"]
- 334 TK_ESPECIAL [$]
- 334 TK_ESPECIAL [{]
- 335 TK_LIT_INT [60688]
- 335 TK_ESPECIAL [,]
- 335 TK_ESPECIAL [:]
- 335 TK_ESPECIAL [(]
- 335 TK_IDENTIFICADOR [_YaQPdKIxBKUZsH3pNA975]
- 335 TK_ESPECIAL [-]
- 335 TK_LIT_FLOAT [4.5722095]
- 335 TK_LIT_STRING ["0MCpZ:v output Y"]
- 336 TK_PR_DO [do]
- 336 TK_ESPECIAL [-]
- 336 TK_LIT_CHAR ['P']
- 336 TK_ESPECIAL [/]
- 336 TK_PR_FLOAT [float]
- 337 TK_LIT_STRING ["==8 else Y[+ Xm$Cu2<$7U}z1DP do WuL int :g7G bool "]
- 338 TK_IDENTIFICADOR [_qLzh8lGvQJvgrx_d86AtLaRX3UgUnWVt33CAjdnkkognjVYsnT3_HgOyqO4GOsJSbiXlW9h8YyJ0c7ZeNve]
- 338 TK_LIT_CHAR ['[']
- 338 TK_PR_WHILE [while]
- 339 TK_IDENTIFICADOR [___lMwcmfOI4SfFnFpskCWxVjOuF2vQt7At7PRfow9lZ2FdliLNNhkKzh8wquJTBGLihUkYL8xD8JNM2i77nO2MyWt7]
- 339 TK_ESPECIAL [=]
- 339 TK_ESPECIAL [=]
- 339 TK_ESPECIAL [}]
- 340 TK_IDENTIFICADOR [__ZPWdpgfHgXEBA9zG3uJYspxhzVq3_oX3r4KyzzpKHs5vWsmhuaT3D3mGRhdQ9hNAg5mlOw8JAKSwng]
- 340 TK_IDENTIFICADOR [__]
- 340 TK_ESPECIAL [{]
- 340 TK_ESPECIAL [-]
- 340 TK_LIT_CHAR ['(']
- 340 TK_ESPECIAL [-]
- 340 TK_LIT_FLOAT [090.0666721798]
- 340 TK_ESPECIAL [[]
- 340 TK_ESPECIAL [-]
- 340 TK_LIT_INT [97]
- 340 TK_LIT_FLOAT [7190636063.992103]
- 341 TK_LIT_STRING [" while J> - v,[ND[ / sW char sAN&b - bf7A input OFsn( while f)"]
- 341 TK_LIT_CHAR ['/']
- 341 TK_ESPECIAL [-]
- 341 TK_LIT_FLOAT [201333.06]
- 341 TK_LIT_INT [5158892]
- 341 TK_LIT_STRING ["Eim7Xwc, if N> output 3s&&vTFb else "]
- 342 TK_IDENTIFICADOR [____ExrbwUNbzOsh]
- 342 TK_ESPECIAL [!]
- 343 TK_LIT_STRING [" else 81Dwd while F>=5vOM return y string  output zOw: = O{A int l$Ovq!6;==: else + "]
- 343 TK_PR_STRING [string]
- 343 TK_ESPECIAL [;]
- 343 TK_ESPECIAL [(]
- 343 TK_LIT_CHAR ['=']
- 343 TK_PR_INT [int]
- 343 TK_IDENTIFICADOR [__return]
- 343 TK_PR_CHAR [char]
- 343 TK_LIT_CHAR [']']
- 343 TK_ESPECIAL [/]
- 344 TK_ESPECIAL [-]
- 344 TK_LIT_FLOAT [6835868684.98119]
- 345 TK_IDENTIFICADOR [___3AOOLbFL4CrZOnuq4GMOL7jh15WGfOzbynQFH_TWeTQX8qUP0h6WSgWsIgATtMQ0KU6eln9hz1qG2lE]
- 345 TK_ESPECIAL [<]
- 345 TK_IDENTIFICADOR [___float]
- 345 TK_LIT_FLOAT [7286318.07822]
- 346 TK_LIT_STRING ["KT if Z do 0< - N; float Ga{w& while M"]
- 347 TK_LIT_STRING ["$;MKc)Sney8c;X+ 5 then  output  *  string ==! float }Igegs1 = 2P;9jwH char J7;;"]
- 347 TK_LIT_FLOAT [50813580.1]
- 347 TK_ESPECIAL [,]
- 347 TK_ESPECIAL [-]
- 347 TK_LIT_INT [676]
- 347 TK_LIT_CHAR [',']
- 347 TK_ESPECIAL [[]
- 347 TK_IDENTIFICADOR [_se]
- 347 TK_LIT_INT [71705351]
- 347 TK_LIT_INT [939755]
- 347 TK_PR_INT [int]
- 348 TK_PR_THEN [then]
- 348 TK_PR_OUTPUT [output]
- 348 TK_ESPECIAL [$]
- 348 TK_ESPECIAL [/]
- 348 TK_LIT_FLOAT [435.2866018551]
- 349 TK_IDENTIFICADOR [_Z40kcaNosyMt6_6e00x7WCPB2Vp8PahMsiw]
- 349 TK_ESPECIAL [-]
- 349 TK_LIT_FLOAT [7435873.076]
- 350 TK_LIT_STRING ["&&WhM5!& output a!,{TcIQ}&56Cn float FSA8 float ,;OvGwCS;h<=+ PVq&&"]
- 350 TK_PR_BOOL [bool]
- 351 TK_IDENTIFICADOR [__2QK4RNBz3etXPDZpXBqPGF1x5MX9WkhollHE14ZcKs7LelgXSmXtdqwd_TN42L290fX1We3mJEdmYwnZRjoOt3B]
- 351 TK_ESPECIAL [-]
- 351 TK_LIT_INT [8809004]
- 351 TK_LIT_INT [6951529574]
- 351 TK_ESPECIAL [>]
- 352 TK_IDENTIFICADOR [__yMJ1V5CFHWosyRmkbW8z_Pk3xJOGWQryUJxZTUXeSOhmN8Iso7noaDZzMFhOztz2ISN2AH5nsAO]
- 352 TK_LIT_FLOAT [1992.6170468]
- 352 TK_ESPECIAL [*]
- 352 TK_ESPECIAL [-]
- 352 TK_ESPECIAL [(]
- 352 TK_PR_CHAR [char]
- 352 TK_ESPECIAL [/]
- 352 TK_ESPECIAL [-]
- 352 TK_LIT_CHAR ['>']
- 353 TK_LIT_STRING ["lS<=>=9 do G5||pmSQ char + t int "]
- 353 TK_ESPECIAL [&]
- 353 TK_ESPECIAL [-]
- 353 TK_LIT_CHAR ['o']
- 354 TK_IDENTIFICADOR [_____FuSp90tyUg57K0oA5AI_UVbIeIDg5ahPHnJ4PNXcn1rxNkcsLnvDmvaHF5Z5]
- 354 TK_IDENTIFICADOR [_____float]
- 354 TK_ESPECIAL [-]
- 354 TK_LIT_FLOAT [16891823.88671]
- 354 TK_IDENTIFICADOR [___float]
- 354 TK_LIT_CHAR ['i']
- 354 TK_IDENTIFICADOR [_CoDI614Y]
- 355 TK_LIT_INT [460399]
- 355 TK_ESPECIAL [-]
- 355 TK_LIT_FLOAT [4.446802]
- 355 TK_ESPECIAL [!]
- 355 TK_LIT_STRING ["8 - zZP: if  char <2+ AH * &8Dzk then + wFV"]
- 356 TK_PR_DO [do]
- 356 TK_PR_CHAR [char]
- 356 TK_ESPECIAL []]
- 356 TK_LIT_FLOAT [9425.49]
- 356 TK_ESPECIAL [-]
- 356 TK_LIT_INT [64830532]
- 356 TK_ESPECIAL [-]
- 356 TK_LIT_INT [962401695]
- 356 TK_ESPECIAL [-]
- 356 TK_LIT_INT [27]
- 357 TK_LIT_INT [1233854651]
- 357 TK_LIT_CHAR ['$']
- 357 TK_LIT_FLOAT [0105632.17140]
- 357 TK_ESPECIAL [-]
- 357 TK_LIT_FLOAT [33065642.302386233]
- 357 TK_ESPECIAL [)]
- 358 TK_IDENTIFICADOR [_dTNo6M059i0RO9JEk1b1ETOqLF3CZfPRxp_F5ohzcDwzj1VtmN2vGEZMZ3S8]
- 358 TK_IDENTIFICADOR [___Iwe4nwefp4FNkJnCsXqudwX50iGEHcKxI]
- 358 TK_LIT_STRING ["g string ifsk;v<Cwl!=UddJ_+ CjI"]
- 358 TK_ESPECIAL [/]
- 358 TK_ESPECIAL [}]
- 359 TK_LIT_CHAR ['k']
- 359 TK_ESPECIAL [{]
- 359 TK_ESPECIAL [=]
- 359 TK_LIT_INT [7]
- 359 TK_ESPECIAL [-]
- 359 TK_LIT_FLOAT [550.935]
- 359 TK_LIT_INT [62778654]
- 359 TK_LIT_CHAR ['e']
- 359 TK_PR_THEN [then]
- 359 TK_ESPECIAL [=]
- 360 TK_LIT_STRING ["DzNSVB:5l /  return m74 do 2; input "]
- 360 TK_ESPECIAL [;]
- 360 TK_PR_OUTPUT [output]
- 360 TK_LIT_CHAR ['>']
- 360 TK_ESPECIAL [:]
- 360 TK_ESPECIAL [-]
- 360 TK_LIT_FLOAT [7110689920.28548]
- 360 TK_ESPECIAL [-]
- 360 TK_LIT_FLOAT [91113719.24115928]
- 360 TK_PR_INPUT [input]
- 361 TK_PR_WHILE [while]
- 361 TK_IDENTIFICADOR [_Vbw_L_a4MH6DF8jbCXuS607BnG2n0DGOOt3Odyf]
- 361 TK_ESPECIAL [>]
- 361 TK_ESPECIAL [-]
- 361 TK_LIT_INT [74499494]
- 362 TK_LIT_STRING ["MZ return <=M9||||0Q&e!=wGBeJm8 float 7 bool {b+ ||MD} char  if T}N&v"]
- 362 TK_LIT_FLOAT [163846.63]
- 363 TK_LIT_STRING ["KtTP+ $[&naa float !=4u&&fpI;,fzVBf! string n< * 1E&&w&&{pbM>=El[FHT"]
- 363 TK_ESPECIAL [-]
- 363 TK_LIT_FLOAT [851332.0157472]
- 363 TK_ESPECIAL [)]
- 363 TK_ESPECIAL [[]
- 363 TK_ESPECIAL [!]
- 363 TK_LIT_INT [303583]
- 363 TK_LIT_INT [3]
- 364 TK_IDENTIFICADOR [___RnImIuk7yAG_RlJVukq1XoUFjTU3JNcJbZapCov90bH5Tv]
- 364 TK_LIT_STRING ["j4"]
- 364 TK_ESPECIAL [-]
- 364 TK_LIT_INT [64]
- 364 TK_LIT_CHAR ['Z']
- 364 TK_IDENTIFICADOR [__w]
- 364 TK_PR_INPUT [input]
- 364 TK_ESPECIAL [-]
- 364 TK_LIT_INT [81026]
- 364 TK_LIT_CHAR ['}']
- 364 TK_LIT_STRING ["wwQA if ;(x0Dh"]
- 365 TK_ESPECIAL [>]
- 365 TK_ESPECIAL [-]
- 365 TK_LIT_INT [29969096]
- 365 TK_PR_DO [do]
- 365 TK_PR_STRING [string]
- 365 TK_LIT_INT [6312]
- 365 TK_ESPECIAL [-]
- 365 TK_LIT_INT [1946953521]
- 366 TK_IDENTIFICADOR [_____KbaKOf6PrLGDKgabfMkqUGgxgDszHtppwHu8iVRDvWtLCEfiHpuE0eq7n_zpxGwQJgTbgZl]
- 366 TK_ESPECIAL [-]
- 366 TK_LIT_FLOAT [1213360833.3]
- 366 TK_ESPECIAL [{]
- 366 TK_ESPECIAL [-]
- 366 TK_LIT_FLOAT [89587340.429231]
- 367 TK_IDENTIFICADOR [_____UTI6SpbILHKM0mNKKBpaFiehE4MfnWHexIC_8o9gwTNyCaDKI]
- 367 TK_LIT_STRING ["5 if 9 while ) then MD>="]
- 367 TK_IDENTIFICADOR [____input]
- 368 TK_LIT_STRING [">=vMa else M]Js2CFufaXXjZfz7}1n / !_ = SWC86"]
- 368 TK_ESPECIAL [!]
- 368 TK_LIT_CHAR ['2']
- 368 TK_ESPECIAL [$]
- 368 TK_ESPECIAL [!]
- 368 TK_LIT_STRING ["7SD"]
- 368 TK_ESPECIAL [[]
- 368 TK_LIT_STRING ["v5 - }T;)(ujVo7m2hU1==9 / zhPQ35"]
- 368 TK_LIT_CHAR [']']
- 369 TK_LIT_INT [4973213490]
- 369 TK_LIT_CHAR ['U']
- 369 TK_ESPECIAL []]
- 370 TK_IDENTIFICADOR [_____zU1jOF5ebEKPNbozhZFpuirCNOqsvNQcUavsBbJGZS_M4ZlktYj_KrvwouDdLSqMV81nhkwKGplH0O8]
- 370 TK_LIT_STRING ["ogK5l>=n> output + ) return ]4mGp,!= * 0O[suo float ]H!=kW"]
- 371 TK_IDENTIFICADOR [__do]
- 371 TK_IDENTIFICADOR [__input]
- 371 TK_ESPECIAL [;]
- 371 TK_ESPECIAL [:]
- 371 TK_PR_DO [do]
- 371 TK_ESPECIAL [-]
- 371 TK_LIT_FLOAT [7710198996.246420]
- 371 TK_ESPECIAL [-]
- 371 TK_LIT_INT [86916159]
- 371 TK_LIT_CHAR ['$']
- 372 TK_LIT_STRING [" return zU *  then "]
- 372 TK_PR_RETURN [return]
- 372 TK_LIT_CHAR ['R']
- 372 TK_ESPECIAL [>]
- 372 TK_ESPECIAL [{]
- 372 TK_LIT_FLOAT [08.4198786256]
- 372 TK_ESPECIAL [[]
- 372 TK_ESPECIAL [;]
- 373 TK_LIT_STRING ["0 input K$aL{Up if <=8{bx float A)<= then he==KXRZ else J"]
- 373 TK_LIT_STRING ["23Mt input ;, then d4v"]
- 373 TK_ESPECIAL [-]
- 373 TK_LIT_INT [007]
- 373 TK_ESPECIAL [/]
- 373 TK_ESPECIAL [{]
- 373 TK_ESPECIAL [-]
- 373 TK_PR_IF [if]
- 373 TK_IDENTIFICADOR [___bool]
- 374 TK_LIT_FLOAT [1501.71772]
- 375 TK_IDENTIFICADOR [__YRbEkOqUczvciWwHGptHQABLmvlBHfhW8SBkX81Cg5ajEQXb90V1mmKX_fjo2H2CdkWiCua4hoBMzAfIRdXWOv5gcI]
- 375 TK_ESPECIAL [-]
- 375 TK_LIT_FLOAT [3916977.345704524]
- 375 TK_ESPECIAL [-]
- 375 TK_LIT_FLOAT [4048.6580826]
- 375 TK_LIT_CHAR [':']
- 376 TK_IDENTIFICADOR [____bJgnmGs2HN5kcuuQvZPZKIynKji9N25yvTTLV4Ib2u09XS0oo47uicxlI4CRXQMm7F22NHaxb5o]
- 376 TK_ESPECIAL [)]
- 376 TK_LIT_INT [2083772]
- 376 TK_LIT_CHAR ['}']
- 377 TK_IDENTIFICADOR [_1iCSREiCIVOHwhz32aYJlwzlUlvKuaNDG9qNJ1_iCucleT4xt9JJSUcerGPPoX0vcQd9iaAM32dTF_gwVrQVSLL23D_6u8w]
- 377 TK_PR_BOOL [bool]
- 377 TK_PR_WHILE [while]
- 377 TK_LIT_CHAR [';']
- 377 TK_ESPECIAL [[]
- 377 TK_PR_FLOAT [float]
- 377 TK_LIT_CHAR ['o']
- 377 TK_PR_BOOL [bool]
- 377 TK_LIT_CHAR ['-']
- 378 TK_ESPECIAL [-]
- 378 TK_LIT_FLOAT [81029.696169700]
- 378 TK_ESPECIAL [:]
- 379 TK_LIT_STRING ["59FlGA if :vASH8 input h do fuOh return nBnG$ char &PZ string <=YJ1JUjCZ float e while 7SM:"]
- 379 TK_ESPECIAL [<]
- 379 TK_LIT_FLOAT [57639.14]
- 379 TK_ESPECIAL [)]
- 379 TK_LIT_STRING ["&& output 6]Hygt -  return l6>"]
- 379 TK_LIT_FLOAT [223144.9]
- 379 TK_LIT_INT [19544]
- 380 TK_PR_THEN [then]
- 380 TK_ESPECIAL [)]
- 380 TK_LIT_INT [7409399840]
- 380 TK_LIT_STRING [""]
- 380 TK_LIT_FLOAT [2409.93986]
- 380 TK_ESPECIAL [-]
- 380 TK_LIT_FLOAT [556000385.961]
- 380 TK_LIT_FLOAT [8590.164]
- 380 TK_ESPECIAL [*]
- 380 TK_PR_RETURN [return]
- 381 TK_IDENTIFICADOR [_6iqhFzu1_x_nngPiJig2ZrvajXtfoNjYO54PWn1yrEwsHLsVlnFDFtsan8RNHK8GMva_P9Z2JB4EQ9w5lku2eRAL9cUFeue]
- 381 TK_LIT_FLOAT [690061.31161]
- 381 TK_ESPECIAL [)]
- 381 TK_ESPECIAL [;]
- 381 TK_LIT_FLOAT [282.64271]
- 381 TK_LIT_CHAR ['=']
- 381 TK_LIT_INT [595939]
- 381 TK_LIT_CHAR [')']
- 382 TK_LIT_STRING [" int 7 bool  output MoiG4avV / Lma7[ -  do Lut0{H:U>E input c output V6 char A<ic return 2&& while "]
- 382 TK_LIT_CHAR ['m']
- 382 TK_PR_INT [int]
- 383 TK_LIT_STRING ["E4ftmT] output  / W while z then AvbQIlTh>=<=&"]
- 383 TK_IDENTIFICADOR [____string]
- 383 TK_ESPECIAL [*]
- 383 TK_ESPECIAL [-]
- 383 TK_LIT_INT [970]
- 383 TK_LIT_FLOAT [341.83943809]
- 383 TK_LIT_INT [64]
- 384 TK_LIT_STRING ["As2E float X$_jb input ==Z if  then Udr = ,Xv0M&&"]
- 384 TK_ESPECIAL [{]
- 384 TK_LIT_FLOAT [72669450.996216000]
- 384 TK_ESPECIAL [:]
- 384 TK_PR_INPUT [input]
- 384 TK_PR_BOOL [bool]
- 384 TK_IDENTIFICADOR [__5WH9KHZyMHNk2NV]
- 385 TK_LIT_FLOAT [824612.184511872]
- 385 TK_IDENTIFICADOR [_output]
- 386 TK_IDENTIFICADOR [__A9y4d_DLCx3cTgtT0ycwt50CfSwJ7RLSOVf87E6k9cEz2Mtxw6iwVk_S]
- 386 TK_LIT_CHAR ['-']
- 386 TK_ESPECIAL [-]
- 386 TK_LIT_INT [703]
- 386 TK_LIT_INT [4695535553]
- 386 TK_LIT_CHAR ['$']
- 386 TK_ESPECIAL [-]
- 386 TK_LIT_INT [8336]
- 386 TK_PR_CHAR [char]
- 386 TK_LIT_CHAR ['S']
- 387 TK_IDENTIFICADOR [__B0CSDvlFtDDwpyy6zE0f83JOqzMQvwvNI2JDPU23MRC660RpN6Rc5HksQ3t]
- 388 TK_IDENTIFICADOR [__8xA5AgexkesAicr8cyNnYiIhBf0bKMLMUirJL1VmeymHvsnMCX3HpvwnVVSWwZLSV88DJlgJJ_YGatw]
- 389 TK_LIT_STRING ["e[ - IS return  output )w(695}fm>=tM[ char t) bool o$ while X - iw"]
- 389 TK_ESPECIAL [,]
- 389 TK_LIT_STRING [",y{:5F int GC = 7eC int Ja}4lJbaA"]
- 389 TK_LIT_FLOAT [515.1]
- 389 TK_PR_ELSE [else]
- 390 TK_LIT_STRING ["NcE7Ck"]
- 390 TK_ESPECIAL [>]
- 390 TK_IDENTIFICADOR [_bool]
- 390 TK_IDENTIFICADOR [____then]
- 390 TK_PR_STRING [string]
- 390 TK_ESPECIAL [-]
- 390 TK_LIT_INT [8]
- 390 TK_ESPECIAL [$]
- 391 TK_LIT_STRING ["mqGmht&&V>=c1XnB4 / vwN / :X char : if 2 * lsTJee||==koHz = V<"]
- 391 TK_ESPECIAL [=]
- 391 TK_ESPECIAL [-]
- 391 TK_LIT_INT [036982679]
- 391 TK_ESPECIAL [+]
- 392 TK_LIT_STRING ["l_ char  do dj int t while {==, char  /  while  do ||,Fq,"]
- 392 TK_IDENTIFICADOR [____while]
- 392 TK_ESPECIAL [-]
- 392 TK_LIT_INT [84074]
- 392 TK_LIT_CHAR ['}']
- 392 TK_LIT_INT [1]
- 392 TK_LIT_INT [6463130]
- 392 TK_ESPECIAL [}]
- 392 TK_ESPECIAL [/]
- 392 TK_LIT_INT [555758822]
- 393 TK_PR_STRING [string]
- 393 TK_ESPECIAL [{]
- 393 TK_ESPECIAL [&]
- 393 TK_LIT_CHAR ['&']
- 393 TK_LIT_STRING [" * _4ZHV9ree==KqqBS<=zpMe7U"]
- 394 TK_IDENTIFICADOR [_____L28YxIOXAg5oKjATc]
- 394 TK_LIT_CHAR ['/']
- 394 TK_ESPECIAL [-]
- 394 TK_LIT_FLOAT [96.6994641]
- 395 TK_LIT_STRING [" string 8 * hG output nOL$ =  int DlDYbHK if Vb while  char ==>+ ]{Pg:n5v bool v return >=:+  = p1 return 9"]
- 395 TK_ESPECIAL []]
- 395 TK_LIT_CHAR ['a']
- 396 TK_LIT_STRING ["r>=&&t input [fLLt2H return UJy8];W{kDJW while  input WuQirja8gz"]
- 396 TK_IDENTIFICADOR [__QcD0EmsekXi825FzvMNgeK2AeYpfN8C6K8LRRvPrus0D]
- 396 TK_LIT_CHAR ['{']
- 396 TK_LIT_FLOAT [7417460.9769]
- 397 TK_IDENTIFICADOR [_do]
- 397 TK_LIT_CHAR ['6']
- 397 TK_LIT_INT [1714]
- 398 TK_LIT_STRING ["; string 8V string n2Dr! - ||{51} else q)98_ then whCRG3_73G&& / >XOxg char huTOt"]
- 398 TK_LIT_FLOAT [04455304.25707333]
- 399 TK_IDENTIFICADOR [__Pv097cBbh28tS0aWndQ7xbjxCwsUaeWKsKwfZLVCP5rcow475MpGbJkg1nlO5DPsJmGvXpZfKJqijbC1cyfl7]
- 399 TK_LIT_FLOAT [45184.0255627584]
- 399 TK_ESPECIAL [>]
- 399 TK_LIT_FLOAT [4.15]
- 399 TK_ESPECIAL [-]
- 399 TK_LIT_FLOAT [9868693181.233018]
- 400 TK_LIT_STRING [" * m if  then y} * Db9m+ V while i!X_)! bool "]
- 400 TK_LIT_CHAR ['K']
- 400 TK_ESPECIAL [+]
- 400 TK_ESPECIAL [-]
- 400 TK_LIT_CHAR ['}']
- 400 TK_IDENTIFICADOR [___W6DxbzVnTv7efRaZQz4WE7LWt]
- 401 TK_ESPECIAL [-]
- 401 TK_LIT_FLOAT [1023931997.60]
- 401 TK_LIT_STRING ["gtI)Hk bool p1NZ - 5b2hoH> input m!=(l0r output uV5Io,hs<=EPo"]
- 401 TK_ESPECIAL [=]
- 402 TK_PR_DO [do]
- 403 TK_IDENTIFICADOR [_____eP8uY52s_tfoExrE_BKxY1WTR0FkYSoziZ8KdWMLj5GEp6JxsytALHbjA8RVl8_KCWJRuzomlXCHhbpem9WlbVAbCHVK90]
- 403 TK_ESPECIAL [}]
- 403 TK_PR_IF [if]
- 403 TK_PR_FLOAT [float]
- 403 TK_PR_DO [do]
- 403 TK_ESPECIAL [<]
- 403 TK_LIT_STRING ["&& do &z||F} while "]
- 403 TK_ESPECIAL [-]
- 404 TK_LIT_FLOAT [339911.5216555]
- 404 TK_ESPECIAL [,]
- 404 TK_LIT_INT [93829]
- 404 TK_ESPECIAL [}]
- 405 TK_LIT_STRING ["U - eK char f1XKpk>xE if cDGms{w_Wat / jgi{8,g)v else  char "]
- 405 TK_LIT_CHAR ['a']
- 405 TK_PR_WHILE [while]
- 405 TK_LIT_STRING [""]
- 405 TK_ESPECIAL [=]
- 405 TK_PR_BOOL [bool]
- 405 TK_ESPECIAL [<]
- 405 TK_ESPECIAL [-]
- 405 TK_LIT_FLOAT [42729.37024056]
- 405 TK_LIT_FLOAT [8.72]
- 406 TK_IDENTIFICADOR [_____VfmCtXUN4RP8pxvgSdDCM57Lq14jFQVpJIbBD1pr1LjmRox8vqFYk5Z1Oo5EG9sL]
- 406 TK_IDENTIFICADOR [___1QG24XKHxwnMZ3qfTkn5rp]
- 406 TK_ESPECIAL [-]
- 406 TK_LIT_INT [04]
- 406 TK_ESPECIAL [;]
- 406 TK_ESPECIAL [[]
- 407 TK_LIT_STRING ["S do d3O if 79B7Hlny||caW input _"]
- 407 TK_ESPECIAL [-]
- 407 TK_LIT_INT [8129]
- 407 TK_LIT_STRING ["O> string w1z else E:]Nc"]
- 407 TK_ESPECIAL [}]
- 407 TK_LIT_INT [607]
- 407 TK_LIT_INT [941831591]
- 407 TK_ESPECIAL [-]
- 408 TK_LIT_FLOAT [4.87572111]
- 408 TK_ESPECIAL [-]
- 408 TK_LIT_FLOAT [5241496145.0]
- 408 TK_PR_OUTPUT [output]
- 408 TK_ESPECIAL [-]
- 408 TK_LIT_INT [1]
- 408 TK_ESPECIAL [(]
- 408 TK_PR_INT [int]
- 409 TK_IDENTIFICADOR [____NDkG6RIVx5UbTfYfC6uzl3FvY6dlu86tjsJcKMUan3TfUCImGeZXx0Bslsf4f_s4DVWIiGtJvqLoRiD8JI4Dt]
- 409 TK_IDENTIFICADOR [_____gHwhTKDqnAQRciW1KYUxXwdjZxnBMSb6tKozk7TYHCUlOxpxtRwRl1qpfB2TE_6T0]
- 410 TK_LIT_INT [102]
- 410 TK_IDENTIFICADOR [____RDyuGVvQgCQ9HFfcyLLdubOPHtKb45c0NHyGlXmR6KZYhOEuWXm2g5fkz1XSrMiGIM1]
- 410 TK_ESPECIAL []]
- 411 TK_ESPECIAL [)]
- 411 TK_ESPECIAL [+]
- 411 TK_PR_OUTPUT [output]
- 411 TK_ESPECIAL [/]
- 411 TK_LIT_CHAR [',']
- 411 TK_ESPECIAL [&]
- 411 TK_ESPECIAL [-]
- 411 TK_LIT_INT [39]
- 411 TK_LIT_CHAR ['=']
- 411 TK_ESPECIAL [-]
- 411 TK_LIT_INT [60919706]
- 412 TK_ESPECIAL [-]
- 412 TK_LIT_FLOAT [750217.3]
- 412 TK_ESPECIAL []]
- 412 TK_LIT_CHAR ['7']
- 412 TK_LIT_CHAR ['V']
- 412 TK_LIT_CHAR ['n']
- 413 TK_LIT_STRING ["H8q * >=aBuDu7Xim4S+ MaKc char j<=t[ output }I<e$[xMf if LS!= then "]
- 413 TK_LIT_CHAR ['!']
- 413 TK_LIT_INT [16943983]
- 413 TK_ESPECIAL [<]
- 413 TK_PR_ELSE [else]
- 413 TK_LIT_FLOAT [1.545763]
- 413 TK_IDENTIFICADOR [_____then]
- 413 TK_ESPECIAL []]
- 414 TK_IDENTIFICADOR [___KUabHehhUf8YT1AjWqQafDBo0eGABbLVKdARq7jIH7TFXHxSvA78Rjy1wGscRbUuuu0PiQ6UFC2Xp8QhDJVjv5ZJ3f7]
- 414 TK_PR_WHILE [while]
- 414 TK_ESPECIAL [>]
- 414 TK_PR_IF [if]
- 414 TK_LIT_STRING ["<=DWU!=Z return m$"]
- 414 TK_ESPECIAL [-]
- 414 TK_LIT_INT [7321920343]
- 414 TK_ESPECIAL [/]
- 415 TK_PR_WHILE [while]
- 415 TK_ESPECIAL [!]
- 415 TK_LIT_CHAR [',']
- 415 TK_ESPECIAL [$]
- 415 TK_ESPECIAL [-]
- 415 TK_LIT_INT [4]
- 415 TK_LIT_FLOAT [0970094.52845]
- 415 TK_ESPECIAL [&]
- 415 TK_LIT_STRING ["PCf string 8<=KG1i"]
- 416 TK_ESPECIAL [-]
- 416 TK_LIT_INT [904015]
- 416 TK_ESPECIAL [-]
- 416 TK_LIT_INT [798429]
- 417 TK_LIT_STRING ["&p}_[ float C(I(]))8 float o2L while  input At input ojTnu"]
- 417 TK_ESPECIAL [{]
- 417 TK_ESPECIAL [;]
- 417 TK_IDENTIFICADOR [_bool]
- 417 TK_PR_INPUT [input]
- 417 TK_ESPECIAL [+]
- 417 TK_LIT_CHAR ['{']
- 418 TK_IDENTIFICADOR [___QpYpIQ8ElqC1d0xqMKlNrnZEuZyKz4rfqUyEASGPpFCmOyuhF6KTH9uYs_MV83FhrqyB_Kylk4U]
- 418 TK_ESPECIAL [>]
- 418 TK_LIT_STRING ["uV||>=upVNz$ input m return Y8 =  return weVd9{_GwSFqBK /  - O"]
- 419 TK_LIT_STRING ["4t"]
- 419 TK_LIT_STRING [""]
- 419 TK_ESPECIAL [/]
- 419 TK_IDENTIFICADOR [_____4j3f9pXIeaTXul2I5AkYIArBhFcy6csQsPApgVpWD9O80J]
- 420 TK_ESPECIAL [-]
- 420 TK_LIT_FLOAT [1.696]
- 420 TK_LIT_CHAR ['a']
- 420 TK_ESPECIAL [(]
- 420 TK_LIT_FLOAT [682294760.45960]
- 420 TK_PR_CHAR [char]
- 421 TK_LIT_STRING ["E<>=G string  -  while oR do  do ga>}R bool LCjuk_yPN"]
- 421 TK_LIT_INT [65173]
- 421 TK_LIT_CHAR ['}']
- 421 TK_LIT_STRING ["dy[7"]
- 421 TK_LIT_INT [04902797]
- 421 TK_ESPECIAL [-]
- 421 TK_LIT_INT [9702026179]
- 421 TK_LIT_CHAR ['+']
- 421 TK_IDENTIFICADOR [__bool]
- 422 TK_LIT_CHAR [':']
- 422 TK_ESPECIAL [[]
- 422 TK_ESPECIAL []]
- 422 TK_ESPECIAL [[]
- 422 TK_LIT_CHAR [',']
- 422 TK_ESPECIAL [+]
- 422 TK_IDENTIFICADOR [_____ptSgt0bGwD2BRo9tnGuKmMn5FO]
- 422 TK_ESPECIAL []]
- 422 TK_ESPECIAL [}]
- 423 TK_LIT_FLOAT [3080729364.0138893572]
- 423 TK_LIT_FLOAT [61.4608]
- 423 TK_LIT_CHAR ['*']
- 423 TK_LIT_CHAR ['A']
- 423 TK_ESPECIAL [-]
- 423 TK_LIT_FLOAT [29535.5815958013]
- 423 TK_LIT_FLOAT [0448.6537990]
- 423 TK_PR_DO [do]
- 424 TK_ESPECIAL [=]
- 424 TK_ESPECIAL [*]
- 424 TK_LIT_CHAR ['c']
- 424 TK_ESPECIAL [-]
- 424 TK_LIT_INT [6212694]
- 424 TK_PR_STRING [string]
- 424 TK_LIT_INT [753]
- 424 TK_ESPECIAL [,]
- 424 TK_ESPECIAL [-]
- 424 TK_LIT_INT [0802367690]
- 424 TK_ESPECIAL [,]
- 425 TK_LIT_FLOAT [339.95214]
- 425 TK_PR_CHAR [char]
- 425 TK_PR_INPUT [input]
- 425 TK_ESPECIAL [[]
- 425 TK_LIT_CHAR [')']
- 426 TK_LIT_STRING ["|| * XzZ&&Mi&&mvMis do w&&iS>={QtCl input FfY"]
- 426 TK_LIT_FLOAT [839043596.833]
- 426 TK_LIT_INT [680867]
- 427 TK_IDENTIFICADOR [____9Y6Rpifb6tC6O_KZRzTiP1Vzft1f0_KBAv0vzTb83IuijY8DTMfdFN48ymaJ5myiBfHGSCYJknAztEWNCDYTtmDAh]
- 427 TK_LIT_CHAR ['*']
- 428 TK_LIT_STRING [" int >,fZ}zjSuCl bool U<={LYKOInVAM0AE}Kjy if baX int 6M"]
- 428 TK_ESPECIAL [[]
- 428 TK_ESPECIAL [-]
- 428 TK_LIT_INT [044060250]
- 428 TK_ESPECIAL [-]
- 428 TK_LIT_INT [12764693]
- 428 TK_LIT_CHAR ['/']
- 428 TK_PR_THEN [then]
- 429 TK_LIT_CHAR ['Q']
- 429 TK_ESPECIAL [{]
- 429 TK_PR_RETURN [return]
- 429 TK_PR_RETURN [return]
- 429 TK_PR_INT [int]
- 429 TK_PR_FLOAT [float]
- 429 TK_ESPECIAL [,]
- 429 TK_ESPECIAL [+]
- 429 TK_ESPECIAL [=]
- 430 TK_ESPECIAL [-]
- 430 TK_LIT_STRING ["oj * "]
- 430 TK_ESPECIAL [;]
- 430 TK_LIT_STRING ["7uc if  then uHpf8 float iRCk"]
- 430 TK_ESPECIAL [-]
- 430 TK_LIT_FLOAT [94083.18]
- 431 TK_LIT_STRING ["Scp+ gF||p& do C>k -  float ==2I_4||Si!=3 else f char b__&R"]
- 431 TK_LIT_STRING ["XNdF0Wp;$i_F[S;!=eWZ&&r =  char "]
- 431 TK_LIT_STRING [", = h - "]
- 431 TK_ESPECIAL [=]
- 431 TK_IDENTIFICADOR [_wyXBWiOGzd]
- 432 TK_ESPECIAL [-]
- 432 TK_LIT_STRING ["YV>(y int GB>GJ||:lY||A>mO =  * {r"]
- 432 TK_LIT_CHAR ['+']
- 433 TK_LIT_FLOAT [2990945411.53250162]
- 433 TK_PR_RETURN [return]
- 433 TK_PR_INT [int]
- 433 TK_PR_FLOAT [float]
- 433 TK_ESPECIAL [*]
- 433 TK_IDENTIFICADOR [_then]
- 433 TK_ESPECIAL [!]
- 434 TK_IDENTIFICADOR [____gDoTnZr3mRLR8mD27OwWYEmLIk0iACq611ITRhnVVUdI]
- 434 TK_LIT_CHAR ['T']
- 434 TK_IDENTIFICADOR [____gM9Dnh3ptlma2GFafH6qfCJjQ]
- 434 TK_LIT_INT [094]
- 434 TK_LIT_CHAR ['(']
- 434 TK_LIT_CHAR [';']
- 434 TK_LIT_FLOAT [7403.6920105]
- 435 TK_IDENTIFICADOR [_____int]
- 435 TK_ESPECIAL [}]
- 435 TK_LIT_STRING ["l3Ax = k>= * != then P=="]
- 435 TK_PR_CHAR [char]
- 435 TK_LIT_FLOAT [470.5547]
- 435 TK_ESPECIAL [-]
- 435 TK_LIT_FLOAT [47951.2842840792]
- 437 TK_IDENTIFICADOR [_k0xaL5LJHbjaoKtdCy7V7xQ2KQFGwm2uAZAqSREgDDfPbZgSBJcLSyvJ1VkCaP1iJqc0yT2aEgANMfCOPEg9XtHb3r]
- 437 TK_IDENTIFICADOR [_oz1hmLozqlaszpCZdEGpp0XgR24hAxdtwV8j6fcu]
- 437 TK_LIT_INT [0684413022]
- 437 TK_ESPECIAL [}]
- 437 TK_ESPECIAL [-]
- 437 TK_LIT_INT [900583831]
- 438 TK_LIT_STRING ["e:==I4}G<=Pd3<[&HW"]
- 438 TK_LIT_CHAR ['y']
- 438 TK_ESPECIAL []]
- 438 TK_LIT_STRING [" while B39[ - aciC if Mg"]
- 438 TK_ESPECIAL [&]
- 438 TK_LIT_CHAR ['}']
- 438 TK_ESPECIAL [{]
- 438 TK_PR_BOOL [bool]
- 439 TK_PR_FLOAT [float]
- 439 TK_IDENTIFICADOR [_____eWrzV2N0QtY]
- 439 TK_LIT_CHAR [',']
- 439 TK_LIT_STRING ["&5Q&"]
- 439 TK_LIT_INT [05214601]
- 439 TK_ESPECIAL [-]
- 439 TK_LIT_FLOAT [0100520915.00942]
- 439 TK_ESPECIAL [(]
- 439 TK_ESPECIAL [-]
- 439 TK_LIT_INT [80]
- 440 TK_IDENTIFICADOR [_8lqBJoNc0sRou6eK4oylMcScG6N1Koxa57WUm8l3vJtRZV2oYsHrfU9Z3GtCv]
- 440 TK_ESPECIAL [-]
- 440 TK_LIT_FLOAT [6607.93589]
- 440 TK_ESPECIAL []]
- 441 TK_ESPECIAL [+]
- 441 TK_ESPECIAL [-]
- 441 TK_LIT_INT [64894]
- 441 TK_LIT_CHAR ['[']
- 441 TK_PR_FLOAT [float]
- 441 TK_PR_THEN [then]
- 441 TK_LIT_STRING ["{7L0 output _kb * F"]
- 442 TK_IDENTIFICADOR [___5xlBw1UikBJRUL8fX6LTb97IDebpGgQ5TZEl8bVZr0Sw17IhsaXJJDhLbx]
- 442 TK_LIT_STRING [" else Y1V return e40{<=7"]
- 442 TK_ESPECIAL [-]
- 442 TK_PR_INT [int]
- 442 TK_LIT_INT [607943]
- 443 TK_IDENTIFICADOR [__uzdFZXwV7hlENrIGqjrOkyovZSliiAa5bXpXyhiw8acrdoDf9KCSGHAhXqzKyu0j1o6FFouU8dyQlOm0OC7Uiqj05rwApZqp]
- 443 TK_ESPECIAL [,]
- 443 TK_ESPECIAL [*]
- 443 TK_ESPECIAL [[]
- 443 TK_LIT_CHAR ['V']
- 443 TK_IDENTIFICADOR [_____hP3ng2AGOz_0QnpiEtZ_gETcj_4slqFkp]
- 443 TK_LIT_INT [4084242]
- 444 TK_IDENTIFICADOR [__CrqRsr0ubxyeQzhqFfj_5R3yY0OBh8hUAJWT]
- 444 TK_LIT_INT [1301992]
- 444 TK_ESPECIAL [-]
- 444 TK_LIT_FLOAT [546688791.5931]
- 445 TK_LIT_STRING ["k<=>>s * HZU = LHeD)q&&Y9Y input  input ,c if HeYgFA<t>=uWc8V input q"]
- 445 TK_LIT_STRING ["0oI6DA0YN *  input  float N$qAB9x string j}"]
- 446 TK_IDENTIFICADOR [___Jv2tI3M47_PseLHsB5L6OMHxH90XphxPouvEwvey9d2OIN1SQ6AVGsRynr7UrOUcoZc28WNo]
- 446 TK_PR_STRING [string]
- 447 TK_LIT_STRING ["Wi>XH - >=p&f9 then &$s string QJt<=;Jr]Wa]p while 2r5aKh}Fks / r9k float VS2 output "]
- 447 TK_ESPECIAL [$]
- 448 TK_IDENTIFICADOR [_____xuOmp2_vhmPyjSx8T58wb3AqGzBU8UPDyxHPPymfHREGv3khrgjmUh7Wg8gdbXt2rd73mHOUdW_HSF]
- 448 TK_LIT_STRING ["<RR5q+ ] do U+  = [p then NG bool "]
- 448 TK_IDENTIFICADOR [____]
- 448 TK_LIT_STRING ["p else "]
- 449 TK_LIT_CHAR ['s']
- 449 TK_ESPECIAL [<]
- 449 TK_LIT_INT [041]
- 449 TK_IDENTIFICADOR [____char]
- 449 TK_LIT_FLOAT [11040303.28585602]
- 449 TK_ESPECIAL [,]
- 449 TK_PR_ELSE [else]
- 449 TK_ESPECIAL [&]
- 449 TK_PR_CHAR [char]
- 449 TK_LIT_CHAR [']']
- 449 TK_PR_OUTPUT [output]
- 450 TK_LIT_CHAR ['s']
- 450 TK_ESPECIAL [-]
- 450 TK_LIT_FLOAT [42599.12063925]
- 450 TK_LIT_CHAR ['!']
- 450 TK_PR_INPUT [input]
- 450 TK_ESPECIAL []]
- 450 TK_LIT_FLOAT [17805567.9664]
- 451 TK_ESPECIAL [-]
- 451 TK_LIT_FLOAT [4872072.15352764]
- 451 TK_PR_RETURN [return]
- 451 TK_LIT_FLOAT [3196.491237980]
- 451 TK_ESPECIAL [(]
- 452 TK_IDENTIFICADOR [___scuz9eXbZaOiNc4tEKVaErOA1dbF1kNftSJjS3253d8cRsY5PriKCTgNtM1JTW4sW3UmJGQQ7ERML4xj]
- 452 TK_LIT_STRING ["t(&Q$y8R float ME>= string 1)!6efkN char jV)kez$1Vc"]
- 453 TK_ESPECIAL [-]
- 453 TK_LIT_FLOAT [9207608783.5897040]
- 453 TK_ESPECIAL [>]
- 453 TK_LIT_CHAR ['=']
- 453 TK_ESPECIAL [{]
- 453 TK_LIT_INT [20]
- 453 TK_ESPECIAL []]
- 453 TK_ESPECIAL [:]
- 453 TK_LIT_STRING ["kC;+ 1lFG] int H_p<brhZ"]
- 453 TK_ESPECIAL [-]
- 453 TK_LIT_INT [562556]
- 453 TK_PR_WHILE [while]
- 454 TK_LIT_CHAR ['/']
- 455 TK_LIT_STRING [" do  / 4 do kRR[F output O if  output >=3A2 do  else &slMUG0m+ Fv"]
- 455 TK_LIT_STRING ["W}5zD>= /  if j|| int zCr7_J input C_>h+ !=fvoN"]
- 455 TK_ESPECIAL [*]
- 455 TK_PR_BOOL [bool]
- 456 TK_ESPECIAL [:]
- 456 TK_LIT_FLOAT [195.3]
- 456 TK_LIT_INT [34152254]
- 456 TK_PR_INPUT [input]
- 457 TK_IDENTIFICADOR [__yXlEre77T6LOLns5hqJJyAWceh5Seq6CcJ53inrjOxCnfZsF3hWrzzSeHTOVKoPFrp3vpLnDTfrM8WTQCWhY]
- 458 TK_IDENTIFICADOR [__X3vq65bw_ZYYV0NV7Vq6H5WqK02l09N0igqbEC7l4Llfu1bQf22TnbSdzN65IIW3f1v09X4GLu0s6RO5d_aE]
- 458 TK_LIT_FLOAT [094557462.0654793]
- 458 TK_LIT_FLOAT [508384.927944990]
- 458 TK_ESPECIAL [=]
- 458 TK_ESPECIAL [-]
- 458 TK_LIT_INT [02030321]
- 459 TK_IDENTIFICADOR [____HTOO00thh32DH2abW5BYlJwdrNl1dYQnZEW3kZZOqPHra6hAYlen2M7tXBIm]
- 459 TK_LIT_STRING ["R>R4Y:oev(KL6$INh!U string }{yc"]
+ 151 TOKEN_ERRO [']
+ 151 TK_ESPECIAL [,]
+ 151 TOKEN_ERRO [']
+ 151 TK_ESPECIAL [<]
+ 151 TK_LIT_FLOAT [677468.19099]
+ 151 TK_ESPECIAL [{]
+ 151 TK_LIT_FLOAT [65500453.849416]
+ 152 TK_IDENTIFICADOR [__WudhnHNjx0FNmDimiZKsIFRph1W]
+ 152 TK_LIT_INT [638]
+ 152 TK_ESPECIAL [}]
+ 152 TK_LIT_CHAR ['i']
+ 153 TK_LIT_STRING [" - F int cx_ / 4F = P< then A{UMl then iO! string  int _>"]
+ 153 TK_ESPECIAL [-]
+ 153 TK_LIT_FLOAT [0160024.502173742]
+ 153 TK_LIT_CHAR ['g']
+ 153 TK_LIT_INT [7165306]
+ 153 TK_PR_DO [do]
+ 153 TK_ESPECIAL [-]
+ 153 TK_ESPECIAL [}]
+ 153 TK_LIT_STRING ["||h / J!= / 9ZJ{("]
+ 154 TK_LIT_FLOAT [34164155.139506775]
+ 154 TOKEN_ERRO [']
+ 154 TK_ESPECIAL []]
+ 154 TOKEN_ERRO [']
+ 154 TK_ESPECIAL [$]
+ 154 TK_PR_IF [if]
+ 154 TK_PR_OUTPUT [output]
+ 154 TK_PR_DO [do]
+ 154 TK_LIT_STRING ["zGN char uF"]
+ 154 TK_ESPECIAL [&]
+ 154 TK_PR_ELSE [else]
+ 155 TK_LIT_INT [32300]
+ 155 TOKEN_ERRO [']
+ 155 TK_ESPECIAL []]
+ 155 TOKEN_ERRO [']
+ 155 TK_LIT_FLOAT [1406175210.252028]
+ 155 TK_ESPECIAL [=]
+ 155 TK_LIT_STRING ["<"]
+ 156 TK_IDENTIFICADOR [____LikZrNCpE_ZQRI3gam0GfGs2YQcBNRfwLZFUHn_q3TpJo47yRHvULDqYYW_gUxxmjCQXLELWTqnI5fGOlC_nUpdf8Zye]
+ 156 TK_PR_OUTPUT [output]
+ 156 TK_LIT_CHAR ['Q']
+ 156 TK_ESPECIAL [-]
+ 156 TK_LIT_FLOAT [21399609.10]
+ 156 TK_LIT_FLOAT [869827620.433806]
+ 156 TK_ESPECIAL [-]
+ 156 TK_ESPECIAL [=]
+ 157 TK_ESPECIAL [-]
+ 157 TK_LIT_INT [293193100]
+ 157 TK_IDENTIFICADOR [_0bKL9ZNqwSnbAOiCw3eUn7YuPGsJSHLy16LD8FRlwpiZIWgOs]
+ 157 TK_PR_THEN [then]
+ 157 TK_ESPECIAL [,]
+ 157 TK_LIT_INT [1001]
+ 158 TK_LIT_INT [736889543]
+ 158 TK_ESPECIAL [(]
+ 158 TK_ESPECIAL [-]
+ 158 TK_LIT_INT [7]
+ 158 TK_ESPECIAL [-]
+ 158 TK_LIT_FLOAT [4280253.335]
+ 158 TK_ESPECIAL [<]
+ 158 TK_LIT_INT [01749462]
+ 159 TK_LIT_STRING ["h int gZ:N<=ki860v+ _5sN&& if Rc<:{2>=R[f4]A9 output A6Y then Vcbk"]
+ 159 TK_PR_FLOAT [float]
+ 159 TK_IDENTIFICADOR [_]
+ 159 TK_ESPECIAL [*]
+ 159 TOKEN_ERRO [']
+ 159 TK_ESPECIAL [<]
+ 159 TOKEN_ERRO [']
+ 159 TK_LIT_INT [9978519]
+ 159 TK_ESPECIAL [/]
+ 160 TK_LIT_STRING ["j int 02AeI!>ag while !V==w do ==>|| if E if 5iD char  string c&l /  input 0geoiM$:]0G"]
+ 161 TK_LIT_STRING [" while Y>r! float xF{ *  * tm3||KRI output tJg while TtOsBVSkaW&& string Cm bool YlH["]
+ 161 TK_LIT_CHAR ['g']
+ 161 TK_IDENTIFICADOR [__ritdy2vCQ7wuMmF5PfJ4szGsOfNcuo]
+ 161 TK_ESPECIAL [[]
+ 161 TK_LIT_CHAR ['m']
+ 161 TK_PR_OUTPUT [output]
+ 161 TK_LIT_CHAR ['n']
+ 162 TK_LIT_FLOAT [673602349.708132]
+ 162 TK_PR_DO [do]
+ 162 TK_ESPECIAL [-]
+ 162 TK_LIT_INT [3792060249]
+ 162 TK_ESPECIAL [$]
+ 162 TK_LIT_STRING [" return Y output zp)DX / b"]
+ 162 TK_PR_IF [if]
+ 162 TK_ESPECIAL [{]
+ 162 TK_PR_BOOL [bool]
+ 163 TK_PR_INPUT [input]
+ 163 TK_ESPECIAL [$]
+ 163 TK_LIT_FLOAT [397164189.93927]
+ 163 TK_IDENTIFICADOR [__int]
+ 163 TK_ESPECIAL [$]
+ 164 TK_LIT_STRING ["> - aqMra||wQf then  char x char q) - VE = >=p6 else &&"]
+ 164 TK_LIT_STRING ["Ywau)0 return D1F"]
+ 164 TK_ESPECIAL [>]
+ 164 TOKEN_ERRO [']
+ 164 TK_ESPECIAL [:]
+ 164 TOKEN_ERRO [']
+ 164 TK_LIT_FLOAT [943253.08]
+ 164 TK_ESPECIAL [+]
+ 164 TK_ESPECIAL [-]
+ 164 TK_LIT_FLOAT [660.737]
+ 164 TK_PR_THEN [then]
+ 165 TK_LIT_STRING ["G<=DO = }]==, * M+  -  int (Hg$7 char t<a||"]
+ 165 TK_LIT_STRING [">=VJ<AnIUV||99c"]
+ 166 TK_IDENTIFICADOR [___kDagXC6Js3DrErPV7UOobjZDGSji1Vvdc1RRS0UM66kPLYO1VEN4mg8i37EntvSyTIvuf3AJjXefujApVpue]
+ 167 TK_LIT_STRING ["80[v float Zn32;cUqv input x( output H char  bool I==(q(k>jOEag3Q<9:3{[XcQj"]
+ 167 TK_LIT_INT [13]
+ 167 TK_LIT_STRING ["D bool XvJ8 while  else [ else  * "]
+ 167 TK_IDENTIFICADOR [__se]
+ 167 TK_LIT_CHAR ['Y']
+ 167 TK_LIT_INT [02]
+ 168 TK_IDENTIFICADOR [_____9PacVxXF_kpXDh3Ngqp7OdLcRTUA0QQSRkcVyY4kWBx3nsSG]
+ 168 TK_LIT_STRING ["J while ==T2dcO / boiPl67"]
+ 168 TK_LIT_CHAR ['e']
+ 168 TK_ESPECIAL [/]
+ 169 TK_IDENTIFICADOR [_YKOIOeIBGHC6uUPcgTNuja6tidVQ6nun3bR7bYwUEoNMEiBxPoFO_yGK5zA1EvTvXw4KLYjtpQBvhuXAx_IzU]
+ 170 TK_IDENTIFICADOR [_dFyhtIKOtFwEpnT5kgHtqQnWumPHlJSCHeN_ZQempY5RnFAEDoB7ASmw0jGFqoMQHf6fMVdsI_EvAZdxNEgFkaHWUhAt]
+ 170 TK_PR_OUTPUT [output]
+ 170 TK_ESPECIAL [}]
+ 170 TK_LIT_CHAR ['E']
+ 170 TK_IDENTIFICADOR [___input]
+ 170 TK_LIT_INT [7261433]
+ 170 TK_LIT_CHAR ['d']
+ 170 TK_ESPECIAL [-]
+ 170 TK_LIT_FLOAT [01.533004278]
+ 171 TK_ESPECIAL [-]
+ 171 TK_LIT_INT [36906]
+ 171 TK_ESPECIAL [-]
+ 171 TK_LIT_FLOAT [59763791.36227575]
+ 171 TK_ESPECIAL [+]
+ 171 TK_ESPECIAL [[]
+ 171 TK_PR_FLOAT [float]
+ 171 TK_LIT_INT [648376]
+ 171 TK_PR_ELSE [else]
+ 171 TOKEN_ERRO [']
+ 171 TK_ESPECIAL [-]
+ 171 TOKEN_ERRO [']
+ 172 TK_LIT_FLOAT [242581.4]
+ 172 TK_LIT_CHAR ['6']
+ 172 TK_ESPECIAL [-]
+ 172 TK_LIT_INT [6]
+ 172 TK_LIT_CHAR ['J']
+ 172 TK_IDENTIFICADOR [_____rTfCyl0EEJ9fMxJvnnq0m2dssWN]
+ 172 TOKEN_ERRO [']
+ 172 TK_ESPECIAL [[]
+ 172 TOKEN_ERRO [']
+ 173 TK_IDENTIFICADOR [____t9KaiFkzovoDsQQ4ouOU1FGAqXUyZX9M2w8zfI6GI7SBK]
+ 173 TK_ESPECIAL [/]
+ 173 TK_IDENTIFICADOR [_char]
+ 173 TK_LIT_FLOAT [8999495.11306]
+ 173 TK_LIT_STRING ["B - M5"]
+ 173 TK_ESPECIAL [=]
+ 173 TK_ESPECIAL [-]
+ 173 TK_LIT_FLOAT [3.4]
+ 173 TK_ESPECIAL [{]
+ 174 TK_LIT_CHAR ['S']
+ 174 TK_ESPECIAL [-]
+ 174 TK_LIT_INT [63044851]
+ 174 TOKEN_ERRO [']
+ 174 TK_ESPECIAL [&]
+ 174 TOKEN_ERRO [']
+ 174 TK_ESPECIAL [-]
+ 174 TK_LIT_FLOAT [0.2103]
+ 174 TK_ESPECIAL [(]
+ 175 TK_LIT_STRING [") bool Tzz$xbY}9!=Pv do ||yr float  bool w3,"]
+ 175 TK_PR_INPUT [input]
+ 175 TK_PR_STRING [string]
+ 176 TK_LIT_STRING ["4( input 1L==H43 while PbS5x4 else 1$ULr int p return K = &<73TF4c float  /  = XYd string d"]
+ 176 TK_ESPECIAL [-]
+ 176 TK_LIT_INT [278]
+ 176 TK_LIT_CHAR ['O']
+ 176 TK_ESPECIAL [-]
+ 176 TK_LIT_INT [80]
+ 176 TK_LIT_FLOAT [724.9639098496]
+ 177 TK_LIT_STRING ["xyAI output $J output  do &Cb return  - c9!=1W8$Y int L"]
+ 177 TK_ESPECIAL [>]
+ 177 TK_IDENTIFICADOR [_KCjhA3oMGtNZkXM56BhMoeCjwCk0i44F_4_vVoQwlL_xUoW_wC9tl6316h170JVL4Qa8dL]
+ 178 TK_ESPECIAL [-]
+ 178 TK_LIT_FLOAT [9786038.00036]
+ 178 TK_IDENTIFICADOR [_____do]
+ 178 TK_PR_INT [int]
+ 178 TK_ESPECIAL [[]
+ 178 TK_LIT_INT [9340]
+ 178 TK_ESPECIAL []]
+ 178 TK_ESPECIAL [-]
+ 178 TOKEN_ERRO [']
+ 178 TK_ESPECIAL [+]
+ 178 TOKEN_ERRO [']
+ 178 TK_ESPECIAL [*]
+ 178 TK_PR_STRING [string]
+ 179 TK_LIT_CHAR ['L']
+ 179 TK_ESPECIAL [-]
+ 179 TK_LIT_INT [9349895]
+ 179 TK_LIT_STRING [" while f"]
+ 179 TK_PR_ELSE [else]
+ 180 TK_IDENTIFICADOR [_____Sl2GbryhsakjK1tQHhIgZspVpen5OnMihIjVlducS3mWPIpNxU9dNpbGt9jIOpYyBcsrlK8dWeH_MH6t9VcYa6iSTF]
+ 180 TK_ESPECIAL [-]
+ 180 TK_LIT_FLOAT [75603.9]
+ 180 TK_LIT_STRING ["m) float pXoQ{(pu * ;t]ri return Sg>"]
+ 180 TK_ESPECIAL [$]
+ 180 TK_ESPECIAL [{]
+ 181 TK_LIT_INT [60688]
+ 181 TK_ESPECIAL [,]
+ 181 TK_ESPECIAL [:]
+ 181 TK_ESPECIAL [(]
+ 181 TK_IDENTIFICADOR [_YaQPdKIxBKUZsH3pNA975]
+ 181 TK_ESPECIAL [-]
+ 181 TK_LIT_FLOAT [4.5722095]
+ 181 TK_LIT_STRING ["0MCpZ:v output Y"]
+ 182 TK_PR_DO [do]
+ 182 TK_ESPECIAL [-]
+ 182 TK_LIT_CHAR ['P']
+ 182 TK_ESPECIAL [/]
+ 182 TK_PR_FLOAT [float]
+ 183 TK_LIT_STRING ["==8 else Y[+ Xm$Cu2<$7U}z1DP do WuL int :g7G bool "]
+ 184 TK_IDENTIFICADOR [_qLzh8lGvQJvgrx_d86AtLaRX3UgUnWVt33CAjdnkkognjVYsnT3_HgOyqO4GOsJSbiXlW9h8YyJ0c7ZeNve]
+ 184 TOKEN_ERRO [']
+ 184 TK_ESPECIAL [[]
+ 184 TOKEN_ERRO [']
+ 184 TK_PR_WHILE [while]
+ 185 TK_IDENTIFICADOR [___lMwcmfOI4SfFnFpskCWxVjOuF2vQt7At7PRfow9lZ2FdliLNNhkKzh8wquJTBGLihUkYL8xD8JNM2i77nO2MyWt7]
+ 185 TK_ESPECIAL [=]
+ 185 TK_ESPECIAL [=]
+ 185 TK_ESPECIAL [}]
+ 186 TK_IDENTIFICADOR [__ZPWdpgfHgXEBA9zG3uJYspxhzVq3_oX3r4KyzzpKHs5vWsmhuaT3D3mGRhdQ9hNAg5mlOw8JAKSwng]
+ 186 TK_IDENTIFICADOR [__]
+ 186 TK_ESPECIAL [{]
+ 186 TK_ESPECIAL [-]
+ 186 TOKEN_ERRO [']
+ 186 TK_ESPECIAL [(]
+ 186 TOKEN_ERRO [']
+ 186 TK_ESPECIAL [-]
+ 186 TK_LIT_FLOAT [090.0666721798]
+ 186 TK_ESPECIAL [[]
+ 186 TK_ESPECIAL [-]
+ 186 TK_LIT_INT [97]
+ 186 TK_LIT_FLOAT [7190636063.992103]
+ 187 TK_LIT_STRING [" while J> - v,[ND[ / sW char sAN&b - bf7A input OFsn( while f)"]
+ 187 TOKEN_ERRO [']
+ 187 TK_ESPECIAL [/]
+ 187 TOKEN_ERRO [']
+ 187 TK_ESPECIAL [-]
+ 187 TK_LIT_FLOAT [201333.06]
+ 187 TK_LIT_INT [5158892]
+ 187 TK_LIT_STRING ["Eim7Xwc, if N> output 3s&&vTFb else "]
+ 188 TK_IDENTIFICADOR [____ExrbwUNbzOsh]
+ 188 TK_ESPECIAL [!]
+ 189 TK_LIT_STRING [" else 81Dwd while F>=5vOM return y string  output zOw: = O{A int l$Ovq!6;==: else + "]
+ 189 TK_PR_STRING [string]
+ 189 TK_ESPECIAL [;]
+ 189 TK_ESPECIAL [(]
+ 189 TOKEN_ERRO [']
+ 189 TK_ESPECIAL [=]
+ 189 TOKEN_ERRO [']
+ 189 TK_PR_INT [int]
+ 189 TK_IDENTIFICADOR [__return]
+ 189 TK_PR_CHAR [char]
+ 189 TOKEN_ERRO [']
+ 189 TK_ESPECIAL []]
+ 189 TOKEN_ERRO [']
+ 189 TK_ESPECIAL [/]
+ 190 TK_ESPECIAL [-]
+ 190 TK_LIT_FLOAT [6835868684.98119]
+ 191 TK_IDENTIFICADOR [___3AOOLbFL4CrZOnuq4GMOL7jh15WGfOzbynQFH_TWeTQX8qUP0h6WSgWsIgATtMQ0KU6eln9hz1qG2lE]
+ 191 TK_ESPECIAL [<]
+ 191 TK_IDENTIFICADOR [___float]
+ 191 TK_LIT_FLOAT [7286318.07822]
+ 192 TK_LIT_STRING ["KT if Z do 0< - N; float Ga{w& while M"]
+ 193 TK_LIT_STRING ["$;MKc)Sney8c;X+ 5 then  output  *  string ==! float }Igegs1 = 2P;9jwH char J7;;"]
+ 193 TK_LIT_FLOAT [50813580.1]
+ 193 TK_ESPECIAL [,]
+ 193 TK_ESPECIAL [-]
+ 193 TK_LIT_INT [676]
+ 193 TOKEN_ERRO [']
+ 193 TK_ESPECIAL [,]
+ 193 TOKEN_ERRO [']
+ 193 TK_ESPECIAL [[]
+ 193 TK_IDENTIFICADOR [_se]
+ 193 TK_LIT_INT [71705351]
+ 193 TK_LIT_INT [939755]
+ 193 TK_PR_INT [int]
+ 194 TK_PR_THEN [then]
+ 194 TK_PR_OUTPUT [output]
+ 194 TK_ESPECIAL [$]
+ 194 TK_ESPECIAL [/]
+ 194 TK_LIT_FLOAT [435.2866018551]
+ 195 TK_IDENTIFICADOR [_Z40kcaNosyMt6_6e00x7WCPB2Vp8PahMsiw]
+ 195 TK_ESPECIAL [-]
+ 195 TK_LIT_FLOAT [7435873.076]
+ 196 TK_LIT_STRING ["&&WhM5!& output a!,{TcIQ}&56Cn float FSA8 float ,;OvGwCS;h<=+ PVq&&"]
+ 196 TK_PR_BOOL [bool]
+ 197 TK_IDENTIFICADOR [__2QK4RNBz3etXPDZpXBqPGF1x5MX9WkhollHE14ZcKs7LelgXSmXtdqwd_TN42L290fX1We3mJEdmYwnZRjoOt3B]
+ 197 TK_ESPECIAL [-]
+ 197 TK_LIT_INT [8809004]
+ 197 TK_LIT_INT [6951529574]
+ 197 TK_ESPECIAL [>]
+ 198 TK_IDENTIFICADOR [__yMJ1V5CFHWosyRmkbW8z_Pk3xJOGWQryUJxZTUXeSOhmN8Iso7noaDZzMFhOztz2ISN2AH5nsAO]
+ 198 TK_LIT_FLOAT [1992.6170468]
+ 198 TK_ESPECIAL [*]
+ 198 TK_ESPECIAL [-]
+ 198 TK_ESPECIAL [(]
+ 198 TK_PR_CHAR [char]
+ 198 TK_ESPECIAL [/]
+ 198 TK_ESPECIAL [-]
+ 198 TOKEN_ERRO [']
+ 198 TK_ESPECIAL [>]
+ 198 TOKEN_ERRO [']
+ 199 TK_LIT_STRING ["lS<=>=9 do G5||pmSQ char + t int "]
+ 199 TK_ESPECIAL [&]
+ 199 TK_ESPECIAL [-]
+ 199 TK_LIT_CHAR ['o']
+ 200 TK_IDENTIFICADOR [_____FuSp90tyUg57K0oA5AI_UVbIeIDg5ahPHnJ4PNXcn1rxNkcsLnvDmvaHF5Z5]
+ 200 TK_IDENTIFICADOR [_____float]
+ 200 TK_ESPECIAL [-]
+ 200 TK_LIT_FLOAT [16891823.88671]
+ 200 TK_IDENTIFICADOR [___float]
+ 200 TK_LIT_CHAR ['i']
+ 200 TK_IDENTIFICADOR [_CoDI614Y]
+ 201 TK_LIT_INT [460399]
+ 201 TK_ESPECIAL [-]
+ 201 TK_LIT_FLOAT [4.446802]
+ 201 TK_ESPECIAL [!]
+ 201 TK_LIT_STRING ["8 - zZP: if  char <2+ AH * &8Dzk then + wFV"]
+ 202 TK_PR_DO [do]
+ 202 TK_PR_CHAR [char]
+ 202 TK_ESPECIAL []]
+ 202 TK_LIT_FLOAT [9425.49]
+ 202 TK_ESPECIAL [-]
+ 202 TK_LIT_INT [64830532]
+ 202 TK_ESPECIAL [-]
+ 202 TK_LIT_INT [962401695]
+ 202 TK_ESPECIAL [-]
+ 202 TK_LIT_INT [27]
+ 203 TK_LIT_INT [1233854651]
+ 203 TOKEN_ERRO [']
+ 203 TK_ESPECIAL [$]
+ 203 TOKEN_ERRO [']
+ 203 TK_LIT_FLOAT [0105632.17140]
+ 203 TK_ESPECIAL [-]
+ 203 TK_LIT_FLOAT [33065642.302386233]
+ 203 TK_ESPECIAL [)]
+ 204 TK_IDENTIFICADOR [_dTNo6M059i0RO9JEk1b1ETOqLF3CZfPRxp_F5ohzcDwzj1VtmN2vGEZMZ3S8]
+ 204 TK_IDENTIFICADOR [___Iwe4nwefp4FNkJnCsXqudwX50iGEHcKxI]
+ 204 TK_LIT_STRING ["g string ifsk;v<Cwl!=UddJ_+ CjI"]
+ 204 TK_ESPECIAL [/]
+ 204 TK_ESPECIAL [}]
+ 205 TK_LIT_CHAR ['k']
+ 205 TK_ESPECIAL [{]
+ 205 TK_ESPECIAL [=]
+ 205 TK_LIT_INT [7]
+ 205 TK_ESPECIAL [-]
+ 205 TK_LIT_FLOAT [550.935]
+ 205 TK_LIT_INT [62778654]
+ 205 TK_LIT_CHAR ['e']
+ 205 TK_PR_THEN [then]
+ 205 TK_ESPECIAL [=]
+ 206 TK_LIT_STRING ["DzNSVB:5l /  return m74 do 2; input "]
+ 206 TK_ESPECIAL [;]
+ 206 TK_PR_OUTPUT [output]
+ 206 TOKEN_ERRO [']
+ 206 TK_ESPECIAL [>]
+ 206 TOKEN_ERRO [']
+ 206 TK_ESPECIAL [:]
+ 206 TK_ESPECIAL [-]
+ 206 TK_LIT_FLOAT [7110689920.28548]
+ 206 TK_ESPECIAL [-]
+ 206 TK_LIT_FLOAT [91113719.24115928]
+ 206 TK_PR_INPUT [input]
+ 207 TK_PR_WHILE [while]
+ 207 TK_IDENTIFICADOR [_Vbw_L_a4MH6DF8jbCXuS607BnG2n0DGOOt3Odyf]
+ 207 TK_ESPECIAL [>]
+ 207 TK_ESPECIAL [-]
+ 207 TK_LIT_INT [74499494]
+ 208 TK_LIT_STRING ["MZ return <=M9||||0Q&e!=wGBeJm8 float 7 bool {b+ ||MD} char  if T}N&v"]
+ 208 TK_LIT_FLOAT [163846.63]
+ 209 TK_LIT_STRING ["KtTP+ $[&naa float !=4u&&fpI;,fzVBf! string n< * 1E&&w&&{pbM>=El[FHT"]
+ 209 TK_ESPECIAL [-]
+ 209 TK_LIT_FLOAT [851332.0157472]
+ 209 TK_ESPECIAL [)]
+ 209 TK_ESPECIAL [[]
+ 209 TK_ESPECIAL [!]
+ 209 TK_LIT_INT [303583]
+ 209 TK_LIT_INT [3]
+ 210 TK_IDENTIFICADOR [___RnImIuk7yAG_RlJVukq1XoUFjTU3JNcJbZapCov90bH5Tv]
+ 210 TK_LIT_STRING ["j4"]
+ 210 TK_ESPECIAL [-]
+ 210 TK_LIT_INT [64]
+ 210 TK_LIT_CHAR ['Z']
+ 210 TK_IDENTIFICADOR [__w]
+ 210 TK_PR_INPUT [input]
+ 210 TK_ESPECIAL [-]
+ 210 TK_LIT_INT [81026]
+ 210 TOKEN_ERRO [']
+ 210 TK_ESPECIAL [}]
+ 210 TOKEN_ERRO [']
+ 210 TK_LIT_STRING ["wwQA if ;(x0Dh"]
+ 211 TK_ESPECIAL [>]
+ 211 TK_ESPECIAL [-]
+ 211 TK_LIT_INT [29969096]
+ 211 TK_PR_DO [do]
+ 211 TK_PR_STRING [string]
+ 211 TK_LIT_INT [6312]
+ 211 TK_ESPECIAL [-]
+ 211 TK_LIT_INT [1946953521]
+ 212 TK_IDENTIFICADOR [_____KbaKOf6PrLGDKgabfMkqUGgxgDszHtppwHu8iVRDvWtLCEfiHpuE0eq7n_zpxGwQJgTbgZl]
+ 212 TK_ESPECIAL [-]
+ 212 TK_LIT_FLOAT [1213360833.3]
+ 212 TK_ESPECIAL [{]
+ 212 TK_ESPECIAL [-]
+ 212 TK_LIT_FLOAT [89587340.429231]
+ 213 TK_IDENTIFICADOR [_____UTI6SpbILHKM0mNKKBpaFiehE4MfnWHexIC_8o9gwTNyCaDKI]
+ 213 TK_LIT_STRING ["5 if 9 while ) then MD>="]
+ 213 TK_IDENTIFICADOR [____input]
+ 214 TK_LIT_STRING [">=vMa else M]Js2CFufaXXjZfz7}1n / !_ = SWC86"]
+ 214 TK_ESPECIAL [!]
+ 214 TK_LIT_CHAR ['2']
+ 214 TK_ESPECIAL [$]
+ 214 TK_ESPECIAL [!]
+ 214 TK_LIT_STRING ["7SD"]
+ 214 TK_ESPECIAL [[]
+ 214 TK_LIT_STRING ["v5 - }T;)(ujVo7m2hU1==9 / zhPQ35"]
+ 214 TOKEN_ERRO [']
+ 214 TK_ESPECIAL []]
+ 214 TOKEN_ERRO [']
+ 215 TK_LIT_INT [4973213490]
+ 215 TK_LIT_CHAR ['U']
+ 215 TK_ESPECIAL []]
+ 216 TK_IDENTIFICADOR [_____zU1jOF5ebEKPNbozhZFpuirCNOqsvNQcUavsBbJGZS_M4ZlktYj_KrvwouDdLSqMV81nhkwKGplH0O8]
+ 216 TK_LIT_STRING ["ogK5l>=n> output + ) return ]4mGp,!= * 0O[suo float ]H!=kW"]
+ 217 TK_IDENTIFICADOR [__do]
+ 217 TK_IDENTIFICADOR [__input]
+ 217 TK_ESPECIAL [;]
+ 217 TK_ESPECIAL [:]
+ 217 TK_PR_DO [do]
+ 217 TK_ESPECIAL [-]
+ 217 TK_LIT_FLOAT [7710198996.246420]
+ 217 TK_ESPECIAL [-]
+ 217 TK_LIT_INT [86916159]
+ 217 TOKEN_ERRO [']
+ 217 TK_ESPECIAL [$]
+ 217 TOKEN_ERRO [']
+ 218 TK_LIT_STRING [" return zU *  then "]
+ 218 TK_PR_RETURN [return]
+ 218 TK_LIT_CHAR ['R']
+ 218 TK_ESPECIAL [>]
+ 218 TK_ESPECIAL [{]
+ 218 TK_LIT_FLOAT [08.4198786256]
+ 218 TK_ESPECIAL [[]
+ 218 TK_ESPECIAL [;]
+ 219 TK_LIT_STRING ["0 input K$aL{Up if <=8{bx float A)<= then he==KXRZ else J"]
+ 219 TK_LIT_STRING ["23Mt input ;, then d4v"]
+ 219 TK_ESPECIAL [-]
+ 219 TK_LIT_INT [007]
+ 219 TK_ESPECIAL [/]
+ 219 TK_ESPECIAL [{]
+ 219 TK_ESPECIAL [-]
+ 219 TK_PR_IF [if]
+ 219 TK_IDENTIFICADOR [___bool]
+ 220 TK_LIT_FLOAT [1501.71772]
+ 221 TK_IDENTIFICADOR [__YRbEkOqUczvciWwHGptHQABLmvlBHfhW8SBkX81Cg5ajEQXb90V1mmKX_fjo2H2CdkWiCua4hoBMzAfIRdXWOv5gcI]
+ 221 TK_ESPECIAL [-]
+ 221 TK_LIT_FLOAT [3916977.345704524]
+ 221 TK_ESPECIAL [-]
+ 221 TK_LIT_FLOAT [4048.6580826]
+ 221 TOKEN_ERRO [']
+ 221 TK_ESPECIAL [:]
+ 221 TOKEN_ERRO [']
+ 222 TK_IDENTIFICADOR [____bJgnmGs2HN5kcuuQvZPZKIynKji9N25yvTTLV4Ib2u09XS0oo47uicxlI4CRXQMm7F22NHaxb5o]
+ 222 TK_ESPECIAL [)]
+ 222 TK_LIT_INT [2083772]
+ 222 TOKEN_ERRO [']
+ 222 TK_ESPECIAL [}]
+ 222 TOKEN_ERRO [']
+ 223 TK_IDENTIFICADOR [_1iCSREiCIVOHwhz32aYJlwzlUlvKuaNDG9qNJ1_iCucleT4xt9JJSUcerGPPoX0vcQd9iaAM32dTF_gwVrQVSLL23D_6u8w]
+ 223 TK_PR_BOOL [bool]
+ 223 TK_PR_WHILE [while]
+ 223 TOKEN_ERRO [']
+ 223 TK_ESPECIAL [;]
+ 223 TOKEN_ERRO [']
+ 223 TK_ESPECIAL [[]
+ 223 TK_PR_FLOAT [float]
+ 223 TK_LIT_CHAR ['o']
+ 223 TK_PR_BOOL [bool]
+ 223 TOKEN_ERRO [']
+ 223 TK_ESPECIAL [-]
+ 223 TOKEN_ERRO [']
+ 224 TK_ESPECIAL [-]
+ 224 TK_LIT_FLOAT [81029.696169700]
+ 224 TK_ESPECIAL [:]
+ 225 TK_LIT_STRING ["59FlGA if :vASH8 input h do fuOh return nBnG$ char &PZ string <=YJ1JUjCZ float e while 7SM:"]
+ 225 TK_ESPECIAL [<]
+ 225 TK_LIT_FLOAT [57639.14]
+ 225 TK_ESPECIAL [)]
+ 225 TK_LIT_STRING ["&& output 6]Hygt -  return l6>"]
+ 225 TK_LIT_FLOAT [223144.9]
+ 225 TK_LIT_INT [19544]
+ 226 TK_PR_THEN [then]
+ 226 TK_ESPECIAL [)]
+ 226 TK_LIT_INT [7409399840]
+ 226 TK_LIT_STRING [""]
+ 226 TK_LIT_FLOAT [2409.93986]
+ 226 TK_ESPECIAL [-]
+ 226 TK_LIT_FLOAT [556000385.961]
+ 226 TK_LIT_FLOAT [8590.164]
+ 226 TK_ESPECIAL [*]
+ 226 TK_PR_RETURN [return]
+ 227 TK_IDENTIFICADOR [_6iqhFzu1_x_nngPiJig2ZrvajXtfoNjYO54PWn1yrEwsHLsVlnFDFtsan8RNHK8GMva_P9Z2JB4EQ9w5lku2eRAL9cUFeue]
+ 227 TK_LIT_FLOAT [690061.31161]
+ 227 TK_ESPECIAL [)]
+ 227 TK_ESPECIAL [;]
+ 227 TK_LIT_FLOAT [282.64271]
+ 227 TOKEN_ERRO [']
+ 227 TK_ESPECIAL [=]
+ 227 TOKEN_ERRO [']
+ 227 TK_LIT_INT [595939]
+ 227 TOKEN_ERRO [']
+ 227 TK_ESPECIAL [)]
+ 227 TOKEN_ERRO [']
+ 228 TK_LIT_STRING [" int 7 bool  output MoiG4avV / Lma7[ -  do Lut0{H:U>E input c output V6 char A<ic return 2&& while "]
+ 228 TK_LIT_CHAR ['m']
+ 228 TK_PR_INT [int]
+ 229 TK_LIT_STRING ["E4ftmT] output  / W while z then AvbQIlTh>=<=&"]
+ 229 TK_IDENTIFICADOR [____string]
+ 229 TK_ESPECIAL [*]
+ 229 TK_ESPECIAL [-]
+ 229 TK_LIT_INT [970]
+ 229 TK_LIT_FLOAT [341.83943809]
+ 229 TK_LIT_INT [64]
+ 230 TK_LIT_STRING ["As2E float X$_jb input ==Z if  then Udr = ,Xv0M&&"]
+ 230 TK_ESPECIAL [{]
+ 230 TK_LIT_FLOAT [72669450.996216000]
+ 230 TK_ESPECIAL [:]
+ 230 TK_PR_INPUT [input]
+ 230 TK_PR_BOOL [bool]
+ 230 TK_IDENTIFICADOR [__5WH9KHZyMHNk2NV]
+ 231 TK_LIT_FLOAT [824612.184511872]
+ 231 TK_IDENTIFICADOR [_output]
+ 232 TK_IDENTIFICADOR [__A9y4d_DLCx3cTgtT0ycwt50CfSwJ7RLSOVf87E6k9cEz2Mtxw6iwVk_S]
+ 232 TOKEN_ERRO [']
+ 232 TK_ESPECIAL [-]
+ 232 TOKEN_ERRO [']
+ 232 TK_ESPECIAL [-]
+ 232 TK_LIT_INT [703]
+ 232 TK_LIT_INT [4695535553]
+ 232 TOKEN_ERRO [']
+ 232 TK_ESPECIAL [$]
+ 232 TOKEN_ERRO [']
+ 232 TK_ESPECIAL [-]
+ 232 TK_LIT_INT [8336]
+ 232 TK_PR_CHAR [char]
+ 232 TK_LIT_CHAR ['S']
+ 233 TK_IDENTIFICADOR [__B0CSDvlFtDDwpyy6zE0f83JOqzMQvwvNI2JDPU23MRC660RpN6Rc5HksQ3t]
+ 234 TK_IDENTIFICADOR [__8xA5AgexkesAicr8cyNnYiIhBf0bKMLMUirJL1VmeymHvsnMCX3HpvwnVVSWwZLSV88DJlgJJ_YGatw]
+ 235 TK_LIT_STRING ["e[ - IS return  output )w(695}fm>=tM[ char t) bool o$ while X - iw"]
+ 235 TK_ESPECIAL [,]
+ 235 TK_LIT_STRING [",y{:5F int GC = 7eC int Ja}4lJbaA"]
+ 235 TK_LIT_FLOAT [515.1]
+ 235 TK_PR_ELSE [else]
+ 236 TK_LIT_STRING ["NcE7Ck"]
+ 236 TK_ESPECIAL [>]
+ 236 TK_IDENTIFICADOR [_bool]
+ 236 TK_IDENTIFICADOR [____then]
+ 236 TK_PR_STRING [string]
+ 236 TK_ESPECIAL [-]
+ 236 TK_LIT_INT [8]
+ 236 TK_ESPECIAL [$]
+ 237 TK_LIT_STRING ["mqGmht&&V>=c1XnB4 / vwN / :X char : if 2 * lsTJee||==koHz = V<"]
+ 237 TK_ESPECIAL [=]
+ 237 TK_ESPECIAL [-]
+ 237 TK_LIT_INT [036982679]
+ 237 TK_ESPECIAL [+]
+ 238 TK_LIT_STRING ["l_ char  do dj int t while {==, char  /  while  do ||,Fq,"]
+ 238 TK_IDENTIFICADOR [____while]
+ 238 TK_ESPECIAL [-]
+ 238 TK_LIT_INT [84074]
+ 238 TOKEN_ERRO [']
+ 238 TK_ESPECIAL [}]
+ 238 TOKEN_ERRO [']
+ 238 TK_LIT_INT [1]
+ 238 TK_LIT_INT [6463130]
+ 238 TK_ESPECIAL [}]
+ 238 TK_ESPECIAL [/]
+ 238 TK_LIT_INT [555758822]
+ 239 TK_PR_STRING [string]
+ 239 TK_ESPECIAL [{]
+ 239 TK_ESPECIAL [&]
+ 239 TOKEN_ERRO [']
+ 239 TK_ESPECIAL [&]
+ 239 TOKEN_ERRO [']
+ 239 TK_LIT_STRING [" * _4ZHV9ree==KqqBS<=zpMe7U"]
+ 240 TK_IDENTIFICADOR [_____L28YxIOXAg5oKjATc]
+ 240 TOKEN_ERRO [']
+ 240 TK_ESPECIAL [/]
+ 240 TOKEN_ERRO [']
+ 240 TK_ESPECIAL [-]
+ 240 TK_LIT_FLOAT [96.6994641]
+ 241 TK_LIT_STRING [" string 8 * hG output nOL$ =  int DlDYbHK if Vb while  char ==>+ ]{Pg:n5v bool v return >=:+  = p1 return 9"]
+ 241 TK_ESPECIAL []]
+ 241 TK_LIT_CHAR ['a']
+ 242 TK_LIT_STRING ["r>=&&t input [fLLt2H return UJy8];W{kDJW while  input WuQirja8gz"]
+ 242 TK_IDENTIFICADOR [__QcD0EmsekXi825FzvMNgeK2AeYpfN8C6K8LRRvPrus0D]
+ 242 TOKEN_ERRO [']
+ 242 TK_ESPECIAL [{]
+ 242 TOKEN_ERRO [']
+ 242 TK_LIT_FLOAT [7417460.9769]
+ 243 TK_IDENTIFICADOR [_do]
+ 243 TK_LIT_CHAR ['6']
+ 243 TK_LIT_INT [1714]
+ 244 TK_LIT_STRING ["; string 8V string n2Dr! - ||{51} else q)98_ then whCRG3_73G&& / >XOxg char huTOt"]
+ 244 TK_LIT_FLOAT [04455304.25707333]
+ 245 TK_IDENTIFICADOR [__Pv097cBbh28tS0aWndQ7xbjxCwsUaeWKsKwfZLVCP5rcow475MpGbJkg1nlO5DPsJmGvXpZfKJqijbC1cyfl7]
+ 245 TK_LIT_FLOAT [45184.0255627584]
+ 245 TK_ESPECIAL [>]
+ 245 TK_LIT_FLOAT [4.15]
+ 245 TK_ESPECIAL [-]
+ 245 TK_LIT_FLOAT [9868693181.233018]
+ 246 TK_LIT_STRING [" * m if  then y} * Db9m+ V while i!X_)! bool "]
+ 246 TK_LIT_CHAR ['K']
+ 246 TK_ESPECIAL [+]
+ 246 TK_ESPECIAL [-]
+ 246 TOKEN_ERRO [']
+ 246 TK_ESPECIAL [}]
+ 246 TOKEN_ERRO [']
+ 246 TK_IDENTIFICADOR [___W6DxbzVnTv7efRaZQz4WE7LWt]
+ 247 TK_ESPECIAL [-]
+ 247 TK_LIT_FLOAT [1023931997.60]
[...]
Test time =   0.17 sec
----------------------------------------------------------
Test Failed.
"e1_avaliacao_14" end time: Sep 09 23:27 PDT
"e1_avaliacao_14" time elapsed: 00:00:00
----------------------------------------------------------

15/407 Testing: e1_avaliacao_15
15/407 Test: e1_avaliacao_15
Command: "/usr/bin/perl" "-I" "./tests/scripts" "./tests/scripts/tesh" "/home/alexandre/Desktop/Compiladores/Projeto/build/pc/tests/e1/avaliacao_15.tesh"
Directory: /home/alexandre/Desktop/Compiladores/Projeto/build/pc
"e1_avaliacao_15" start time: Sep 09 23:27 PDT
Output:
----------------------------------------------------------
Unescaped left brace in regex is deprecated, passed through in regex; marked by <-- HERE in m/\${ <-- HERE (\w+)(?::[=-][^}]*)?}/ at ./tests/scripts/tesh line 345.
Test suite `/home/alexandre/Desktop/Compiladores/Projeto/build/pc/tests/e1/avaliacao_15.tesh'
[avaliacao_15.tesh:5] ./main ./tests/e1/input/nivel15.tokens
Output of <avaliacao_15.tesh:5> mismatch:
...
  2 TK_ESPECIAL [}]
  2 TK_ESPECIAL [>]
+ 
+ Numero de linhas: 3
Test suite `avaliacao_15.tesh': NOK (<avaliacao_15.tesh:5> output mismatch)
<end of output>
Test time =   0.17 sec
----------------------------------------------------------
Test Failed.
"e1_avaliacao_15" end time: Sep 09 23:27 PDT
"e1_avaliacao_15" time elapsed: 00:00:00
----------------------------------------------------------

16/407 Testing: e1_avaliacao_16
16/407 Test: e1_avaliacao_16
Command: "/usr/bin/perl" "-I" "./tests/scripts" "./tests/scripts/tesh" "/home/alexandre/Desktop/Compiladores/Projeto/build/pc/tests/e1/avaliacao_16.tesh"
Directory: /home/alexandre/Desktop/Compiladores/Projeto/build/pc
"e1_avaliacao_16" start time: Sep 09 23:27 PDT
Output:
----------------------------------------------------------
Unescaped left brace in regex is deprecated, passed through in regex; marked by <-- HERE in m/\${ <-- HERE (\w+)(?::[=-][^}]*)?}/ at ./tests/scripts/tesh line 345.
Test suite `/home/alexandre/Desktop/Compiladores/Projeto/build/pc/tests/e1/avaliacao_16.tesh'
[avaliacao_16.tesh:5] ./main ./tests/e1/input/nivel16.tokens
Output of <avaliacao_16.tesh:5> mismatch:
...
  2 TK_ESPECIAL [-]
  2 TK_LIT_INT [2]
+ 
+ Numero de linhas: 3
Test suite `avaliacao_16.tesh': NOK (<avaliacao_16.tesh:5> output mismatch)
<end of output>
Test time =   0.30 sec
----------------------------------------------------------
Test Failed.
"e1_avaliacao_16" end time: Sep 09 23:27 PDT
"e1_avaliacao_16" time elapsed: 00:00:00
----------------------------------------------------------

17/407 Testing: e1_avaliacao_17
17/407 Test: e1_avaliacao_17
Command: "/usr/bin/perl" "-I" "./tests/scripts" "./tests/scripts/tesh" "/home/alexandre/Desktop/Compiladores/Projeto/build/pc/tests/e1/avaliacao_17.tesh"
Directory: /home/alexandre/Desktop/Compiladores/Projeto/build/pc
"e1_avaliacao_17" start time: Sep 09 23:27 PDT
Output:
----------------------------------------------------------
Unescaped left brace in regex is deprecated, passed through in regex; marked by <-- HERE in m/\${ <-- HERE (\w+)(?::[=-][^}]*)?}/ at ./tests/scripts/tesh line 345.
Test suite `/home/alexandre/Desktop/Compiladores/Projeto/build/pc/tests/e1/avaliacao_17.tesh'
[avaliacao_17.tesh:5] ./main ./tests/e1/input/nivel17.tokens
Output of <avaliacao_17.tesh:5> mismatch:
  1 TK_OC_SR [>>]
- 5 TK_OC_SL [<<]
+ 3 TK_OC_SL [<<]
+ 
+ Numero de linhas: 3
Test suite `avaliacao_17.tesh': NOK (<avaliacao_17.tesh:5> output mismatch)
<end of output>
Test time =   0.18 sec
----------------------------------------------------------
Test Failed.
"e1_avaliacao_17" end time: Sep 09 23:27 PDT
"e1_avaliacao_17" time elapsed: 00:00:00
----------------------------------------------------------

18/407 Testing: e1_valgrind_00
18/407 Test: e1_valgrind_00
Command: "/usr/bin/perl" "-I" "./tests/scripts" "./tests/scripts/tesh" "/home/alexandre/Desktop/Compiladores/Projeto/build/pc/tests/e1/valgrind_00.tesh"
Directory: /home/alexandre/Desktop/Compiladores/Projeto/build/pc
"e1_valgrind_00" start time: Sep 09 23:27 PDT
Output:
----------------------------------------------------------
Unescaped left brace in regex is deprecated, passed through in regex; marked by <-- HERE in m/\${ <-- HERE (\w+)(?::[=-][^}]*)?}/ at ./tests/scripts/tesh line 345.
Test suite `/home/alexandre/Desktop/Compiladores/Projeto/build/pc/tests/e1/valgrind_00.tesh'
[valgrind_00.tesh:6] ./tests/scripts/valgrindtest ./main ./tests/e1/input/nivel0.tokens
(ignoring the output of <valgrind_00.tesh:6> as requested)
Test suite `valgrind_00.tesh' OK
<end of output>
Test time =   4.73 sec
----------------------------------------------------------
Test Passed.
"e1_valgrind_00" end time: Sep 09 23:27 PDT
"e1_valgrind_00" time elapsed: 00:00:04
----------------------------------------------------------

19/407 Testing: e1_valgrind_01
19/407 Test: e1_valgrind_01
Command: "/usr/bin/perl" "-I" "./tests/scripts" "./tests/scripts/tesh" "/home/alexandre/Desktop/Compiladores/Projeto/build/pc/tests/e1/valgrind_01.tesh"
Directory: /home/alexandre/Desktop/Compiladores/Projeto/build/pc
"e1_valgrind_01" start time: Sep 09 23:27 PDT
Output:
----------------------------------------------------------
Unescaped left brace in regex is deprecated, passed through in regex; marked by <-- HERE in m/\${ <-- HERE (\w+)(?::[=-][^}]*)?}/ at ./tests/scripts/tesh line 345.
Test suite `/home/alexandre/Desktop/Compiladores/Projeto/build/pc/tests/e1/valgrind_01.tesh'
[valgrind_01.tesh:6] ./tests/scripts/valgrindtest ./main ./tests/e1/input/nivel1.tokens
(ignoring the output of <valgrind_01.tesh:6> as requested)
Test suite `valgrind_01.tesh' OK
<end of output>
Test time =   2.25 sec
----------------------------------------------------------
Test Passed.
"e1_valgrind_01" end time: Sep 09 23:27 PDT
"e1_valgrind_01" time elapsed: 00:00:02
----------------------------------------------------------

20/407 Testing: e1_valgrind_02
20/407 Test: e1_valgrind_02
Command: "/usr/bin/perl" "-I" "./tests/scripts" "./tests/scripts/tesh" "/home/alexandre/Desktop/Compiladores/Projeto/build/pc/tests/e1/valgrind_02.tesh"
Directory: /home/alexandre/Desktop/Compiladores/Projeto/build/pc
"e1_valgrind_02" start time: Sep 09 23:27 PDT
Output:
----------------------------------------------------------
Unescaped left brace in regex is deprecated, passed through in regex; marked by <-- HERE in m/\${ <-- HERE (\w+)(?::[=-][^}]*)?}/ at ./tests/scripts/tesh line 345.
Test suite `/home/alexandre/Desktop/Compiladores/Projeto/build/pc/tests/e1/valgrind_02.tesh'
[valgrind_02.tesh:6] ./tests/scripts/valgrindtest ./main ./tests/e1/input/nivel2.tokens
(ignoring the output of <valgrind_02.tesh:6> as requested)
Test suite `valgrind_02.tesh' OK
<end of output>
Test time =   1.40 sec
----------------------------------------------------------
Test Passed.
"e1_valgrind_02" end time: Sep 09 23:27 PDT
"e1_valgrind_02" time elapsed: 00:00:01
----------------------------------------------------------

21/407 Testing: e1_valgrind_03
21/407 Test: e1_valgrind_03
Command: "/usr/bin/perl" "-I" "./tests/scripts" "./tests/scripts/tesh" "/home/alexandre/Desktop/Compiladores/Projeto/build/pc/tests/e1/valgrind_03.tesh"
Directory: /home/alexandre/Desktop/Compiladores/Projeto/build/pc
"e1_valgrind_03" start time: Sep 09 23:27 PDT
Output:
----------------------------------------------------------
Unescaped left brace in regex is deprecated, passed through in regex; marked by <-- HERE in m/\${ <-- HERE (\w+)(?::[=-][^}]*)?}/ at ./tests/scripts/tesh line 345.
Test suite `/home/alexandre/Desktop/Compiladores/Projeto/build/pc/tests/e1/valgrind_03.tesh'
[valgrind_03.tesh:6] ./tests/scripts/valgrindtest ./main ./tests/e1/input/nivel3.tokens
(ignoring the output of <valgrind_03.tesh:6> as requested)
Test suite `valgrind_03.tesh' OK
<end of output>
Test time =   1.65 sec
----------------------------------------------------------
Test Passed.
"e1_valgrind_03" end time: Sep 09 23:27 PDT
"e1_valgrind_03" time elapsed: 00:00:01
----------------------------------------------------------

22/407 Testing: e1_valgrind_05
22/407 Test: e1_valgrind_05
Command: "/usr/bin/perl" "-I" "./tests/scripts" "./tests/scripts/tesh" "/home/alexandre/Desktop/Compiladores/Projeto/build/pc/tests/e1/valgrind_05.tesh"
Directory: /home/alexandre/Desktop/Compiladores/Projeto/build/pc
"e1_valgrind_05" start time: Sep 09 23:27 PDT
Output:
----------------------------------------------------------
Unescaped left brace in regex is deprecated, passed through in regex; marked by <-- HERE in m/\${ <-- HERE (\w+)(?::[=-][^}]*)?}/ at ./tests/scripts/tesh line 345.
Test suite `/home/alexandre/Desktop/Compiladores/Projeto/build/pc/tests/e1/valgrind_05.tesh'
[valgrind_05.tesh:6] ./tests/scripts/valgrindtest ./main ./tests/e1/input/nivel5.tokens
(ignoring the output of <valgrind_05.tesh:6> as requested)
Test suite `valgrind_05.tesh' OK
<end of output>
Test time =   3.70 sec
----------------------------------------------------------
Test Passed.
"e1_valgrind_05" end time: Sep 09 23:27 PDT
"e1_valgrind_05" time elapsed: 00:00:03
----------------------------------------------------------

23/407 Testing: e1_valgrind_06
23/407 Test: e1_valgrind_06
Command: "/usr/bin/perl" "-I" "./tests/scripts" "./tests/scripts/tesh" "/home/alexandre/Desktop/Compiladores/Projeto/build/pc/tests/e1/valgrind_06.tesh"
Directory: /home/alexandre/Desktop/Compiladores/Projeto/build/pc
"e1_valgrind_06" start time: Sep 09 23:27 PDT
Output:
----------------------------------------------------------
Unescaped left brace in regex is deprecated, passed through in regex; marked by <-- HERE in m/\${ <-- HERE (\w+)(?::[=-][^}]*)?}/ at ./tests/scripts/tesh line 345.
Test suite `/home/alexandre/Desktop/Compiladores/Projeto/build/pc/tests/e1/valgrind_06.tesh'
[valgrind_06.tesh:6] ./tests/scripts/valgrindtest ./main ./tests/e1/input/nivel6.tokens
(ignoring the output of <valgrind_06.tesh:6> as requested)
Test suite `valgrind_06.tesh' OK
<end of output>
Test time =   1.52 sec
----------------------------------------------------------
Test Passed.
"e1_valgrind_06" end time: Sep 09 23:27 PDT
"e1_valgrind_06" time elapsed: 00:00:01
----------------------------------------------------------

24/407 Testing: e1_valgrind_07
24/407 Test: e1_valgrind_07
Command: "/usr/bin/perl" "-I" "./tests/scripts" "./tests/scripts/tesh" "/home/alexandre/Desktop/Compiladores/Projeto/build/pc/tests/e1/valgrind_07.tesh"
Directory: /home/alexandre/Desktop/Compiladores/Projeto/build/pc
"e1_valgrind_07" start time: Sep 09 23:27 PDT
Output:
----------------------------------------------------------
Unescaped left brace in regex is deprecated, passed through in regex; marked by <-- HERE in m/\${ <-- HERE (\w+)(?::[=-][^}]*)?}/ at ./tests/scripts/tesh line 345.
Test suite `/home/alexandre/Desktop/Compiladores/Projeto/build/pc/tests/e1/valgrind_07.tesh'
[valgrind_07.tesh:6] ./tests/scripts/valgrindtest ./main ./tests/e1/input/nivel7.tokens
(ignoring the output of <valgrind_07.tesh:6> as requested)
Test suite `valgrind_07.tesh' OK
<end of output>
Test time =   1.67 sec
----------------------------------------------------------
Test Passed.
"e1_valgrind_07" end time: Sep 09 23:28 PDT
"e1_valgrind_07" time elapsed: 00:00:01
----------------------------------------------------------

25/407 Testing: e1_valgrind_08
25/407 Test: e1_valgrind_08
Command: "/usr/bin/perl" "-I" "./tests/scripts" "./tests/scripts/tesh" "/home/alexandre/Desktop/Compiladores/Projeto/build/pc/tests/e1/valgrind_08.tesh"
Directory: /home/alexandre/Desktop/Compiladores/Projeto/build/pc
"e1_valgrind_08" start time: Sep 09 23:28 PDT
Output:
----------------------------------------------------------
Unescaped left brace in regex is deprecated, passed through in regex; marked by <-- HERE in m/\${ <-- HERE (\w+)(?::[=-][^}]*)?}/ at ./tests/scripts/tesh line 345.
Test suite `/home/alexandre/Desktop/Compiladores/Projeto/build/pc/tests/e1/valgrind_08.tesh'
[valgrind_08.tesh:6] ./tests/scripts/valgrindtest ./main ./tests/e1/input/nivel8.tokens
(ignoring the output of <valgrind_08.tesh:6> as requested)
Test suite `valgrind_08.tesh' OK
<end of output>
Test time =   1.28 sec
----------------------------------------------------------
Test Passed.
"e1_valgrind_08" end time: Sep 09 23:28 PDT
"e1_valgrind_08" time elapsed: 00:00:01
----------------------------------------------------------

26/407 Testing: e1_valgrind_09
26/407 Test: e1_valgrind_09
Command: "/usr/bin/perl" "-I" "./tests/scripts" "./tests/scripts/tesh" "/home/alexandre/Desktop/Compiladores/Projeto/build/pc/tests/e1/valgrind_09.tesh"
Directory: /home/alexandre/Desktop/Compiladores/Projeto/build/pc
"e1_valgrind_09" start time: Sep 09 23:28 PDT
Output:
----------------------------------------------------------
Unescaped left brace in regex is deprecated, passed through in regex; marked by <-- HERE in m/\${ <-- HERE (\w+)(?::[=-][^}]*)?}/ at ./tests/scripts/tesh line 345.
Test suite `/home/alexandre/Desktop/Compiladores/Projeto/build/pc/tests/e1/valgrind_09.tesh'
[valgrind_09.tesh:6] ./tests/scripts/valgrindtest ./main ./tests/e1/input/nivel9.tokens
(ignoring the output of <valgrind_09.tesh:6> as requested)
Test suite `valgrind_09.tesh' OK
<end of output>
Test time =   1.31 sec
----------------------------------------------------------
Test Passed.
"e1_valgrind_09" end time: Sep 09 23:28 PDT
"e1_valgrind_09" time elapsed: 00:00:01
----------------------------------------------------------

27/407 Testing: e1_valgrind_10
27/407 Test: e1_valgrind_10
Command: "/usr/bin/perl" "-I" "./tests/scripts" "./tests/scripts/tesh" "/home/alexandre/Desktop/Compiladores/Projeto/build/pc/tests/e1/valgrind_10.tesh"
Directory: /home/alexandre/Desktop/Compiladores/Projeto/build/pc
"e1_valgrind_10" start time: Sep 09 23:28 PDT
Output:
----------------------------------------------------------
Unescaped left brace in regex is deprecated, passed through in regex; marked by <-- HERE in m/\${ <-- HERE (\w+)(?::[=-][^}]*)?}/ at ./tests/scripts/tesh line 345.
Test suite `/home/alexandre/Desktop/Compiladores/Projeto/build/pc/tests/e1/valgrind_10.tesh'
[valgrind_10.tesh:6] ./tests/scripts/valgrindtest ./main ./tests/e1/input/nivel10.tokens
(ignoring the output of <valgrind_10.tesh:6> as requested)
Test suite `valgrind_10.tesh' OK
<end of output>
Test time =   1.50 sec
----------------------------------------------------------
Test Passed.
"e1_valgrind_10" end time: Sep 09 23:28 PDT
"e1_valgrind_10" time elapsed: 00:00:01
----------------------------------------------------------

28/407 Testing: e1_valgrind_11
28/407 Test: e1_valgrind_11
Command: "/usr/bin/perl" "-I" "./tests/scripts" "./tests/scripts/tesh" "/home/alexandre/Desktop/Compiladores/Projeto/build/pc/tests/e1/valgrind_11.tesh"
Directory: /home/alexandre/Desktop/Compiladores/Projeto/build/pc
"e1_valgrind_11" start time: Sep 09 23:28 PDT
Output:
----------------------------------------------------------
Unescaped left brace in regex is deprecated, passed through in regex; marked by <-- HERE in m/\${ <-- HERE (\w+)(?::[=-][^}]*)?}/ at ./tests/scripts/tesh line 345.
Test suite `/home/alexandre/Desktop/Compiladores/Projeto/build/pc/tests/e1/valgrind_11.tesh'
[valgrind_11.tesh:6] ./tests/scripts/valgrindtest ./main ./tests/e1/input/nivel11.tokens
(ignoring the output of <valgrind_11.tesh:6> as requested)
Test suite `valgrind_11.tesh' OK
<end of output>
Test time =   1.37 sec
----------------------------------------------------------
Test Passed.
"e1_valgrind_11" end time: Sep 09 23:28 PDT
"e1_valgrind_11" time elapsed: 00:00:01
----------------------------------------------------------

29/407 Testing: e1_valgrind_12
29/407 Test: e1_valgrind_12
Command: "/usr/bin/perl" "-I" "./tests/scripts" "./tests/scripts/tesh" "/home/alexandre/Desktop/Compiladores/Projeto/build/pc/tests/e1/valgrind_12.tesh"
Directory: /home/alexandre/Desktop/Compiladores/Projeto/build/pc
"e1_valgrind_12" start time: Sep 09 23:28 PDT
Output:
----------------------------------------------------------
Unescaped left brace in regex is deprecated, passed through in regex; marked by <-- HERE in m/\${ <-- HERE (\w+)(?::[=-][^}]*)?}/ at ./tests/scripts/tesh line 345.
Test suite `/home/alexandre/Desktop/Compiladores/Projeto/build/pc/tests/e1/valgrind_12.tesh'
[valgrind_12.tesh:6] ./tests/scripts/valgrindtest ./main ./tests/e1/input/nivel12.tokens
(ignoring the output of <valgrind_12.tesh:6> as requested)
Test suite `valgrind_12.tesh' OK
<end of output>
Test time =   1.64 sec
----------------------------------------------------------
Test Passed.
"e1_valgrind_12" end time: Sep 09 23:28 PDT
"e1_valgrind_12" time elapsed: 00:00:01
----------------------------------------------------------

30/407 Testing: e1_valgrind_13
30/407 Test: e1_valgrind_13
Command: "/usr/bin/perl" "-I" "./tests/scripts" "./tests/scripts/tesh" "/home/alexandre/Desktop/Compiladores/Projeto/build/pc/tests/e1/valgrind_13.tesh"
Directory: /home/alexandre/Desktop/Compiladores/Projeto/build/pc
"e1_valgrind_13" start time: Sep 09 23:28 PDT
Output:
----------------------------------------------------------
Unescaped left brace in regex is deprecated, passed through in regex; marked by <-- HERE in m/\${ <-- HERE (\w+)(?::[=-][^}]*)?}/ at ./tests/scripts/tesh line 345.
Test suite `/home/alexandre/Desktop/Compiladores/Projeto/build/pc/tests/e1/valgrind_13.tesh'
[valgrind_13.tesh:6] ./tests/scripts/valgrindtest ./main ./tests/e1/input/nivel13.tokens
(ignoring the output of <valgrind_13.tesh:6> as requested)
Test suite `valgrind_13.tesh' OK
<end of output>
Test time =   1.31 sec
----------------------------------------------------------
Test Passed.
"e1_valgrind_13" end time: Sep 09 23:28 PDT
"e1_valgrind_13" time elapsed: 00:00:01
----------------------------------------------------------

31/407 Testing: e1_valgrind_14
31/407 Test: e1_valgrind_14
Command: "/usr/bin/perl" "-I" "./tests/scripts" "./tests/scripts/tesh" "/home/alexandre/Desktop/Compiladores/Projeto/build/pc/tests/e1/valgrind_14.tesh"
Directory: /home/alexandre/Desktop/Compiladores/Projeto/build/pc
"e1_valgrind_14" start time: Sep 09 23:28 PDT
Output:
----------------------------------------------------------
Unescaped left brace in regex is deprecated, passed through in regex; marked by <-- HERE in m/\${ <-- HERE (\w+)(?::[=-][^}]*)?}/ at ./tests/scripts/tesh line 345.
Test suite `/home/alexandre/Desktop/Compiladores/Projeto/build/pc/tests/e1/valgrind_14.tesh'
[valgrind_14.tesh:6] ./tests/scripts/valgrindtest ./main ./tests/e1/input/nivel14.tokens
(ignoring the output of <valgrind_14.tesh:6> as requested)
Test suite `valgrind_14.tesh' OK
<end of output>
Test time =   1.48 sec
----------------------------------------------------------
Test Passed.
"e1_valgrind_14" end time: Sep 09 23:28 PDT
"e1_valgrind_14" time elapsed: 00:00:01
----------------------------------------------------------

32/407 Testing: e1_valgrind_15
32/407 Test: e1_valgrind_15
Command: "/usr/bin/perl" "-I" "./tests/scripts" "./tests/scripts/tesh" "/home/alexandre/Desktop/Compiladores/Projeto/build/pc/tests/e1/valgrind_15.tesh"
Directory: /home/alexandre/Desktop/Compiladores/Projeto/build/pc
"e1_valgrind_15" start time: Sep 09 23:28 PDT
Output:
----------------------------------------------------------
Unescaped left brace in regex is deprecated, passed through in regex; marked by <-- HERE in m/\${ <-- HERE (\w+)(?::[=-][^}]*)?}/ at ./tests/scripts/tesh line 345.
Test suite `/home/alexandre/Desktop/Compiladores/Projeto/build/pc/tests/e1/valgrind_15.tesh'
[valgrind_15.tesh:6] ./tests/scripts/valgrindtest ./main ./tests/e1/input/nivel15.tokens
(ignoring the output of <valgrind_15.tesh:6> as requested)
Test suite `valgrind_15.tesh' OK
<end of output>
Test time =   1.42 sec
----------------------------------------------------------
Test Passed.
"e1_valgrind_15" end time: Sep 09 23:28 PDT
"e1_valgrind_15" time elapsed: 00:00:01
----------------------------------------------------------

End testing: Sep 09 23:28 PDT
