Start testing: Sep 09 15:42 PDT
----------------------------------------------------------
1/407 Testing: e1_avaliacao_00
1/407 Test: e1_avaliacao_00
Command: "/usr/bin/perl" "-I" "./tests/scripts" "./tests/scripts/tesh" "/home/alexandre/Desktop/Compiladores/Projeto/build/pc/tests/e1/avaliacao_00.tesh"
Directory: /home/alexandre/Desktop/Compiladores/Projeto/build/pc
"e1_avaliacao_00" start time: Sep 09 15:42 PDT
Output:
----------------------------------------------------------
Unescaped left brace in regex is deprecated, passed through in regex; marked by <-- HERE in m/\${ <-- HERE (\w+)(?::[=-][^}]*)?}/ at ./tests/scripts/tesh line 345.
Test suite `/home/alexandre/Desktop/Compiladores/Projeto/build/pc/tests/e1/avaliacao_00.tesh'
[avaliacao_00.tesh:5] ./main ./tests/e1/input/nivel0.tokens
Output of <avaliacao_00.tesh:5> mismatch:
- 1 TK_PR_INT [int]
- 2 TK_PR_FLOAT [float]
- 3 TK_PR_BOOL [bool]
- 4 TK_PR_CHAR [char]
- 5 TK_PR_STRING [string]
- 6 TK_PR_IF [if]
- 7 TK_PR_THEN [then]
- 8 TK_PR_ELSE [else]
- 9 TK_PR_WHILE [while]
- 10 TK_PR_DO [do]
- 11 TK_PR_INPUT [input]
- 12 TK_PR_OUTPUT [output]
- 13 TK_PR_RETURN [return]
- 14 TK_OC_LE [<=]
- 15 TK_OC_GE [>=]
- 16 TK_OC_EQ [==]
- 17 TK_OC_NE [!=]
- 18 TK_OC_AND [&&]
- 19 TK_OC_OR [||]
- 20 TK_ESPECIAL [,]
- 21 TK_ESPECIAL [;]
- 22 TK_ESPECIAL [:]
- 23 TK_ESPECIAL [(]
- 24 TK_ESPECIAL [)]
- 25 TK_ESPECIAL [[]
- 26 TK_ESPECIAL []]
- 27 TK_ESPECIAL [{]
- 28 TK_ESPECIAL [}]
- 29 TK_ESPECIAL [+]
- 30 TK_ESPECIAL [-]
- 31 TK_ESPECIAL [*]
- 32 TK_ESPECIAL [/]
- 33 TK_ESPECIAL [<]
- 34 TK_ESPECIAL [>]
- 35 TK_ESPECIAL [=]
- 36 TK_ESPECIAL [!]
- 37 TK_ESPECIAL [&]
- 38 TK_ESPECIAL [$]
- 39 TK_LIT_INT [-2]
- 40 TK_LIT_FLOAT [31794.45]
- 41 TK_LIT_CHAR ['&']
- 42 TK_LIT_STRING ["oZ bool S9"]
- 43 TK_IDENTIFICADOR [___bqmu7ftc1ICihA1pnIoWlvDHnaUnbS9LqgUPtmYLNKQ6O9fzKFyRj50N]
- 51 TK_ESPECIAL [[]
- 51 TK_IDENTIFICADOR [brasil]
- 51 TK_IDENTIFICADOR [_int]
- 51 TK_ESPECIAL []]
+ 1 TOKEN_ERRO [i]
+ 1 TOKEN_ERRO [n]
+ 1 TOKEN_ERRO [t]
+ 2 TOKEN_ERRO [f]
+ 2 TOKEN_ERRO [l]
+ 2 TOKEN_ERRO [o]
+ 2 TOKEN_ERRO [a]
+ 2 TOKEN_ERRO [t]
+ 3 TOKEN_ERRO [b]
+ 3 TOKEN_ERRO [o]
+ 3 TOKEN_ERRO [o]
+ 3 TOKEN_ERRO [l]
+ 4 TOKEN_ERRO [c]
+ 4 TOKEN_ERRO [h]
+ 4 TOKEN_ERRO [a]
+ 4 TOKEN_ERRO [r]
+ 5 TOKEN_ERRO [s]
+ 5 TOKEN_ERRO [t]
+ 5 TOKEN_ERRO [r]
+ 5 TOKEN_ERRO [i]
+ 5 TOKEN_ERRO [n]
+ 5 TOKEN_ERRO [g]
+ 6 TOKEN_ERRO [i]
+ 6 TOKEN_ERRO [f]
+ 7 TOKEN_ERRO [t]
+ 7 TOKEN_ERRO [h]
+ 7 TOKEN_ERRO [e]
+ 7 TOKEN_ERRO [n]
+ 8 TOKEN_ERRO [e]
+ 8 TOKEN_ERRO [l]
+ 8 TOKEN_ERRO [s]
+ 8 TOKEN_ERRO [e]
+ 9 TOKEN_ERRO [w]
+ 9 TOKEN_ERRO [h]
+ 9 TOKEN_ERRO [i]
+ 9 TOKEN_ERRO [l]
+ 9 TOKEN_ERRO [e]
+ 10 TOKEN_ERRO [d]
+ 10 TOKEN_ERRO [o]
+ 11 TOKEN_ERRO [i]
+ 11 TOKEN_ERRO [n]
+ 11 TOKEN_ERRO [p]
+ 11 TOKEN_ERRO [u]
+ 11 TOKEN_ERRO [t]
+ 12 TOKEN_ERRO [o]
+ 12 TOKEN_ERRO [u]
+ 12 TOKEN_ERRO [t]
+ 12 TOKEN_ERRO [p]
+ 12 TOKEN_ERRO [u]
+ 12 TOKEN_ERRO [t]
+ 13 TOKEN_ERRO [r]
+ 13 TOKEN_ERRO [e]
+ 13 TOKEN_ERRO [t]
+ 13 TOKEN_ERRO [u]
+ 13 TOKEN_ERRO [r]
+ 13 TOKEN_ERRO [n]
+ 14 TOKEN_ERRO [<]
+ 14 TOKEN_ERRO [=]
+ 15 TOKEN_ERRO [>]
+ 15 TOKEN_ERRO [=]
+ 16 TOKEN_ERRO [=]
+ 16 TOKEN_ERRO [=]
+ 17 TOKEN_ERRO [!]
+ 17 TOKEN_ERRO [=]
+ 18 TOKEN_ERRO [&]
+ 18 TOKEN_ERRO [&]
+ 19 TOKEN_ERRO [|]
+ 19 TOKEN_ERRO [|]
+ 20 TOKEN_ERRO [,]
+ 21 TOKEN_ERRO [;]
+ 22 TOKEN_ERRO [:]
+ 23 TOKEN_ERRO [(]
+ 24 TOKEN_ERRO [)]
+ 25 TOKEN_ERRO [[]
+ 26 TOKEN_ERRO []]
+ 27 TOKEN_ERRO [{]
+ 28 TOKEN_ERRO [}]
+ 29 TOKEN_ERRO [+]
+ 30 TOKEN_ERRO [-]
+ 31 TOKEN_ERRO [*]
+ 32 TOKEN_ERRO [/]
+ 33 TOKEN_ERRO [<]
+ 34 TOKEN_ERRO [>]
+ 35 TOKEN_ERRO [=]
+ 36 TOKEN_ERRO [!]
+ 37 TOKEN_ERRO [&]
+ 38 TOKEN_ERRO [$]
+ 39 TOKEN_ERRO [-]
+ 39 TOKEN_ERRO [2]
+ 40 TOKEN_ERRO [3]
+ 40 TOKEN_ERRO [1]
+ 40 TOKEN_ERRO [7]
+ 40 TOKEN_ERRO [9]
+ 40 TOKEN_ERRO [4]
+ 40 TOKEN_ERRO [.]
+ 40 TOKEN_ERRO [4]
+ 40 TOKEN_ERRO [5]
+ 41 TOKEN_ERRO [']
+ 41 TOKEN_ERRO [&]
+ 41 TOKEN_ERRO [']
+ 42 TOKEN_ERRO ["]
+ 42 TOKEN_ERRO [o]
+ 42 TOKEN_ERRO [Z]
+ 42 TOKEN_ERRO [b]
+ 42 TOKEN_ERRO [o]
+ 42 TOKEN_ERRO [o]
+ 42 TOKEN_ERRO [l]
+ 42 TOKEN_ERRO [S]
+ 42 TOKEN_ERRO [9]
+ 42 TOKEN_ERRO ["]
+ 43 TOKEN_ERRO [_]
+ 43 TOKEN_ERRO [_]
+ 43 TOKEN_ERRO [_]
+ 43 TOKEN_ERRO [b]
+ 43 TOKEN_ERRO [q]
+ 43 TOKEN_ERRO [m]
+ 43 TOKEN_ERRO [u]
+ 43 TOKEN_ERRO [7]
+ 43 TOKEN_ERRO [f]
+ 43 TOKEN_ERRO [t]
+ 43 TOKEN_ERRO [c]
+ 43 TOKEN_ERRO [1]
+ 43 TOKEN_ERRO [I]
+ 43 TOKEN_ERRO [C]
+ 43 TOKEN_ERRO [i]
+ 43 TOKEN_ERRO [h]
+ 43 TOKEN_ERRO [A]
+ 43 TOKEN_ERRO [1]
+ 43 TOKEN_ERRO [p]
+ 43 TOKEN_ERRO [n]
+ 43 TOKEN_ERRO [I]
+ 43 TOKEN_ERRO [o]
+ 43 TOKEN_ERRO [W]
+ 43 TOKEN_ERRO [l]
+ 43 TOKEN_ERRO [v]
+ 43 TOKEN_ERRO [D]
+ 43 TOKEN_ERRO [H]
+ 43 TOKEN_ERRO [n]
+ 43 TOKEN_ERRO [a]
+ 43 TOKEN_ERRO [U]
+ 43 TOKEN_ERRO [n]
+ 43 TOKEN_ERRO [b]
+ 43 TOKEN_ERRO [S]
+ 43 TOKEN_ERRO [9]
+ 43 TOKEN_ERRO [L]
+ 43 TOKEN_ERRO [q]
+ 43 TOKEN_ERRO [g]
+ 43 TOKEN_ERRO [U]
+ 43 TOKEN_ERRO [P]
+ 43 TOKEN_ERRO [t]
+ 43 TOKEN_ERRO [m]
+ 43 TOKEN_ERRO [Y]
+ 43 TOKEN_ERRO [L]
+ 43 TOKEN_ERRO [N]
+ 43 TOKEN_ERRO [K]
+ 43 TOKEN_ERRO [Q]
+ 43 TOKEN_ERRO [6]
+ 43 TOKEN_ERRO [O]
+ 43 TOKEN_ERRO [9]
+ 43 TOKEN_ERRO [f]
+ 43 TOKEN_ERRO [z]
+ 43 TOKEN_ERRO [K]
+ 43 TOKEN_ERRO [F]
+ 43 TOKEN_ERRO [y]
+ 43 TOKEN_ERRO [R]
+ 43 TOKEN_ERRO [j]
+ 43 TOKEN_ERRO [5]
+ 43 TOKEN_ERRO [0]
+ 43 TOKEN_ERRO [N]
+ 46 TOKEN_ERRO [[]
+ 46 TOKEN_ERRO [b]
+ 46 TOKEN_ERRO [r]
+ 46 TOKEN_ERRO [a]
+ 46 TOKEN_ERRO [s]
+ 46 TOKEN_ERRO [i]
+ 46 TOKEN_ERRO [l]
+ 46 TOKEN_ERRO [_]
+ 46 TOKEN_ERRO [i]
+ 46 TOKEN_ERRO [n]
+ 46 TOKEN_ERRO [t]
+ 46 TOKEN_ERRO []]
Test suite `avaliacao_00.tesh': NOK (<avaliacao_00.tesh:5> output mismatch)
<end of output>
Test time =   0.18 sec
----------------------------------------------------------
Test Failed.
"e1_avaliacao_00" end time: Sep 09 15:42 PDT
"e1_avaliacao_00" time elapsed: 00:00:00
----------------------------------------------------------

2/407 Testing: e1_avaliacao_01
2/407 Test: e1_avaliacao_01
Command: "/usr/bin/perl" "-I" "./tests/scripts" "./tests/scripts/tesh" "/home/alexandre/Desktop/Compiladores/Projeto/build/pc/tests/e1/avaliacao_01.tesh"
Directory: /home/alexandre/Desktop/Compiladores/Projeto/build/pc
"e1_avaliacao_01" start time: Sep 09 15:42 PDT
Output:
----------------------------------------------------------
Unescaped left brace in regex is deprecated, passed through in regex; marked by <-- HERE in m/\${ <-- HERE (\w+)(?::[=-][^}]*)?}/ at ./tests/scripts/tesh line 345.
Test suite `/home/alexandre/Desktop/Compiladores/Projeto/build/pc/tests/e1/avaliacao_01.tesh'
[avaliacao_01.tesh:5] ./main ./tests/e1/input/nivel1.tokens
Output of <avaliacao_01.tesh:5> mismatch:
- 1 TK_ESPECIAL [+]
- 1 TK_PR_RETURN [return]
- 1 TK_PR_STRING [string]
- 1 TK_PR_STRING [string]
- 1 TK_ESPECIAL [-]
- 1 TK_PR_RETURN [return]
- 1 TK_ESPECIAL [+]
- 1 TK_ESPECIAL [+]
- 1 TK_PR_DO [do]
- 1 TK_PR_INPUT [input]
- 1 TK_PR_RETURN [return]
- 2 TK_PR_FLOAT [float]
- 2 TK_ESPECIAL [{]
- 2 TK_ESPECIAL [{]
- 2 TK_ESPECIAL [;]
- 2 TK_ESPECIAL []]
- 2 TK_PR_DO [do]
- 2 TK_ESPECIAL [[]
- 2 TK_ESPECIAL [>]
- 2 TK_ESPECIAL [)]
- 2 TK_ESPECIAL [<]
- 2 TK_ESPECIAL []]
- 2 TK_ESPECIAL [-]
- 2 TK_ESPECIAL [/]
- 2 TK_ESPECIAL [!]
- 2 TK_PR_STRING [string]
- 2 TK_ESPECIAL [=]
- 2 TK_ESPECIAL [;]
- 2 TK_PR_DO [do]
- 2 TK_ESPECIAL [:]
- 2 TK_ESPECIAL [-]
- 2 TK_ESPECIAL [{]
- 2 TK_ESPECIAL [}]
- 2 TK_ESPECIAL [>]
- 2 TK_PR_CHAR [char]
- 2 TK_PR_STRING [string]
- 3 TK_PR_DO [do]
- 3 TK_PR_DO [do]
- 3 TK_ESPECIAL [}]
- 3 TK_PR_THEN [then]
- 3 TK_ESPECIAL [{]
- 3 TK_PR_INT [int]
- 3 TK_PR_STRING [string]
- 3 TK_ESPECIAL [$]
- 3 TK_ESPECIAL [,]
- 3 TK_PR_STRING [string]
- 3 TK_ESPECIAL [<]
- 3 TK_ESPECIAL [:]
- 3 TK_PR_STRING [string]
- 3 TK_ESPECIAL [/]
- 3 TK_ESPECIAL [-]
- 3 TK_ESPECIAL [>]
- 3 TK_PR_DO [do]
- 3 TK_ESPECIAL [*]
- 3 TK_ESPECIAL [>]
- 4 TK_ESPECIAL [+]
- 4 TK_ESPECIAL [*]
- 4 TK_PR_IF [if]
- 4 TK_ESPECIAL [/]
- 4 TK_PR_BOOL [bool]
- 4 TK_ESPECIAL [:]
- 4 TK_ESPECIAL [!]
- 4 TK_ESPECIAL []]
- 4 TK_ESPECIAL [<]
- 4 TK_PR_INPUT [input]
- 4 TK_PR_ELSE [else]
- 4 TK_ESPECIAL [(]
- 4 TK_ESPECIAL [>]
- 4 TK_PR_RETURN [return]
- 4 TK_ESPECIAL [[]
- 4 TK_ESPECIAL [/]
- 4 TK_PR_RETURN [return]
- 4 TK_PR_RETURN [return]
- 5 TK_PR_DO [do]
- 5 TK_PR_CHAR [char]
- 5 TK_ESPECIAL [$]
- 5 TK_ESPECIAL [[]
- 5 TK_PR_CHAR [char]
- 5 TK_ESPECIAL [;]
- 5 TK_ESPECIAL [[]
- 5 TK_PR_IF [if]
- 5 TK_ESPECIAL []]
- 5 TK_PR_STRING [string]
- 5 TK_PR_BOOL [bool]
- 5 TK_ESPECIAL [,]
- 5 TK_ESPECIAL [:]
- 5 TK_PR_FLOAT [float]
- 5 TK_ESPECIAL [>]
- 5 TK_ESPECIAL [:]
- 5 TK_ESPECIAL [*]
- 5 TK_ESPECIAL [-]
- 5 TK_ESPECIAL [[]
- 6 TK_PR_FLOAT [float]
- 6 TK_ESPECIAL [}]
- 6 TK_PR_BOOL [bool]
- 6 TK_ESPECIAL [-]
- 6 TK_ESPECIAL [{]
- 6 TK_ESPECIAL [=]
- 6 TK_PR_STRING [string]
- 6 TK_PR_CHAR [char]
- 6 TK_ESPECIAL [!]
- 6 TK_ESPECIAL [[]
- 6 TK_ESPECIAL [=]
- 6 TK_ESPECIAL [(]
- 6 TK_ESPECIAL [+]
- 6 TK_ESPECIAL [&]
- 6 TK_ESPECIAL [}]
- 6 TK_PR_INPUT [input]
- 6 TK_PR_IF [if]
- 6 TK_ESPECIAL [(]
- 6 TK_ESPECIAL [{]
- 6 TK_ESPECIAL [*]
- 6 TK_ESPECIAL [!]
- 6 TK_ESPECIAL [(]
- 6 TK_ESPECIAL [,]
- 6 TK_ESPECIAL [[]
- 7 TK_PR_RETURN [return]
- 7 TK_ESPECIAL [/]
- 7 TK_ESPECIAL [{]
- 7 TK_ESPECIAL [<]
- 7 TK_ESPECIAL []]
- 7 TK_PR_INT [int]
- 7 TK_PR_DO [do]
- 7 TK_ESPECIAL [&]
- 7 TK_ESPECIAL [:]
- 7 TK_ESPECIAL [*]
- 7 TK_PR_FLOAT [float]
- 7 TK_PR_INPUT [input]
- 7 TK_PR_INPUT [input]
- 7 TK_PR_STRING [string]
- 7 TK_ESPECIAL [{]
- 7 TK_ESPECIAL [>]
- 7 TK_ESPECIAL [*]
- 8 TK_PR_BOOL [bool]
- 8 TK_ESPECIAL [$]
- 8 TK_ESPECIAL [;]
- 8 TK_ESPECIAL [}]
- 8 TK_PR_THEN [then]
- 8 TK_ESPECIAL [:]
- 8 TK_ESPECIAL [,]
- 8 TK_ESPECIAL [(]
- 8 TK_PR_DO [do]
- 8 TK_PR_RETURN [return]
- 8 TK_PR_INPUT [input]
- 8 TK_ESPECIAL [(]
- 8 TK_PR_FLOAT [float]
- 8 TK_PR_DO [do]
- 8 TK_ESPECIAL [<]
- 8 TK_ESPECIAL [,]
- 8 TK_ESPECIAL [=]
- 8 TK_ESPECIAL [;]
- 8 TK_ESPECIAL [;]
- 8 TK_ESPECIAL [$]
- 8 TK_PR_IF [if]
- 8 TK_ESPECIAL [:]
- 8 TK_ESPECIAL [)]
- 8 TK_ESPECIAL [/]
- 9 TK_ESPECIAL [*]
- 9 TK_ESPECIAL []]
- 9 TK_ESPECIAL [*]
- 9 TK_ESPECIAL [:]
- 9 TK_ESPECIAL [)]
- 9 TK_ESPECIAL [[]
- 9 TK_PR_BOOL [bool]
- 9 TK_ESPECIAL [!]
- 9 TK_ESPECIAL [{]
- 9 TK_PR_STRING [string]
- 9 TK_PR_CHAR [char]
- 9 TK_ESPECIAL [,]
- 9 TK_PR_BOOL [bool]
- 9 TK_ESPECIAL [/]
- 9 TK_PR_BOOL [bool]
- 9 TK_ESPECIAL [}]
- 9 TK_ESPECIAL [+]
- 9 TK_ESPECIAL [>]
- 10 TK_PR_STRING [string]
- 10 TK_PR_THEN [then]
- 10 TK_ESPECIAL [&]
- 10 TK_ESPECIAL [}]
- 10 TK_PR_STRING [string]
- 10 TK_ESPECIAL [)]
- 10 TK_ESPECIAL [)]
- 10 TK_ESPECIAL [*]
- 10 TK_ESPECIAL [<]
- 10 TK_ESPECIAL [[]
- 10 TK_ESPECIAL [;]
- 10 TK_PR_THEN [then]
- 10 TK_ESPECIAL [[]
- 10 TK_PR_OUTPUT [output]
- 10 TK_PR_ELSE [else]
- 10 TK_ESPECIAL [:]
- 10 TK_ESPECIAL [;]
- 10 TK_ESPECIAL [=]
- 10 TK_PR_STRING [string]
- 10 TK_ESPECIAL [$]
- 10 TK_ESPECIAL [$]
- 10 TK_PR_OUTPUT [output]
- 10 TK_ESPECIAL [,]
- 11 TK_PR_STRING [string]
- 11 TK_PR_INT [int]
- 11 TK_ESPECIAL [[]
- 11 TK_ESPECIAL [>]
- 11 TK_ESPECIAL [!]
- 11 TK_ESPECIAL [+]
- 11 TK_ESPECIAL [{]
- 11 TK_ESPECIAL [/]
- 11 TK_ESPECIAL [=]
- 11 TK_ESPECIAL [/]
- 11 TK_PR_RETURN [return]
- 11 TK_PR_STRING [string]
- 11 TK_PR_BOOL [bool]
- 11 TK_PR_FLOAT [float]
- 11 TK_ESPECIAL [<]
- 11 TK_PR_CHAR [char]
- 11 TK_ESPECIAL []]
- 11 TK_ESPECIAL [}]
- 12 TK_ESPECIAL [>]
- 12 TK_PR_CHAR [char]
- 12 TK_ESPECIAL [}]
- 12 TK_ESPECIAL [*]
- 12 TK_ESPECIAL [[]
- 12 TK_ESPECIAL [,]
- 12 TK_ESPECIAL [=]
- 12 TK_PR_BOOL [bool]
- 12 TK_ESPECIAL [$]
- 12 TK_PR_STRING [string]
- 12 TK_PR_THEN [then]
- 12 TK_ESPECIAL [{]
- 12 TK_ESPECIAL [/]
- 12 TK_PR_DO [do]
- 12 TK_ESPECIAL [!]
- 12 TK_ESPECIAL [)]
- 12 TK_ESPECIAL [{]
- 12 TK_ESPECIAL [[]
- 12 TK_ESPECIAL [(]
- 12 TK_ESPECIAL [:]
- 12 TK_PR_THEN [then]
- 12 TK_ESPECIAL [-]
- 13 TK_ESPECIAL [-]
- 13 TK_ESPECIAL [,]
- 13 TK_PR_INT [int]
- 13 TK_PR_INT [int]
- 13 TK_ESPECIAL [&]
- 13 TK_ESPECIAL [/]
- 13 TK_ESPECIAL [}]
- 13 TK_ESPECIAL [&]
- 13 TK_ESPECIAL [{]
- 13 TK_PR_THEN [then]
- 13 TK_ESPECIAL [!]
- 13 TK_ESPECIAL []]
- 13 TK_ESPECIAL [{]
- 13 TK_PR_STRING [string]
- 13 TK_ESPECIAL [>]
- 13 TK_ESPECIAL [$]
- 13 TK_PR_INPUT [input]
- 13 TK_ESPECIAL [*]
- 13 TK_ESPECIAL [=]
- 13 TK_PR_INT [int]
- 13 TK_ESPECIAL [!]
- 13 TK_ESPECIAL [&]
- 14 TK_PR_THEN [then]
- 14 TK_ESPECIAL [*]
- 14 TK_ESPECIAL [{]
- 14 TK_PR_OUTPUT [output]
- 14 TK_ESPECIAL [&]
- 14 TK_ESPECIAL [;]
- 14 TK_PR_THEN [then]
- 14 TK_PR_INPUT [input]
- 14 TK_PR_RETURN [return]
- 14 TK_ESPECIAL [(]
- 14 TK_ESPECIAL [=]
- 14 TK_ESPECIAL [+]
- 14 TK_PR_OUTPUT [output]
- 14 TK_PR_INT [int]
- 14 TK_ESPECIAL [;]
- 14 TK_ESPECIAL [&]
- 14 TK_ESPECIAL [/]
- 14 TK_ESPECIAL []]
- 14 TK_ESPECIAL [-]
- 14 TK_ESPECIAL [$]
- 14 TK_ESPECIAL [)]
- 15 TK_PR_FLOAT [float]
- 15 TK_ESPECIAL [{]
- 15 TK_ESPECIAL [/]
- 15 TK_PR_FLOAT [float]
- 15 TK_PR_IF [if]
- 15 TK_ESPECIAL [=]
- 15 TK_ESPECIAL [,]
- 15 TK_ESPECIAL [$]
- 15 TK_ESPECIAL [)]
- 15 TK_ESPECIAL [*]
- 15 TK_ESPECIAL [=]
- 15 TK_ESPECIAL [<]
- 15 TK_PR_FLOAT [float]
- 15 TK_ESPECIAL []]
- 15 TK_ESPECIAL [!]
- 15 TK_ESPECIAL [(]
- 15 TK_ESPECIAL [}]
- 15 TK_PR_BOOL [bool]
- 15 TK_ESPECIAL [{]
- 46 TK_PR_STRING [string]
- 46 TK_PR_CHAR [char]
- 46 TK_ESPECIAL [{]
- 46 TK_PR_FLOAT [float]
- 46 TK_PR_STRING [string]
- 46 TK_ESPECIAL [/]
- 46 TK_PR_RETURN [return]
- 46 TK_PR_OUTPUT [output]
- 46 TK_ESPECIAL [;]
- 46 TK_PR_IF [if]
- 46 TK_PR_RETURN [return]
- 46 TK_ESPECIAL [+]
- 46 TK_ESPECIAL [/]
- 47 TK_PR_STRING [string]
- 47 TK_ESPECIAL [:]
- 47 TK_ESPECIAL [&]
- 47 TK_ESPECIAL [!]
- 47 TK_ESPECIAL [[]
- 47 TK_ESPECIAL [*]
- 47 TK_ESPECIAL [}]
- 47 TK_ESPECIAL [}]
- 47 TK_ESPECIAL [-]
- 47 TK_ESPECIAL [&]
- 47 TK_ESPECIAL [=]
- 47 TK_ESPECIAL [$]
- 47 TK_ESPECIAL [!]
- 47 TK_ESPECIAL [{]
- 47 TK_PR_STRING [string]
- 47 TK_ESPECIAL [[]
- 47 TK_ESPECIAL [[]
- 47 TK_ESPECIAL [;]
- 47 TK_ESPECIAL [:]
- 47 TK_ESPECIAL [-]
- 47 TK_PR_INT [int]
- 47 TK_ESPECIAL [<]
- 47 TK_ESPECIAL [!]
- 47 TK_PR_DO [do]
- 47 TK_ESPECIAL [;]
- 47 TK_PR_BOOL [bool]
- 47 TK_ESPECIAL [[]
- 47 TK_ESPECIAL [=]
- 47 TK_ESPECIAL [!]
- 47 TK_ESPECIAL [{]
- 47 TK_ESPECIAL [>]
- 48 TK_PR_STRING [string]
- 48 TK_ESPECIAL [:]
- 48 TK_ESPECIAL [,]
- 48 TK_PR_STRING [string]
- 48 TK_ESPECIAL [!]
- 48 TK_PR_THEN [then]
- 48 TK_ESPECIAL [{]
- 48 TK_PR_INPUT [input]
- 48 TK_PR_INPUT [input]
- 48 TK_PR_INT [int]
- 48 TK_ESPECIAL [:]
- 48 TK_PR_INT [int]
- 48 TK_ESPECIAL [=]
- 48 TK_PR_FLOAT [float]
- 49 TK_PR_STRING [string]
- 49 TK_ESPECIAL [*]
- 49 TK_ESPECIAL [<]
- 49 TK_ESPECIAL [$]
- 49 TK_ESPECIAL [=]
- 49 TK_PR_DO [do]
- 49 TK_ESPECIAL [}]
- 49 TK_ESPECIAL [$]
- 49 TK_ESPECIAL []]
- 49 TK_ESPECIAL [*]
- 49 TK_ESPECIAL []]
- 49 TK_PR_IF [if]
- 49 TK_PR_INPUT [input]
- 49 TK_ESPECIAL [$]
- 49 TK_ESPECIAL []]
- 49 TK_ESPECIAL [[]
- 49 TK_PR_STRING [string]
- 49 TK_ESPECIAL []]
- 49 TK_ESPECIAL [;]
- 49 TK_ESPECIAL [,]
- 49 TK_ESPECIAL [-]
- 49 TK_PR_RETURN [return]
- 49 TK_ESPECIAL [+]
- 49 TK_ESPECIAL [,]
- 49 TK_PR_INPUT [input]
- 49 TK_ESPECIAL [:]
- 50 TK_PR_THEN [then]
- 50 TK_PR_RETURN [return]
- 50 TK_PR_OUTPUT [output]
- 50 TK_ESPECIAL [<]
- 50 TK_ESPECIAL [(]
- 50 TK_ESPECIAL [/]
- 50 TK_ESPECIAL [[]
- 50 TK_ESPECIAL [[]
- 50 TK_PR_RETURN [return]
- 50 TK_ESPECIAL [*]
- 50 TK_PR_DO [do]
- 50 TK_ESPECIAL [}]
- 50 TK_PR_BOOL [bool]
- 50 TK_PR_BOOL [bool]
- 50 TK_ESPECIAL [+]
- 50 TK_ESPECIAL [*]
- 50 TK_PR_THEN [then]
- 51 TK_ESPECIAL [=]
- 51 TK_ESPECIAL [*]
- 51 TK_PR_CHAR [char]
- 51 TK_PR_RETURN [return]
- 51 TK_ESPECIAL [!]
- 51 TK_ESPECIAL [>]
- 51 TK_ESPECIAL [(]
- 51 TK_ESPECIAL []]
- 51 TK_ESPECIAL [}]
- 51 TK_ESPECIAL [[]
- 51 TK_PR_INT [int]
- 51 TK_PR_ELSE [else]
- 51 TK_ESPECIAL [{]
- 51 TK_ESPECIAL [/]
- 51 TK_PR_STRING [string]
- 51 TK_ESPECIAL [>]
- 51 TK_PR_RETURN [return]
- 51 TK_ESPECIAL [,]
- 51 TK_ESPECIAL [*]
- 51 TK_ESPECIAL [>]
- 51 TK_ESPECIAL [:]
- 52 TK_PR_BOOL [bool]
- 52 TK_ESPECIAL [=]
- 52 TK_PR_INT [int]
- 52 TK_ESPECIAL []]
- 52 TK_ESPECIAL [-]
- 52 TK_OC_AND [&&]
- 52 TK_ESPECIAL [(]
- 52 TK_ESPECIAL [>]
- 52 TK_ESPECIAL []]
- 52 TK_ESPECIAL [>]
- 52 TK_ESPECIAL [+]
- 52 TK_PR_CHAR [char]
- 52 TK_ESPECIAL [-]
- 52 TK_ESPECIAL [,]
- 52 TK_ESPECIAL [{]
- 52 TK_ESPECIAL [)]
- 52 TK_ESPECIAL [/]
- 52 TK_ESPECIAL [:]
- 52 TK_ESPECIAL [[]
- 52 TK_ESPECIAL [{]
- 52 TK_ESPECIAL [$]
- 52 TK_PR_OUTPUT [output]
- 52 TK_ESPECIAL [;]
- 52 TK_PR_FLOAT [float]
- 52 TK_ESPECIAL [}]
- 52 TK_PR_OUTPUT [output]
- 52 TK_ESPECIAL [<]
- 52 TK_ESPECIAL [;]
- 53 TK_PR_BOOL [bool]
- 53 TK_PR_STRING [string]
- 53 TK_ESPECIAL [{]
- 53 TK_PR_THEN [then]
- 53 TK_ESPECIAL [)]
- 53 TK_ESPECIAL [!]
- 53 TK_PR_CHAR [char]
- 53 TK_ESPECIAL [&]
- 53 TK_ESPECIAL [*]
- 53 TK_PR_BOOL [bool]
- 53 TK_ESPECIAL [,]
- 53 TK_PR_THEN [then]
- 53 TK_ESPECIAL [-]
- 53 TK_ESPECIAL [)]
- 53 TK_PR_THEN [then]
- 53 TK_ESPECIAL [=]
- 54 TK_PR_DO [do]
- 54 TK_PR_INT [int]
- 54 TK_ESPECIAL [(]
- 54 TK_ESPECIAL [{]
- 54 TK_ESPECIAL [:]
- 54 TK_PR_CHAR [char]
- 54 TK_ESPECIAL [;]
- 54 TK_ESPECIAL [;]
- 54 TK_ESPECIAL [}]
- 54 TK_ESPECIAL [[]
- 54 TK_ESPECIAL [,]
- 54 TK_ESPECIAL [+]
- 54 TK_ESPECIAL [,]
- 54 TK_PR_DO [do]
- 54 TK_ESPECIAL [(]
- 54 TK_ESPECIAL [*]
- 54 TK_ESPECIAL [<]
- 54 TK_ESPECIAL [>]
- 54 TK_ESPECIAL [-]
- 54 TK_ESPECIAL [}]
- 54 TK_ESPECIAL [{]
- 54 TK_ESPECIAL [(]
- 54 TK_PR_INT [int]
- 54 TK_PR_DO [do]
- 54 TK_ESPECIAL [)]
- 55 TK_PR_DO [do]
- 55 TK_ESPECIAL [$]
- 55 TK_PR_DO [do]
- 55 TK_ESPECIAL [)]
- 55 TK_ESPECIAL [/]
- 55 TK_PR_INPUT [input]
- 55 TK_ESPECIAL [/]
- 55 TK_ESPECIAL [{]
- 55 TK_ESPECIAL [!]
- 55 TK_ESPECIAL [}]
- 55 TK_ESPECIAL [=]
- 55 TK_PR_THEN [then]
- 55 TK_PR_STRING [string]
- 55 TK_ESPECIAL [$]
- 55 TK_ESPECIAL [[]
- 55 TK_ESPECIAL [<]
- 55 TK_ESPECIAL [>]
- 55 TK_ESPECIAL [,]
- 55 TK_ESPECIAL [/]
- 55 TK_PR_DO [do]
- 55 TK_PR_DO [do]
- 56 TK_ESPECIAL [*]
- 56 TK_PR_INPUT [input]
- 56 TK_ESPECIAL [>]
- 56 TK_ESPECIAL [$]
- 56 TK_ESPECIAL [*]
- 56 TK_PR_STRING [string]
- 56 TK_PR_FLOAT [float]
- 56 TK_PR_CHAR [char]
- 56 TK_PR_BOOL [bool]
- 56 TK_ESPECIAL [$]
- 56 TK_ESPECIAL [/]
- 56 TK_ESPECIAL [{]
- 56 TK_PR_BOOL [bool]
- 56 TK_ESPECIAL [{]
- 57 TK_PR_FLOAT [float]
- 57 TK_ESPECIAL [-]
- 57 TK_PR_BOOL [bool]
- 57 TK_ESPECIAL [{]
- 57 TK_PR_STRING [string]
- 57 TK_PR_CHAR [char]
- 57 TK_ESPECIAL []]
- 57 TK_ESPECIAL [[]
- 57 TK_ESPECIAL [)]
- 57 TK_ESPECIAL [}]
- 57 TK_ESPECIAL [>]
- 57 TK_PR_THEN [then]
- 57 TK_ESPECIAL [/]
- 57 TK_ESPECIAL [:]
- 57 TK_PR_THEN [then]
- 57 TK_PR_INPUT [input]
- 58 TK_PR_FLOAT [float]
- 58 TK_PR_IF [if]
- 58 TK_ESPECIAL [,]
- 58 TK_PR_RETURN [return]
- 58 TK_ESPECIAL [/]
- 58 TK_ESPECIAL [{]
- 58 TK_PR_IF [if]
- 58 TK_ESPECIAL [(]
- 58 TK_ESPECIAL [!]
- 58 TK_ESPECIAL [}]
- 58 TK_ESPECIAL [=]
- 58 TK_ESPECIAL [/]
- 58 TK_ESPECIAL [&]
- 58 TK_ESPECIAL [{]
- 58 TK_PR_RETURN [return]
- 58 TK_ESPECIAL [:]
- 58 TK_ESPECIAL []]
- 58 TK_ESPECIAL [(]
- 58 TK_PR_STRING [string]
- 58 TK_ESPECIAL [+]
- 58 TK_PR_FLOAT [float]
- 58 TK_ESPECIAL []]
- 58 TK_ESPECIAL [/]
- 58 TK_ESPECIAL [)]
- 58 TK_ESPECIAL [+]
- 59 TK_PR_STRING [string]
- 59 TK_ESPECIAL [=]
- 59 TK_PR_ELSE [else]
- 59 TK_PR_STRING [string]
- 59 TK_ESPECIAL [<]
- 59 TK_ESPECIAL [>]
- 59 TK_PR_STRING [string]
- 59 TK_PR_FLOAT [float]
- 59 TK_PR_INPUT [input]
- 59 TK_ESPECIAL [&]
- 59 TK_ESPECIAL [(]
- 59 TK_ESPECIAL [:]
- 59 TK_ESPECIAL [;]
- 59 TK_ESPECIAL [*]
+ 1 TOKEN_ERRO [+]
+ 1 TOKEN_ERRO [r]
+ 1 TOKEN_ERRO [e]
+ 1 TOKEN_ERRO [t]
+ 1 TOKEN_ERRO [u]
+ 1 TOKEN_ERRO [r]
+ 1 TOKEN_ERRO [n]
+ 1 TOKEN_ERRO [s]
+ 1 TOKEN_ERRO [t]
+ 1 TOKEN_ERRO [r]
+ 1 TOKEN_ERRO [i]
+ 1 TOKEN_ERRO [n]
+ 1 TOKEN_ERRO [g]
+ 1 TOKEN_ERRO [s]
+ 1 TOKEN_ERRO [t]
+ 1 TOKEN_ERRO [r]
+ 1 TOKEN_ERRO [i]
+ 1 TOKEN_ERRO [n]
+ 1 TOKEN_ERRO [g]
+ 1 TOKEN_ERRO [-]
+ 1 TOKEN_ERRO [r]
+ 1 TOKEN_ERRO [e]
+ 1 TOKEN_ERRO [t]
+ 1 TOKEN_ERRO [u]
+ 1 TOKEN_ERRO [r]
+ 1 TOKEN_ERRO [n]
+ 1 TOKEN_ERRO [+]
+ 1 TOKEN_ERRO [+]
+ 1 TOKEN_ERRO [d]
+ 1 TOKEN_ERRO [o]
+ 1 TOKEN_ERRO [i]
+ 1 TOKEN_ERRO [n]
+ 1 TOKEN_ERRO [p]
+ 1 TOKEN_ERRO [u]
+ 1 TOKEN_ERRO [t]
+ 1 TOKEN_ERRO [r]
+ 1 TOKEN_ERRO [e]
+ 1 TOKEN_ERRO [t]
+ 1 TOKEN_ERRO [u]
+ 1 TOKEN_ERRO [r]
+ 1 TOKEN_ERRO [n]
+ 2 TOKEN_ERRO [f]
+ 2 TOKEN_ERRO [l]
+ 2 TOKEN_ERRO [o]
+ 2 TOKEN_ERRO [a]
+ 2 TOKEN_ERRO [t]
+ 2 TOKEN_ERRO [{]
+ 2 TOKEN_ERRO [{]
+ 2 TOKEN_ERRO [;]
+ 2 TOKEN_ERRO []]
+ 2 TOKEN_ERRO [d]
+ 2 TOKEN_ERRO [o]
+ 2 TOKEN_ERRO [[]
+ 2 TOKEN_ERRO [>]
+ 2 TOKEN_ERRO [)]
+ 2 TOKEN_ERRO [<]
+ 2 TOKEN_ERRO []]
+ 2 TOKEN_ERRO [-]
+ 2 TOKEN_ERRO [/]
+ 2 TOKEN_ERRO [!]
+ 2 TOKEN_ERRO [s]
+ 2 TOKEN_ERRO [t]
+ 2 TOKEN_ERRO [r]
+ 2 TOKEN_ERRO [i]
+ 2 TOKEN_ERRO [n]
+ 2 TOKEN_ERRO [g]
+ 2 TOKEN_ERRO [=]
+ 2 TOKEN_ERRO [;]
+ 2 TOKEN_ERRO [d]
+ 2 TOKEN_ERRO [o]
+ 2 TOKEN_ERRO [:]
+ 2 TOKEN_ERRO [-]
+ 2 TOKEN_ERRO [{]
+ 2 TOKEN_ERRO [}]
+ 2 TOKEN_ERRO [>]
+ 2 TOKEN_ERRO [c]
+ 2 TOKEN_ERRO [h]
+ 2 TOKEN_ERRO [a]
+ 2 TOKEN_ERRO [r]
+ 2 TOKEN_ERRO [s]
+ 2 TOKEN_ERRO [t]
+ 2 TOKEN_ERRO [r]
+ 2 TOKEN_ERRO [i]
+ 2 TOKEN_ERRO [n]
+ 2 TOKEN_ERRO [g]
+ 3 TOKEN_ERRO [d]
+ 3 TOKEN_ERRO [o]
+ 3 TOKEN_ERRO [d]
+ 3 TOKEN_ERRO [o]
+ 3 TOKEN_ERRO [}]
+ 3 TOKEN_ERRO [t]
+ 3 TOKEN_ERRO [h]
+ 3 TOKEN_ERRO [e]
+ 3 TOKEN_ERRO [n]
+ 3 TOKEN_ERRO [{]
+ 3 TOKEN_ERRO [i]
+ 3 TOKEN_ERRO [n]
+ 3 TOKEN_ERRO [t]
+ 3 TOKEN_ERRO [s]
+ 3 TOKEN_ERRO [t]
+ 3 TOKEN_ERRO [r]
+ 3 TOKEN_ERRO [i]
+ 3 TOKEN_ERRO [n]
+ 3 TOKEN_ERRO [g]
+ 3 TOKEN_ERRO [$]
+ 3 TOKEN_ERRO [,]
+ 3 TOKEN_ERRO [s]
+ 3 TOKEN_ERRO [t]
+ 3 TOKEN_ERRO [r]
+ 3 TOKEN_ERRO [i]
+ 3 TOKEN_ERRO [n]
+ 3 TOKEN_ERRO [g]
+ 3 TOKEN_ERRO [<]
+ 3 TOKEN_ERRO [:]
+ 3 TOKEN_ERRO [s]
+ 3 TOKEN_ERRO [t]
+ 3 TOKEN_ERRO [r]
+ 3 TOKEN_ERRO [i]
+ 3 TOKEN_ERRO [n]
+ 3 TOKEN_ERRO [g]
+ 3 TOKEN_ERRO [/]
+ 3 TOKEN_ERRO [-]
+ 3 TOKEN_ERRO [>]
+ 3 TOKEN_ERRO [d]
+ 3 TOKEN_ERRO [o]
+ 3 TOKEN_ERRO [*]
+ 3 TOKEN_ERRO [>]
+ 4 TOKEN_ERRO [+]
+ 4 TOKEN_ERRO [*]
+ 4 TOKEN_ERRO [i]
+ 4 TOKEN_ERRO [f]
+ 4 TOKEN_ERRO [/]
+ 4 TOKEN_ERRO [b]
+ 4 TOKEN_ERRO [o]
+ 4 TOKEN_ERRO [o]
+ 4 TOKEN_ERRO [l]
+ 4 TOKEN_ERRO [:]
+ 4 TOKEN_ERRO [!]
+ 4 TOKEN_ERRO []]
+ 4 TOKEN_ERRO [<]
+ 4 TOKEN_ERRO [i]
+ 4 TOKEN_ERRO [n]
+ 4 TOKEN_ERRO [p]
+ 4 TOKEN_ERRO [u]
+ 4 TOKEN_ERRO [t]
+ 4 TOKEN_ERRO [e]
+ 4 TOKEN_ERRO [l]
+ 4 TOKEN_ERRO [s]
+ 4 TOKEN_ERRO [e]
+ 4 TOKEN_ERRO [(]
+ 4 TOKEN_ERRO [>]
+ 4 TOKEN_ERRO [r]
+ 4 TOKEN_ERRO [e]
+ 4 TOKEN_ERRO [t]
+ 4 TOKEN_ERRO [u]
+ 4 TOKEN_ERRO [r]
+ 4 TOKEN_ERRO [n]
+ 4 TOKEN_ERRO [[]
+ 4 TOKEN_ERRO [/]
+ 4 TOKEN_ERRO [r]
+ 4 TOKEN_ERRO [e]
+ 4 TOKEN_ERRO [t]
+ 4 TOKEN_ERRO [u]
+ 4 TOKEN_ERRO [r]
+ 4 TOKEN_ERRO [n]
+ 4 TOKEN_ERRO [r]
+ 4 TOKEN_ERRO [e]
+ 4 TOKEN_ERRO [t]
+ 4 TOKEN_ERRO [u]
+ 4 TOKEN_ERRO [r]
+ 4 TOKEN_ERRO [n]
+ 5 TOKEN_ERRO [d]
+ 5 TOKEN_ERRO [o]
+ 5 TOKEN_ERRO [c]
+ 5 TOKEN_ERRO [h]
+ 5 TOKEN_ERRO [a]
+ 5 TOKEN_ERRO [r]
+ 5 TOKEN_ERRO [$]
+ 5 TOKEN_ERRO [[]
+ 5 TOKEN_ERRO [c]
+ 5 TOKEN_ERRO [h]
+ 5 TOKEN_ERRO [a]
+ 5 TOKEN_ERRO [r]
+ 5 TOKEN_ERRO [;]
+ 5 TOKEN_ERRO [[]
+ 5 TOKEN_ERRO [i]
+ 5 TOKEN_ERRO [f]
+ 5 TOKEN_ERRO []]
+ 5 TOKEN_ERRO [s]
+ 5 TOKEN_ERRO [t]
+ 5 TOKEN_ERRO [r]
+ 5 TOKEN_ERRO [i]
+ 5 TOKEN_ERRO [n]
+ 5 TOKEN_ERRO [g]
+ 5 TOKEN_ERRO [b]
+ 5 TOKEN_ERRO [o]
+ 5 TOKEN_ERRO [o]
+ 5 TOKEN_ERRO [l]
+ 5 TOKEN_ERRO [,]
+ 5 TOKEN_ERRO [:]
+ 5 TOKEN_ERRO [f]
+ 5 TOKEN_ERRO [l]
+ 5 TOKEN_ERRO [o]
+ 5 TOKEN_ERRO [a]
+ 5 TOKEN_ERRO [t]
+ 5 TOKEN_ERRO [>]
+ 5 TOKEN_ERRO [:]
+ 5 TOKEN_ERRO [*]
+ 5 TOKEN_ERRO [-]
+ 5 TOKEN_ERRO [[]
+ 6 TOKEN_ERRO [f]
+ 6 TOKEN_ERRO [l]
+ 6 TOKEN_ERRO [o]
+ 6 TOKEN_ERRO [a]
+ 6 TOKEN_ERRO [t]
+ 6 TOKEN_ERRO [}]
+ 6 TOKEN_ERRO [b]
+ 6 TOKEN_ERRO [o]
+ 6 TOKEN_ERRO [o]
+ 6 TOKEN_ERRO [l]
+ 6 TOKEN_ERRO [-]
+ 6 TOKEN_ERRO [{]
+ 6 TOKEN_ERRO [=]
+ 6 TOKEN_ERRO [s]
+ 6 TOKEN_ERRO [t]
+ 6 TOKEN_ERRO [r]
+ 6 TOKEN_ERRO [i]
+ 6 TOKEN_ERRO [n]
+ 6 TOKEN_ERRO [g]
+ 6 TOKEN_ERRO [c]
+ 6 TOKEN_ERRO [h]
+ 6 TOKEN_ERRO [a]
+ 6 TOKEN_ERRO [r]
+ 6 TOKEN_ERRO [!]
+ 6 TOKEN_ERRO [[]
+ 6 TOKEN_ERRO [=]
+ 6 TOKEN_ERRO [(]
+ 6 TOKEN_ERRO [+]
+ 6 TOKEN_ERRO [&]
+ 6 TOKEN_ERRO [}]
+ 6 TOKEN_ERRO [i]
+ 6 TOKEN_ERRO [n]
+ 6 TOKEN_ERRO [p]
+ 6 TOKEN_ERRO [u]
+ 6 TOKEN_ERRO [t]
+ 6 TOKEN_ERRO [i]
+ 6 TOKEN_ERRO [f]
+ 6 TOKEN_ERRO [(]
+ 6 TOKEN_ERRO [{]
+ 6 TOKEN_ERRO [*]
+ 6 TOKEN_ERRO [!]
+ 6 TOKEN_ERRO [(]
+ 6 TOKEN_ERRO [,]
+ 6 TOKEN_ERRO [[]
+ 7 TOKEN_ERRO [r]
+ 7 TOKEN_ERRO [e]
+ 7 TOKEN_ERRO [t]
+ 7 TOKEN_ERRO [u]
+ 7 TOKEN_ERRO [r]
+ 7 TOKEN_ERRO [n]
+ 7 TOKEN_ERRO [/]
+ 7 TOKEN_ERRO [{]
+ 7 TOKEN_ERRO [<]
+ 7 TOKEN_ERRO []]
+ 7 TOKEN_ERRO [i]
+ 7 TOKEN_ERRO [n]
+ 7 TOKEN_ERRO [t]
+ 7 TOKEN_ERRO [d]
+ 7 TOKEN_ERRO [o]
+ 7 TOKEN_ERRO [&]
+ 7 TOKEN_ERRO [:]
+ 7 TOKEN_ERRO [*]
+ 7 TOKEN_ERRO [f]
+ 7 TOKEN_ERRO [l]
+ 7 TOKEN_ERRO [o]
+ 7 TOKEN_ERRO [a]
+ 7 TOKEN_ERRO [t]
+ 7 TOKEN_ERRO [i]
+ 7 TOKEN_ERRO [n]
+ 7 TOKEN_ERRO [p]
+ 7 TOKEN_ERRO [u]
+ 7 TOKEN_ERRO [t]
+ 7 TOKEN_ERRO [i]
+ 7 TOKEN_ERRO [n]
+ 7 TOKEN_ERRO [p]
+ 7 TOKEN_ERRO [u]
+ 7 TOKEN_ERRO [t]
+ 7 TOKEN_ERRO [s]
+ 7 TOKEN_ERRO [t]
+ 7 TOKEN_ERRO [r]
+ 7 TOKEN_ERRO [i]
+ 7 TOKEN_ERRO [n]
+ 7 TOKEN_ERRO [g]
+ 7 TOKEN_ERRO [{]
+ 7 TOKEN_ERRO [>]
+ 7 TOKEN_ERRO [*]
+ 8 TOKEN_ERRO [b]
+ 8 TOKEN_ERRO [o]
+ 8 TOKEN_ERRO [o]
+ 8 TOKEN_ERRO [l]
+ 8 TOKEN_ERRO [$]
+ 8 TOKEN_ERRO [;]
+ 8 TOKEN_ERRO [}]
+ 8 TOKEN_ERRO [t]
+ 8 TOKEN_ERRO [h]
+ 8 TOKEN_ERRO [e]
+ 8 TOKEN_ERRO [n]
+ 8 TOKEN_ERRO [:]
+ 8 TOKEN_ERRO [,]
+ 8 TOKEN_ERRO [(]
+ 8 TOKEN_ERRO [d]
+ 8 TOKEN_ERRO [o]
+ 8 TOKEN_ERRO [r]
+ 8 TOKEN_ERRO [e]
+ 8 TOKEN_ERRO [t]
+ 8 TOKEN_ERRO [u]
+ 8 TOKEN_ERRO [r]
+ 8 TOKEN_ERRO [n]
+ 8 TOKEN_ERRO [i]
+ 8 TOKEN_ERRO [n]
+ 8 TOKEN_ERRO [p]
+ 8 TOKEN_ERRO [u]
+ 8 TOKEN_ERRO [t]
+ 8 TOKEN_ERRO [(]
+ 8 TOKEN_ERRO [f]
+ 8 TOKEN_ERRO [l]
+ 8 TOKEN_ERRO [o]
+ 8 TOKEN_ERRO [a]
+ 8 TOKEN_ERRO [t]
+ 8 TOKEN_ERRO [d]
+ 8 TOKEN_ERRO [o]
+ 8 TOKEN_ERRO [<]
+ 8 TOKEN_ERRO [,]
+ 8 TOKEN_ERRO [=]
+ 8 TOKEN_ERRO [;]
+ 8 TOKEN_ERRO [;]
+ 8 TOKEN_ERRO [$]
+ 8 TOKEN_ERRO [i]
+ 8 TOKEN_ERRO [f]
+ 8 TOKEN_ERRO [:]
+ 8 TOKEN_ERRO [)]
+ 8 TOKEN_ERRO [/]
+ 9 TOKEN_ERRO [*]
+ 9 TOKEN_ERRO []]
+ 9 TOKEN_ERRO [*]
+ 9 TOKEN_ERRO [:]
+ 9 TOKEN_ERRO [)]
+ 9 TOKEN_ERRO [[]
+ 9 TOKEN_ERRO [b]
+ 9 TOKEN_ERRO [o]
+ 9 TOKEN_ERRO [o]
+ 9 TOKEN_ERRO [l]
+ 9 TOKEN_ERRO [!]
+ 9 TOKEN_ERRO [{]
+ 9 TOKEN_ERRO [s]
+ 9 TOKEN_ERRO [t]
+ 9 TOKEN_ERRO [r]
+ 9 TOKEN_ERRO [i]
+ 9 TOKEN_ERRO [n]
+ 9 TOKEN_ERRO [g]
+ 9 TOKEN_ERRO [c]
+ 9 TOKEN_ERRO [h]
+ 9 TOKEN_ERRO [a]
+ 9 TOKEN_ERRO [r]
+ 9 TOKEN_ERRO [,]
+ 9 TOKEN_ERRO [b]
+ 9 TOKEN_ERRO [o]
+ 9 TOKEN_ERRO [o]
+ 9 TOKEN_ERRO [l]
+ 9 TOKEN_ERRO [/]
+ 9 TOKEN_ERRO [b]
+ 9 TOKEN_ERRO [o]
+ 9 TOKEN_ERRO [o]
+ 9 TOKEN_ERRO [l]
+ 9 TOKEN_ERRO [}]
+ 9 TOKEN_ERRO [+]
+ 9 TOKEN_ERRO [>]
+ 10 TOKEN_ERRO [s]
+ 10 TOKEN_ERRO [t]
+ 10 TOKEN_ERRO [r]
+ 10 TOKEN_ERRO [i]
+ 10 TOKEN_ERRO [n]
+ 10 TOKEN_ERRO [g]
+ 10 TOKEN_ERRO [t]
+ 10 TOKEN_ERRO [h]
+ 10 TOKEN_ERRO [e]
+ 10 TOKEN_ERRO [n]
+ 10 TOKEN_ERRO [&]
+ 10 TOKEN_ERRO [}]
+ 10 TOKEN_ERRO [s]
+ 10 TOKEN_ERRO [t]
+ 10 TOKEN_ERRO [r]
+ 10 TOKEN_ERRO [i]
+ 10 TOKEN_ERRO [n]
+ 10 TOKEN_ERRO [g]
+ 10 TOKEN_ERRO [)]
+ 10 TOKEN_ERRO [)]
+ 10 TOKEN_ERRO [*]
+ 10 TOKEN_ERRO [<]
+ 10 TOKEN_ERRO [[]
+ 10 TOKEN_ERRO [;]
+ 10 TOKEN_ERRO [t]
+ 10 TOKEN_ERRO [h]
+ 10 TOKEN_ERRO [e]
+ 10 TOKEN_ERRO [n]
+ 10 TOKEN_ERRO [[]
+ 10 TOKEN_ERRO [o]
+ 10 TOKEN_ERRO [u]
+ 10 TOKEN_ERRO [t]
+ 10 TOKEN_ERRO [p]
+ 10 TOKEN_ERRO [u]
+ 10 TOKEN_ERRO [t]
+ 10 TOKEN_ERRO [e]
+ 10 TOKEN_ERRO [l]
+ 10 TOKEN_ERRO [s]
+ 10 TOKEN_ERRO [e]
+ 10 TOKEN_ERRO [:]
+ 10 TOKEN_ERRO [;]
+ 10 TOKEN_ERRO [=]
+ 10 TOKEN_ERRO [s]
+ 10 TOKEN_ERRO [t]
+ 10 TOKEN_ERRO [r]
+ 10 TOKEN_ERRO [i]
+ 10 TOKEN_ERRO [n]
+ 10 TOKEN_ERRO [g]
+ 10 TOKEN_ERRO [$]
+ 10 TOKEN_ERRO [$]
+ 10 TOKEN_ERRO [o]
+ 10 TOKEN_ERRO [u]
+ 10 TOKEN_ERRO [t]
+ 10 TOKEN_ERRO [p]
+ 10 TOKEN_ERRO [u]
+ 10 TOKEN_ERRO [t]
+ 10 TOKEN_ERRO [,]
+ 11 TOKEN_ERRO [s]
+ 11 TOKEN_ERRO [t]
+ 11 TOKEN_ERRO [r]
+ 11 TOKEN_ERRO [i]
+ 11 TOKEN_ERRO [n]
+ 11 TOKEN_ERRO [g]
+ 11 TOKEN_ERRO [i]
+ 11 TOKEN_ERRO [n]
+ 11 TOKEN_ERRO [t]
+ 11 TOKEN_ERRO [[]
+ 11 TOKEN_ERRO [>]
+ 11 TOKEN_ERRO [!]
+ 11 TOKEN_ERRO [+]
+ 11 TOKEN_ERRO [{]
+ 11 TOKEN_ERRO [/]
+ 11 TOKEN_ERRO [=]
+ 11 TOKEN_ERRO [/]
+ 11 TOKEN_ERRO [r]
+ 11 TOKEN_ERRO [e]
+ 11 TOKEN_ERRO [t]
+ 11 TOKEN_ERRO [u]
+ 11 TOKEN_ERRO [r]
+ 11 TOKEN_ERRO [n]
+ 11 TOKEN_ERRO [s]
+ 11 TOKEN_ERRO [t]
+ 11 TOKEN_ERRO [r]
+ 11 TOKEN_ERRO [i]
+ 11 TOKEN_ERRO [n]
+ 11 TOKEN_ERRO [g]
+ 11 TOKEN_ERRO [b]
+ 11 TOKEN_ERRO [o]
+ 11 TOKEN_ERRO [o]
+ 11 TOKEN_ERRO [l]
+ 11 TOKEN_ERRO [f]
+ 11 TOKEN_ERRO [l]
+ 11 TOKEN_ERRO [o]
+ 11 TOKEN_ERRO [a]
+ 11 TOKEN_ERRO [t]
+ 11 TOKEN_ERRO [<]
+ 11 TOKEN_ERRO [c]
+ 11 TOKEN_ERRO [h]
+ 11 TOKEN_ERRO [a]
+ 11 TOKEN_ERRO [r]
+ 11 TOKEN_ERRO []]
+ 11 TOKEN_ERRO [}]
+ 12 TOKEN_ERRO [>]
+ 12 TOKEN_ERRO [c]
+ 12 TOKEN_ERRO [h]
+ 12 TOKEN_ERRO [a]
+ 12 TOKEN_ERRO [r]
+ 12 TOKEN_ERRO [}]
+ 12 TOKEN_ERRO [*]
+ 12 TOKEN_ERRO [[]
+ 12 TOKEN_ERRO [,]
+ 12 TOKEN_ERRO [=]
+ 12 TOKEN_ERRO [b]
+ 12 TOKEN_ERRO [o]
+ 12 TOKEN_ERRO [o]
+ 12 TOKEN_ERRO [l]
+ 12 TOKEN_ERRO [$]
+ 12 TOKEN_ERRO [s]
+ 12 TOKEN_ERRO [t]
+ 12 TOKEN_ERRO [r]
+ 12 TOKEN_ERRO [i]
+ 12 TOKEN_ERRO [n]
+ 12 TOKEN_ERRO [g]
+ 12 TOKEN_ERRO [t]
+ 12 TOKEN_ERRO [h]
+ 12 TOKEN_ERRO [e]
+ 12 TOKEN_ERRO [n]
+ 12 TOKEN_ERRO [{]
+ 12 TOKEN_ERRO [/]
+ 12 TOKEN_ERRO [d]
+ 12 TOKEN_ERRO [o]
+ 12 TOKEN_ERRO [!]
+ 12 TOKEN_ERRO [)]
+ 12 TOKEN_ERRO [{]
+ 12 TOKEN_ERRO [[]
+ 12 TOKEN_ERRO [(]
+ 12 TOKEN_ERRO [:]
+ 12 TOKEN_ERRO [t]
+ 12 TOKEN_ERRO [h]
+ 12 TOKEN_ERRO [e]
+ 12 TOKEN_ERRO [n]
+ 12 TOKEN_ERRO [-]
+ 13 TOKEN_ERRO [-]
+ 13 TOKEN_ERRO [,]
+ 13 TOKEN_ERRO [i]
+ 13 TOKEN_ERRO [n]
+ 13 TOKEN_ERRO [t]
+ 13 TOKEN_ERRO [i]
+ 13 TOKEN_ERRO [n]
+ 13 TOKEN_ERRO [t]
+ 13 TOKEN_ERRO [&]
+ 13 TOKEN_ERRO [/]
+ 13 TOKEN_ERRO [}]
+ 13 TOKEN_ERRO [&]
+ 13 TOKEN_ERRO [{]
+ 13 TOKEN_ERRO [t]
+ 13 TOKEN_ERRO [h]
+ 13 TOKEN_ERRO [e]
+ 13 TOKEN_ERRO [n]
+ 13 TOKEN_ERRO [!]
+ 13 TOKEN_ERRO []]
+ 13 TOKEN_ERRO [{]
+ 13 TOKEN_ERRO [s]
+ 13 TOKEN_ERRO [t]
+ 13 TOKEN_ERRO [r]
+ 13 TOKEN_ERRO [i]
+ 13 TOKEN_ERRO [n]
+ 13 TOKEN_ERRO [g]
+ 13 TOKEN_ERRO [>]
+ 13 TOKEN_ERRO [$]
+ 13 TOKEN_ERRO [i]
+ 13 TOKEN_ERRO [n]
+ 13 TOKEN_ERRO [p]
+ 13 TOKEN_ERRO [u]
+ 13 TOKEN_ERRO [t]
+ 13 TOKEN_ERRO [*]
+ 13 TOKEN_ERRO [=]
+ 13 TOKEN_ERRO [i]
+ 13 TOKEN_ERRO [n]
+ 13 TOKEN_ERRO [t]
+ 13 TOKEN_ERRO [!]
+ 13 TOKEN_ERRO [&]
+ 14 TOKEN_ERRO [t]
+ 14 TOKEN_ERRO [h]
+ 14 TOKEN_ERRO [e]
+ 14 TOKEN_ERRO [n]
+ 14 TOKEN_ERRO [*]
+ 14 TOKEN_ERRO [{]
+ 14 TOKEN_ERRO [o]
+ 14 TOKEN_ERRO [u]
+ 14 TOKEN_ERRO [t]
+ 14 TOKEN_ERRO [p]
+ 14 TOKEN_ERRO [u]
+ 14 TOKEN_ERRO [t]
+ 14 TOKEN_ERRO [&]
+ 14 TOKEN_ERRO [;]
+ 14 TOKEN_ERRO [t]
+ 14 TOKEN_ERRO [h]
+ 14 TOKEN_ERRO [e]
+ 14 TOKEN_ERRO [n]
+ 14 TOKEN_ERRO [i]
+ 14 TOKEN_ERRO [n]
+ 14 TOKEN_ERRO [p]
+ 14 TOKEN_ERRO [u]
+ 14 TOKEN_ERRO [t]
+ 14 TOKEN_ERRO [r]
+ 14 TOKEN_ERRO [e]
+ 14 TOKEN_ERRO [t]
+ 14 TOKEN_ERRO [u]
+ 14 TOKEN_ERRO [r]
+ 14 TOKEN_ERRO [n]
+ 14 TOKEN_ERRO [(]
+ 14 TOKEN_ERRO [=]
+ 14 TOKEN_ERRO [+]
+ 14 TOKEN_ERRO [o]
+ 14 TOKEN_ERRO [u]
+ 14 TOKEN_ERRO [t]
+ 14 TOKEN_ERRO [p]
+ 14 TOKEN_ERRO [u]
+ 14 TOKEN_ERRO [t]
+ 14 TOKEN_ERRO [i]
+ 14 TOKEN_ERRO [n]
+ 14 TOKEN_ERRO [t]
+ 14 TOKEN_ERRO [;]
+ 14 TOKEN_ERRO [&]
+ 14 TOKEN_ERRO [/]
+ 14 TOKEN_ERRO []]
+ 14 TOKEN_ERRO [-]
+ 14 TOKEN_ERRO [$]
+ 14 TOKEN_ERRO [)]
+ 15 TOKEN_ERRO [f]
+ 15 TOKEN_ERRO [l]
+ 15 TOKEN_ERRO [o]
+ 15 TOKEN_ERRO [a]
+ 15 TOKEN_ERRO [t]
+ 15 TOKEN_ERRO [{]
+ 15 TOKEN_ERRO [/]
+ 15 TOKEN_ERRO [f]
+ 15 TOKEN_ERRO [l]
+ 15 TOKEN_ERRO [o]
+ 15 TOKEN_ERRO [a]
+ 15 TOKEN_ERRO [t]
+ 15 TOKEN_ERRO [i]
+ 15 TOKEN_ERRO [f]
+ 15 TOKEN_ERRO [=]
+ 15 TOKEN_ERRO [,]
+ 15 TOKEN_ERRO [$]
+ 15 TOKEN_ERRO [)]
+ 15 TOKEN_ERRO [*]
+ 15 TOKEN_ERRO [=]
+ 15 TOKEN_ERRO [<]
+ 15 TOKEN_ERRO [f]
+ 15 TOKEN_ERRO [l]
+ 15 TOKEN_ERRO [o]
+ 15 TOKEN_ERRO [a]
+ 15 TOKEN_ERRO [t]
+ 15 TOKEN_ERRO []]
+ 15 TOKEN_ERRO [!]
+ 15 TOKEN_ERRO [(]
+ 15 TOKEN_ERRO [}]
+ 15 TOKEN_ERRO [b]
+ 15 TOKEN_ERRO [o]
+ 15 TOKEN_ERRO [o]
+ 15 TOKEN_ERRO [l]
+ 15 TOKEN_ERRO [{]
+ 31 TOKEN_ERRO [s]
+ 31 TOKEN_ERRO [t]
+ 31 TOKEN_ERRO [r]
+ 31 TOKEN_ERRO [i]
+ 31 TOKEN_ERRO [n]
+ 31 TOKEN_ERRO [g]
+ 31 TOKEN_ERRO [c]
+ 31 TOKEN_ERRO [h]
+ 31 TOKEN_ERRO [a]
+ 31 TOKEN_ERRO [r]
+ 31 TOKEN_ERRO [{]
+ 31 TOKEN_ERRO [f]
+ 31 TOKEN_ERRO [l]
+ 31 TOKEN_ERRO [o]
+ 31 TOKEN_ERRO [a]
+ 31 TOKEN_ERRO [t]
+ 31 TOKEN_ERRO [s]
+ 31 TOKEN_ERRO [t]
+ 31 TOKEN_ERRO [r]
+ 31 TOKEN_ERRO [i]
+ 31 TOKEN_ERRO [n]
+ 31 TOKEN_ERRO [g]
+ 31 TOKEN_ERRO [/]
+ 31 TOKEN_ERRO [r]
+ 31 TOKEN_ERRO [e]
+ 31 TOKEN_ERRO [t]
+ 31 TOKEN_ERRO [u]
+ 31 TOKEN_ERRO [r]
+ 31 TOKEN_ERRO [n]
+ 31 TOKEN_ERRO [o]
+ 31 TOKEN_ERRO [u]
+ 31 TOKEN_ERRO [t]
+ 31 TOKEN_ERRO [p]
+ 31 TOKEN_ERRO [u]
+ 31 TOKEN_ERRO [t]
+ 31 TOKEN_ERRO [;]
+ 31 TOKEN_ERRO [i]
+ 31 TOKEN_ERRO [f]
+ 31 TOKEN_ERRO [r]
+ 31 TOKEN_ERRO [e]
+ 31 TOKEN_ERRO [t]
+ 31 TOKEN_ERRO [u]
+ 31 TOKEN_ERRO [r]
+ 31 TOKEN_ERRO [n]
+ 31 TOKEN_ERRO [+]
+ 31 TOKEN_ERRO [/]
+ 32 TOKEN_ERRO [s]
+ 32 TOKEN_ERRO [t]
+ 32 TOKEN_ERRO [r]
+ 32 TOKEN_ERRO [i]
+ 32 TOKEN_ERRO [n]
+ 32 TOKEN_ERRO [g]
+ 32 TOKEN_ERRO [:]
+ 32 TOKEN_ERRO [&]
+ 32 TOKEN_ERRO [!]
+ 32 TOKEN_ERRO [[]
+ 32 TOKEN_ERRO [*]
+ 32 TOKEN_ERRO [}]
+ 32 TOKEN_ERRO [}]
+ 32 TOKEN_ERRO [-]
+ 32 TOKEN_ERRO [&]
+ 32 TOKEN_ERRO [=]
+ 32 TOKEN_ERRO [$]
+ 32 TOKEN_ERRO [!]
+ 32 TOKEN_ERRO [{]
+ 32 TOKEN_ERRO [s]
+ 32 TOKEN_ERRO [t]
+ 32 TOKEN_ERRO [r]
+ 32 TOKEN_ERRO [i]
+ 32 TOKEN_ERRO [n]
+ 32 TOKEN_ERRO [g]
+ 32 TOKEN_ERRO [[]
+ 32 TOKEN_ERRO [[]
+ 32 TOKEN_ERRO [;]
+ 32 TOKEN_ERRO [:]
+ 32 TOKEN_ERRO [-]
+ 32 TOKEN_ERRO [i]
+ 32 TOKEN_ERRO [n]
+ 32 TOKEN_ERRO [t]
+ 32 TOKEN_ERRO [<]
+ 32 TOKEN_ERRO [!]
+ 32 TOKEN_ERRO [d]
+ 32 TOKEN_ERRO [o]
+ 32 TOKEN_ERRO [;]
+ 32 TOKEN_ERRO [b]
+ 32 TOKEN_ERRO [o]
+ 32 TOKEN_ERRO [o]
+ 32 TOKEN_ERRO [l]
+ 32 TOKEN_ERRO [[]
+ 32 TOKEN_ERRO [=]
+ 32 TOKEN_ERRO [!]
+ 32 TOKEN_ERRO [{]
+ 32 TOKEN_ERRO [>]
+ 33 TOKEN_ERRO [s]
+ 33 TOKEN_ERRO [t]
+ 33 TOKEN_ERRO [r]
+ 33 TOKEN_ERRO [i]
+ 33 TOKEN_ERRO [n]
+ 33 TOKEN_ERRO [g]
+ 33 TOKEN_ERRO [:]
+ 33 TOKEN_ERRO [,]
+ 33 TOKEN_ERRO [s]
+ 33 TOKEN_ERRO [t]
+ 33 TOKEN_ERRO [r]
+ 33 TOKEN_ERRO [i]
+ 33 TOKEN_ERRO [n]
+ 33 TOKEN_ERRO [g]
+ 33 TOKEN_ERRO [!]
+ 33 TOKEN_ERRO [t]
+ 33 TOKEN_ERRO [h]
+ 33 TOKEN_ERRO [e]
+ 33 TOKEN_ERRO [n]
+ 33 TOKEN_ERRO [{]
+ 33 TOKEN_ERRO [i]
+ 33 TOKEN_ERRO [n]
+ 33 TOKEN_ERRO [p]
+ 33 TOKEN_ERRO [u]
+ 33 TOKEN_ERRO [t]
+ 33 TOKEN_ERRO [i]
+ 33 TOKEN_ERRO [n]
+ 33 TOKEN_ERRO [p]
+ 33 TOKEN_ERRO [u]
+ 33 TOKEN_ERRO [t]
+ 33 TOKEN_ERRO [i]
+ 33 TOKEN_ERRO [n]
+ 33 TOKEN_ERRO [t]
+ 33 TOKEN_ERRO [:]
+ 33 TOKEN_ERRO [i]
+ 33 TOKEN_ERRO [n]
+ 33 TOKEN_ERRO [t]
+ 33 TOKEN_ERRO [=]
+ 33 TOKEN_ERRO [f]
+ 33 TOKEN_ERRO [l]
+ 33 TOKEN_ERRO [o]
+ 33 TOKEN_ERRO [a]
+ 33 TOKEN_ERRO [t]
+ 34 TOKEN_ERRO [s]
+ 34 TOKEN_ERRO [t]
+ 34 TOKEN_ERRO [r]
+ 34 TOKEN_ERRO [i]
+ 34 TOKEN_ERRO [n]
+ 34 TOKEN_ERRO [g]
+ 34 TOKEN_ERRO [*]
+ 34 TOKEN_ERRO [<]
+ 34 TOKEN_ERRO [$]
+ 34 TOKEN_ERRO [=]
+ 34 TOKEN_ERRO [d]
+ 34 TOKEN_ERRO [o]
+ 34 TOKEN_ERRO [}]
+ 34 TOKEN_ERRO [$]
+ 34 TOKEN_ERRO []]
+ 34 TOKEN_ERRO [*]
+ 34 TOKEN_ERRO []]
+ 34 TOKEN_ERRO [i]
+ 34 TOKEN_ERRO [f]
+ 34 TOKEN_ERRO [i]
+ 34 TOKEN_ERRO [n]
+ 34 TOKEN_ERRO [p]
+ 34 TOKEN_ERRO [u]
+ 34 TOKEN_ERRO [t]
+ 34 TOKEN_ERRO [$]
+ 34 TOKEN_ERRO []]
+ 34 TOKEN_ERRO [[]
+ 34 TOKEN_ERRO [s]
+ 34 TOKEN_ERRO [t]
+ 34 TOKEN_ERRO [r]
+ 34 TOKEN_ERRO [i]
+ 34 TOKEN_ERRO [n]
+ 34 TOKEN_ERRO [g]
+ 34 TOKEN_ERRO []]
+ 34 TOKEN_ERRO [;]
+ 34 TOKEN_ERRO [,]
+ 34 TOKEN_ERRO [-]
+ 34 TOKEN_ERRO [r]
+ 34 TOKEN_ERRO [e]
+ 34 TOKEN_ERRO [t]
+ 34 TOKEN_ERRO [u]
+ 34 TOKEN_ERRO [r]
+ 34 TOKEN_ERRO [n]
+ 34 TOKEN_ERRO [+]
+ 34 TOKEN_ERRO [,]
+ 34 TOKEN_ERRO [i]
+ 34 TOKEN_ERRO [n]
+ 34 TOKEN_ERRO [p]
+ 34 TOKEN_ERRO [u]
+ 34 TOKEN_ERRO [t]
+ 34 TOKEN_ERRO [:]
+ 35 TOKEN_ERRO [t]
+ 35 TOKEN_ERRO [h]
+ 35 TOKEN_ERRO [e]
+ 35 TOKEN_ERRO [n]
+ 35 TOKEN_ERRO [r]
+ 35 TOKEN_ERRO [e]
+ 35 TOKEN_ERRO [t]
+ 35 TOKEN_ERRO [u]
+ 35 TOKEN_ERRO [r]
+ 35 TOKEN_ERRO [n]
+ 35 TOKEN_ERRO [o]
+ 35 TOKEN_ERRO [u]
+ 35 TOKEN_ERRO [t]
+ 35 TOKEN_ERRO [p]
+ 35 TOKEN_ERRO [u]
+ 35 TOKEN_ERRO [t]
+ 35 TOKEN_ERRO [<]
+ 35 TOKEN_ERRO [(]
+ 35 TOKEN_ERRO [/]
+ 35 TOKEN_ERRO [[]
+ 35 TOKEN_ERRO [[]
+ 35 TOKEN_ERRO [r]
+ 35 TOKEN_ERRO [e]
+ 35 TOKEN_ERRO [t]
+ 35 TOKEN_ERRO [u]
+ 35 TOKEN_ERRO [r]
+ 35 TOKEN_ERRO [n]
+ 35 TOKEN_ERRO [*]
+ 35 TOKEN_ERRO [d]
+ 35 TOKEN_ERRO [o]
+ 35 TOKEN_ERRO [}]
+ 35 TOKEN_ERRO [b]
+ 35 TOKEN_ERRO [o]
+ 35 TOKEN_ERRO [o]
+ 35 TOKEN_ERRO [l]
+ 35 TOKEN_ERRO [b]
+ 35 TOKEN_ERRO [o]
+ 35 TOKEN_ERRO [o]
+ 35 TOKEN_ERRO [l]
+ 35 TOKEN_ERRO [+]
+ 35 TOKEN_ERRO [*]
+ 35 TOKEN_ERRO [t]
+ 35 TOKEN_ERRO [h]
+ 35 TOKEN_ERRO [e]
+ 35 TOKEN_ERRO [n]
+ 36 TOKEN_ERRO [=]
+ 36 TOKEN_ERRO [*]
+ 36 TOKEN_ERRO [c]
+ 36 TOKEN_ERRO [h]
+ 36 TOKEN_ERRO [a]
+ 36 TOKEN_ERRO [r]
+ 36 TOKEN_ERRO [r]
+ 36 TOKEN_ERRO [e]
+ 36 TOKEN_ERRO [t]
+ 36 TOKEN_ERRO [u]
+ 36 TOKEN_ERRO [r]
+ 36 TOKEN_ERRO [n]
+ 36 TOKEN_ERRO [!]
+ 36 TOKEN_ERRO [>]
+ 36 TOKEN_ERRO [(]
+ 36 TOKEN_ERRO []]
+ 36 TOKEN_ERRO [}]
+ 36 TOKEN_ERRO [[]
+ 36 TOKEN_ERRO [i]
+ 36 TOKEN_ERRO [n]
+ 36 TOKEN_ERRO [t]
+ 36 TOKEN_ERRO [e]
+ 36 TOKEN_ERRO [l]
+ 36 TOKEN_ERRO [s]
+ 36 TOKEN_ERRO [e]
+ 36 TOKEN_ERRO [{]
+ 36 TOKEN_ERRO [/]
+ 36 TOKEN_ERRO [s]
+ 36 TOKEN_ERRO [t]
+ 36 TOKEN_ERRO [r]
+ 36 TOKEN_ERRO [i]
+ 36 TOKEN_ERRO [n]
+ 36 TOKEN_ERRO [g]
+ 36 TOKEN_ERRO [>]
+ 36 TOKEN_ERRO [r]
+ 36 TOKEN_ERRO [e]
+ 36 TOKEN_ERRO [t]
+ 36 TOKEN_ERRO [u]
+ 36 TOKEN_ERRO [r]
+ 36 TOKEN_ERRO [n]
+ 36 TOKEN_ERRO [,]
+ 36 TOKEN_ERRO [*]
+ 36 TOKEN_ERRO [>]
+ 36 TOKEN_ERRO [:]
+ 37 TOKEN_ERRO [b]
+ 37 TOKEN_ERRO [o]
+ 37 TOKEN_ERRO [o]
+ 37 TOKEN_ERRO [l]
+ 37 TOKEN_ERRO [=]
+ 37 TOKEN_ERRO [i]
+ 37 TOKEN_ERRO [n]
+ 37 TOKEN_ERRO [t]
+ 37 TOKEN_ERRO []]
+ 37 TOKEN_ERRO [-]
+ 37 TOKEN_ERRO [&]
+ 37 TOKEN_ERRO [&]
+ 37 TOKEN_ERRO [(]
+ 37 TOKEN_ERRO [>]
+ 37 TOKEN_ERRO []]
+ 37 TOKEN_ERRO [>]
+ 37 TOKEN_ERRO [+]
+ 37 TOKEN_ERRO [c]
+ 37 TOKEN_ERRO [h]
+ 37 TOKEN_ERRO [a]
+ 37 TOKEN_ERRO [r]
+ 37 TOKEN_ERRO [-]
+ 37 TOKEN_ERRO [,]
+ 37 TOKEN_ERRO [{]
+ 37 TOKEN_ERRO [)]
+ 37 TOKEN_ERRO [/]
+ 37 TOKEN_ERRO [:]
+ 37 TOKEN_ERRO [[]
+ 37 TOKEN_ERRO [{]
+ 37 TOKEN_ERRO [$]
+ 37 TOKEN_ERRO [o]
+ 37 TOKEN_ERRO [u]
+ 37 TOKEN_ERRO [t]
+ 37 TOKEN_ERRO [p]
+ 37 TOKEN_ERRO [u]
+ 37 TOKEN_ERRO [t]
+ 37 TOKEN_ERRO [;]
+ 37 TOKEN_ERRO [f]
+ 37 TOKEN_ERRO [l]
+ 37 TOKEN_ERRO [o]
+ 37 TOKEN_ERRO [a]
+ 37 TOKEN_ERRO [t]
+ 37 TOKEN_ERRO [}]
+ 37 TOKEN_ERRO [o]
+ 37 TOKEN_ERRO [u]
+ 37 TOKEN_ERRO [t]
+ 37 TOKEN_ERRO [p]
+ 37 TOKEN_ERRO [u]
+ 37 TOKEN_ERRO [t]
+ 37 TOKEN_ERRO [<]
+ 37 TOKEN_ERRO [;]
+ 38 TOKEN_ERRO [b]
+ 38 TOKEN_ERRO [o]
+ 38 TOKEN_ERRO [o]
+ 38 TOKEN_ERRO [l]
+ 38 TOKEN_ERRO [s]
+ 38 TOKEN_ERRO [t]
+ 38 TOKEN_ERRO [r]
+ 38 TOKEN_ERRO [i]
+ 38 TOKEN_ERRO [n]
+ 38 TOKEN_ERRO [g]
+ 38 TOKEN_ERRO [{]
+ 38 TOKEN_ERRO [t]
+ 38 TOKEN_ERRO [h]
+ 38 TOKEN_ERRO [e]
+ 38 TOKEN_ERRO [n]
+ 38 TOKEN_ERRO [)]
+ 38 TOKEN_ERRO [!]
+ 38 TOKEN_ERRO [c]
+ 38 TOKEN_ERRO [h]
+ 38 TOKEN_ERRO [a]
+ 38 TOKEN_ERRO [r]
+ 38 TOKEN_ERRO [&]
+ 38 TOKEN_ERRO [*]
+ 38 TOKEN_ERRO [b]
+ 38 TOKEN_ERRO [o]
+ 38 TOKEN_ERRO [o]
+ 38 TOKEN_ERRO [l]
+ 38 TOKEN_ERRO [,]
+ 38 TOKEN_ERRO [t]
+ 38 TOKEN_ERRO [h]
+ 38 TOKEN_ERRO [e]
+ 38 TOKEN_ERRO [n]
+ 38 TOKEN_ERRO [-]
+ 38 TOKEN_ERRO [)]
+ 38 TOKEN_ERRO [t]
+ 38 TOKEN_ERRO [h]
+ 38 TOKEN_ERRO [e]
+ 38 TOKEN_ERRO [n]
+ 38 TOKEN_ERRO [=]
+ 39 TOKEN_ERRO [d]
+ 39 TOKEN_ERRO [o]
+ 39 TOKEN_ERRO [i]
+ 39 TOKEN_ERRO [n]
+ 39 TOKEN_ERRO [t]
+ 39 TOKEN_ERRO [(]
+ 39 TOKEN_ERRO [{]
+ 39 TOKEN_ERRO [:]
+ 39 TOKEN_ERRO [c]
+ 39 TOKEN_ERRO [h]
+ 39 TOKEN_ERRO [a]
+ 39 TOKEN_ERRO [r]
+ 39 TOKEN_ERRO [;]
+ 39 TOKEN_ERRO [;]
+ 39 TOKEN_ERRO [}]
+ 39 TOKEN_ERRO [[]
+ 39 TOKEN_ERRO [,]
+ 39 TOKEN_ERRO [+]
+ 39 TOKEN_ERRO [,]
+ 39 TOKEN_ERRO [d]
+ 39 TOKEN_ERRO [o]
+ 39 TOKEN_ERRO [(]
+ 39 TOKEN_ERRO [*]
+ 39 TOKEN_ERRO [<]
+ 39 TOKEN_ERRO [>]
+ 39 TOKEN_ERRO [-]
+ 39 TOKEN_ERRO [}]
+ 39 TOKEN_ERRO [{]
+ 39 TOKEN_ERRO [(]
+ 39 TOKEN_ERRO [i]
+ 39 TOKEN_ERRO [n]
+ 39 TOKEN_ERRO [t]
+ 39 TOKEN_ERRO [d]
+ 39 TOKEN_ERRO [o]
+ 39 TOKEN_ERRO [)]
+ 40 TOKEN_ERRO [d]
+ 40 TOKEN_ERRO [o]
+ 40 TOKEN_ERRO [$]
+ 40 TOKEN_ERRO [d]
+ 40 TOKEN_ERRO [o]
+ 40 TOKEN_ERRO [)]
+ 40 TOKEN_ERRO [/]
+ 40 TOKEN_ERRO [i]
+ 40 TOKEN_ERRO [n]
+ 40 TOKEN_ERRO [p]
+ 40 TOKEN_ERRO [u]
+ 40 TOKEN_ERRO [t]
+ 40 TOKEN_ERRO [/]
+ 40 TOKEN_ERRO [{]
+ 40 TOKEN_ERRO [!]
+ 40 TOKEN_ERRO [}]
+ 40 TOKEN_ERRO [=]
+ 40 TOKEN_ERRO [t]
+ 40 TOKEN_ERRO [h]
+ 40 TOKEN_ERRO [e]
+ 40 TOKEN_ERRO [n]
+ 40 TOKEN_ERRO [s]
+ 40 TOKEN_ERRO [t]
+ 40 TOKEN_ERRO [r]
+ 40 TOKEN_ERRO [i]
+ 40 TOKEN_ERRO [n]
+ 40 TOKEN_ERRO [g]
+ 40 TOKEN_ERRO [$]
+ 40 TOKEN_ERRO [[]
+ 40 TOKEN_ERRO [<]
+ 40 TOKEN_ERRO [>]
+ 40 TOKEN_ERRO [,]
+ 40 TOKEN_ERRO [/]
+ 40 TOKEN_ERRO [d]
+ 40 TOKEN_ERRO [o]
+ 40 TOKEN_ERRO [d]
+ 40 TOKEN_ERRO [o]
+ 41 TOKEN_ERRO [*]
+ 41 TOKEN_ERRO [i]
+ 41 TOKEN_ERRO [n]
+ 41 TOKEN_ERRO [p]
+ 41 TOKEN_ERRO [u]
+ 41 TOKEN_ERRO [t]
+ 41 TOKEN_ERRO [>]
+ 41 TOKEN_ERRO [$]
+ 41 TOKEN_ERRO [*]
+ 41 TOKEN_ERRO [s]
+ 41 TOKEN_ERRO [t]
+ 41 TOKEN_ERRO [r]
+ 41 TOKEN_ERRO [i]
+ 41 TOKEN_ERRO [n]
+ 41 TOKEN_ERRO [g]
+ 41 TOKEN_ERRO [f]
+ 41 TOKEN_ERRO [l]
+ 41 TOKEN_ERRO [o]
+ 41 TOKEN_ERRO [a]
+ 41 TOKEN_ERRO [t]
+ 41 TOKEN_ERRO [c]
+ 41 TOKEN_ERRO [h]
+ 41 TOKEN_ERRO [a]
+ 41 TOKEN_ERRO [r]
+ 41 TOKEN_ERRO [b]
+ 41 TOKEN_ERRO [o]
+ 41 TOKEN_ERRO [o]
+ 41 TOKEN_ERRO [l]
+ 41 TOKEN_ERRO [$]
+ 41 TOKEN_ERRO [/]
+ 41 TOKEN_ERRO [{]
+ 41 TOKEN_ERRO [b]
+ 41 TOKEN_ERRO [o]
+ 41 TOKEN_ERRO [o]
+ 41 TOKEN_ERRO [l]
+ 41 TOKEN_ERRO [{]
+ 42 TOKEN_ERRO [f]
+ 42 TOKEN_ERRO [l]
+ 42 TOKEN_ERRO [o]
+ 42 TOKEN_ERRO [a]
+ 42 TOKEN_ERRO [t]
+ 42 TOKEN_ERRO [-]
+ 42 TOKEN_ERRO [b]
+ 42 TOKEN_ERRO [o]
+ 42 TOKEN_ERRO [o]
+ 42 TOKEN_ERRO [l]
+ 42 TOKEN_ERRO [{]
+ 42 TOKEN_ERRO [s]
+ 42 TOKEN_ERRO [t]
+ 42 TOKEN_ERRO [r]
+ 42 TOKEN_ERRO [i]
+ 42 TOKEN_ERRO [n]
+ 42 TOKEN_ERRO [g]
+ 42 TOKEN_ERRO [c]
+ 42 TOKEN_ERRO [h]
+ 42 TOKEN_ERRO [a]
+ 42 TOKEN_ERRO [r]
+ 42 TOKEN_ERRO []]
+ 42 TOKEN_ERRO [[]
+ 42 TOKEN_ERRO [)]
+ 42 TOKEN_ERRO [}]
+ 42 TOKEN_ERRO [>]
+ 42 TOKEN_ERRO [t]
+ 42 TOKEN_ERRO [h]
+ 42 TOKEN_ERRO [e]
+ 42 TOKEN_ERRO [n]
+ 42 TOKEN_ERRO [/]
+ 42 TOKEN_ERRO [:]
+ 42 TOKEN_ERRO [t]
+ 42 TOKEN_ERRO [h]
+ 42 TOKEN_ERRO [e]
+ 42 TOKEN_ERRO [n]
+ 42 TOKEN_ERRO [i]
+ 42 TOKEN_ERRO [n]
+ 42 TOKEN_ERRO [p]
+ 42 TOKEN_ERRO [u]
+ 42 TOKEN_ERRO [t]
+ 43 TOKEN_ERRO [f]
+ 43 TOKEN_ERRO [l]
+ 43 TOKEN_ERRO [o]
+ 43 TOKEN_ERRO [a]
+ 43 TOKEN_ERRO [t]
+ 43 TOKEN_ERRO [i]
+ 43 TOKEN_ERRO [f]
+ 43 TOKEN_ERRO [,]
+ 43 TOKEN_ERRO [r]
+ 43 TOKEN_ERRO [e]
+ 43 TOKEN_ERRO [t]
+ 43 TOKEN_ERRO [u]
+ 43 TOKEN_ERRO [r]
+ 43 TOKEN_ERRO [n]
+ 43 TOKEN_ERRO [/]
+ 43 TOKEN_ERRO [{]
+ 43 TOKEN_ERRO [i]
+ 43 TOKEN_ERRO [f]
+ 43 TOKEN_ERRO [(]
+ 43 TOKEN_ERRO [!]
+ 43 TOKEN_ERRO [}]
+ 43 TOKEN_ERRO [=]
+ 43 TOKEN_ERRO [/]
+ 43 TOKEN_ERRO [&]
+ 43 TOKEN_ERRO [{]
+ 43 TOKEN_ERRO [r]
+ 43 TOKEN_ERRO [e]
+ 43 TOKEN_ERRO [t]
+ 43 TOKEN_ERRO [u]
+ 43 TOKEN_ERRO [r]
+ 43 TOKEN_ERRO [n]
+ 43 TOKEN_ERRO [:]
+ 43 TOKEN_ERRO []]
+ 43 TOKEN_ERRO [(]
+ 43 TOKEN_ERRO [s]
+ 43 TOKEN_ERRO [t]
+ 43 TOKEN_ERRO [r]
+ 43 TOKEN_ERRO [i]
+ 43 TOKEN_ERRO [n]
+ 43 TOKEN_ERRO [g]
+ 43 TOKEN_ERRO [+]
+ 43 TOKEN_ERRO [f]
+ 43 TOKEN_ERRO [l]
+ 43 TOKEN_ERRO [o]
+ 43 TOKEN_ERRO [a]
+ 43 TOKEN_ERRO [t]
+ 43 TOKEN_ERRO []]
+ 43 TOKEN_ERRO [/]
+ 43 TOKEN_ERRO [)]
+ 43 TOKEN_ERRO [+]
+ 44 TOKEN_ERRO [s]
+ 44 TOKEN_ERRO [t]
+ 44 TOKEN_ERRO [r]
+ 44 TOKEN_ERRO [i]
+ 44 TOKEN_ERRO [n]
+ 44 TOKEN_ERRO [g]
+ 44 TOKEN_ERRO [=]
+ 44 TOKEN_ERRO [e]
+ 44 TOKEN_ERRO [l]
+ 44 TOKEN_ERRO [s]
+ 44 TOKEN_ERRO [e]
+ 44 TOKEN_ERRO [s]
+ 44 TOKEN_ERRO [t]
+ 44 TOKEN_ERRO [r]
+ 44 TOKEN_ERRO [i]
+ 44 TOKEN_ERRO [n]
+ 44 TOKEN_ERRO [g]
+ 44 TOKEN_ERRO [<]
+ 44 TOKEN_ERRO [>]
+ 44 TOKEN_ERRO [s]
+ 44 TOKEN_ERRO [t]
+ 44 TOKEN_ERRO [r]
+ 44 TOKEN_ERRO [i]
+ 44 TOKEN_ERRO [n]
+ 44 TOKEN_ERRO [g]
+ 44 TOKEN_ERRO [f]
+ 44 TOKEN_ERRO [l]
+ 44 TOKEN_ERRO [o]
+ 44 TOKEN_ERRO [a]
+ 44 TOKEN_ERRO [t]
+ 44 TOKEN_ERRO [i]
+ 44 TOKEN_ERRO [n]
+ 44 TOKEN_ERRO [p]
+ 44 TOKEN_ERRO [u]
+ 44 TOKEN_ERRO [t]
+ 44 TOKEN_ERRO [&]
+ 44 TOKEN_ERRO [(]
+ 44 TOKEN_ERRO [:]
+ 44 TOKEN_ERRO [;]
+ 44 TOKEN_ERRO [*]
Test suite `avaliacao_01.tesh': NOK (<avaliacao_01.tesh:5> output mismatch)
<end of output>
Test time =   0.18 sec
----------------------------------------------------------
Test Failed.
"e1_avaliacao_01" end time: Sep 09 15:42 PDT
"e1_avaliacao_01" time elapsed: 00:00:00
----------------------------------------------------------

3/407 Testing: e1_avaliacao_02
3/407 Test: e1_avaliacao_02
Command: "/usr/bin/perl" "-I" "./tests/scripts" "./tests/scripts/tesh" "/home/alexandre/Desktop/Compiladores/Projeto/build/pc/tests/e1/avaliacao_02.tesh"
Directory: /home/alexandre/Desktop/Compiladores/Projeto/build/pc
"e1_avaliacao_02" start time: Sep 09 15:42 PDT
Output:
----------------------------------------------------------
Unescaped left brace in regex is deprecated, passed through in regex; marked by <-- HERE in m/\${ <-- HERE (\w+)(?::[=-][^}]*)?}/ at ./tests/scripts/tesh line 345.
Test suite `/home/alexandre/Desktop/Compiladores/Projeto/build/pc/tests/e1/avaliacao_02.tesh'
[avaliacao_02.tesh:5] ./main ./tests/e1/input/nivel2.tokens
Output of <avaliacao_02.tesh:5> mismatch:
- 1 TK_PR_BOOL [bool]
- 1 TK_LIT_STRING ["7uc if  then uHpf8 float iRCk"]
- 1 TK_LIT_CHAR [',']
- 1 TK_LIT_CHAR ['!']
- 1 TK_ESPECIAL [*]
- 1 TK_LIT_CHAR ['d']
- 2 TK_ESPECIAL [-]
- 2 TK_LIT_FLOAT [96.6994641]
- 2 TK_LIT_CHAR ['*']
- 2 TK_ESPECIAL [-]
- 2 TK_LIT_INT [8336]
- 3 TK_LIT_STRING ["h int gZ:N<=ki860v+ _5sN&& if Rc<:{2>=R[f4]A9 output A6Y then Vcbk"]
- 3 TK_ESPECIAL [/]
- 3 TK_PR_STRING [string]
- 3 TK_PR_INT [int]
- 3 TK_LIT_INT [1]
- 3 TK_ESPECIAL [,]
- 3 TK_LIT_INT [4084242]
- 3 TK_LIT_CHAR ['=']
- 3 TK_LIT_INT [93829]
- 3 TK_LIT_INT [6463130]
- 4 TK_LIT_STRING [" while Y>r! float xF{ *  * tm3||KRI output tJg while TtOsBVSkaW&& string Cm bool YlH["]
- 4 TK_ESPECIAL [,]
- 4 TK_LIT_STRING [" int >,fZ}zjSuCl bool U<={LYKOInVAM0AE}Kjy if baX int 6M"]
- 5 TK_LIT_STRING ["<RR5q+ ] do U+  = [p then NG bool "]
- 5 TK_IDENTIFICADOR [____char]
- 5 TK_PR_THEN [then]
- 5 TK_ESPECIAL [*]
- 5 TK_LIT_FLOAT [682294760.45960]
- 5 TK_ESPECIAL [-]
- 5 TK_PR_STRING [string]
- 6 TK_LIT_STRING ["E4ftmT] output  / W while z then AvbQIlTh>=<=&"]
- 6 TK_LIT_STRING [""]
- 7 TK_LIT_STRING [" while J> - v,[ND[ / sW char sAN&b - bf7A input OFsn( while f)"]
- 7 TK_LIT_FLOAT [0105632.17140]
- 7 TK_LIT_INT [941831591]
- 7 TK_ESPECIAL [-]
- 7 TK_LIT_INT [97]
- 7 TK_ESPECIAL [:]
- 8 TK_LIT_STRING ["D bool XvJ8 while  else [ else  * "]
- 9 TK_IDENTIFICADOR [____bJgnmGs2HN5kcuuQvZPZKIynKji9N25yvTTLV4Ib2u09XS0oo47uicxlI4CRXQMm7F22NHaxb5o]
- 9 TK_ESPECIAL [[]
- 9 TK_ESPECIAL [>]
- 9 TK_LIT_CHAR [':']
- 9 TK_ESPECIAL [-]
- 9 TK_LIT_INT [74499494]
- 9 TK_LIT_CHAR ['[']
- 9 TK_ESPECIAL [-]
- 9 TK_ESPECIAL [-]
- 9 TK_LIT_FLOAT [16891823.88671]
- 9 TK_ESPECIAL [{]
- 9 TK_PR_RETURN [return]
- 10 TK_IDENTIFICADOR [_____hP3ng2AGOz_0QnpiEtZ_gETcj_4slqFkp]
- 10 TK_PR_CHAR [char]
- 10 TK_ESPECIAL [;]
- 10 TK_ESPECIAL [-]
- 10 TK_LIT_FLOAT [81029.696169700]
- 10 TK_LIT_CHAR [']']
- 10 TK_ESPECIAL [>]
- 11 TK_IDENTIFICADOR [_YKOIOeIBGHC6uUPcgTNuja6tidVQ6nun3bR7bYwUEoNMEiBxPoFO_yGK5zA1EvTvXw4KLYjtpQBvhuXAx_IzU]
- 11 TK_ESPECIAL [}]
- 11 TK_ESPECIAL [-]
- 11 TK_LIT_FLOAT [090.0666721798]
- 11 TK_ESPECIAL [-]
- 11 TK_LIT_FLOAT [6607.93589]
- 11 TK_ESPECIAL [-]
- 11 TK_LIT_FLOAT [94083.18]
- 11 TK_PR_OUTPUT [output]
- 11 TK_ESPECIAL [>]
- 11 TK_LIT_CHAR ['Y']
- 11 TK_LIT_CHAR [',']
- 12 TK_PR_THEN [then]
- 12 TK_LIT_FLOAT [515.1]
- 12 TK_PR_ELSE [else]
- 12 TK_ESPECIAL [}]
- 12 TK_LIT_INT [680867]
- 12 TK_ESPECIAL []]
- 13 TK_LIT_STRING ["|| * XzZ&&Mi&&mvMis do w&&iS>={QtCl input FfY"]
- 13 TK_LIT_STRING ["&& output 6]Hygt -  return l6>"]
- 13 TK_LIT_INT [607943]
- 13 TK_ESPECIAL [$]
- 14 TK_IDENTIFICADOR [__yXlEre77T6LOLns5hqJJyAWceh5Seq6CcJ53inrjOxCnfZsF3hWrzzSeHTOVKoPFrp3vpLnDTfrM8WTQCWhY]
- 14 TK_ESPECIAL [-]
- 14 TK_ESPECIAL [-]
- 14 TK_LIT_INT [1]
- 15 TK_IDENTIFICADOR [____RDyuGVvQgCQ9HFfcyLLdubOPHtKb45c0NHyGlXmR6KZYhOEuWXm2g5fkz1XSrMiGIM1]
- 15 TK_PR_INPUT [input]
- 15 TK_ESPECIAL [-]
- 15 TK_LIT_FLOAT [59763791.36227575]
- 15 TK_ESPECIAL [=]
- 15 TK_LIT_INT [64]
- 15 TK_ESPECIAL [-]
- 15 TK_LIT_FLOAT [7435873.076]
- 15 TK_PR_BOOL [bool]
- 16 TK_PR_STRING [string]
- 16 TK_LIT_CHAR ['Z']
- 16 TK_IDENTIFICADOR [_____FuSp90tyUg57K0oA5AI_UVbIeIDg5ahPHnJ4PNXcn1rxNkcsLnvDmvaHF5Z5]
- 16 TK_ESPECIAL [&]
- 17 TK_LIT_STRING ["B - M5"]
- 17 TK_ESPECIAL [)]
- 17 TK_ESPECIAL [-]
- 17 TK_LIT_INT [293193100]
- 17 TK_LIT_STRING ["8 - zZP: if  char <2+ AH * &8Dzk then + wFV"]
- 17 TK_ESPECIAL [)]
- 18 TK_LIT_FLOAT [57639.14]
- 18 TK_LIT_CHAR ['g']
- 18 TK_LIT_FLOAT [1.545763]
- 18 TK_PR_BOOL [bool]
- 18 TK_IDENTIFICADOR [___float]
- 18 TK_ESPECIAL [$]
- 18 TK_LIT_STRING ["zGN char uF"]
- 19 TK_IDENTIFICADOR [_qLzh8lGvQJvgrx_d86AtLaRX3UgUnWVt33CAjdnkkognjVYsnT3_HgOyqO4GOsJSbiXlW9h8YyJ0c7ZeNve]
- 19 TK_LIT_INT [7165306]
- 19 TK_LIT_CHAR ['>']
- 19 TK_PR_ELSE [else]
- 19 TK_ESPECIAL [-]
- 19 TK_LIT_INT [278]
- 19 TK_IDENTIFICADOR [__input]
- 19 TK_ESPECIAL [-]
- 19 TK_LIT_FLOAT [42729.37024056]
- 20 TK_PR_FLOAT [float]
- 20 TK_LIT_STRING ["As2E float X$_jb input ==Z if  then Udr = ,Xv0M&&"]
- 20 TK_ESPECIAL [/]
- 21 TK_IDENTIFICADOR [__bool]
- 21 TK_ESPECIAL [=]
- 21 TK_PR_FLOAT [float]
- 21 TK_LIT_STRING ["Ywau)0 return D1F"]
- 21 TK_ESPECIAL [:]
- 21 TK_ESPECIAL [(]
- 21 TK_LIT_FLOAT [677468.19099]
- 21 TK_ESPECIAL [=]
- 22 TK_IDENTIFICADOR [___bool]
- 22 TK_ESPECIAL [&]
- 23 TK_IDENTIFICADOR [_dFyhtIKOtFwEpnT5kgHtqQnWumPHlJSCHeN_ZQempY5RnFAEDoB7ASmw0jGFqoMQHf6fMVdsI_EvAZdxNEgFkaHWUhAt]
- 23 TK_ESPECIAL []]
- 24 TK_LIT_STRING ["MZ return <=M9||||0Q&e!=wGBeJm8 float 7 bool {b+ ||MD} char  if T}N&v"]
- 24 TK_LIT_STRING ["J while ==T2dcO / boiPl67"]
- 25 TK_IDENTIFICADOR [__Pv097cBbh28tS0aWndQ7xbjxCwsUaeWKsKwfZLVCP5rcow475MpGbJkg1nlO5DPsJmGvXpZfKJqijbC1cyfl7]
- 25 TK_IDENTIFICADOR [_then]
- 25 TK_LIT_CHAR ['7']
- 26 TK_IDENTIFICADOR [____NDkG6RIVx5UbTfYfC6uzl3FvY6dlu86tjsJcKMUan3TfUCImGeZXx0Bslsf4f_s4DVWIiGtJvqLoRiD8JI4Dt]
- 26 TK_ESPECIAL [[]
- 26 TK_ESPECIAL [*]
- 26 TK_IDENTIFICADOR [_____eWrzV2N0QtY]
- 26 TK_ESPECIAL [[]
- 26 TK_LIT_CHAR ['[']
- 26 TK_ESPECIAL [-]
- 26 TK_LIT_FLOAT [9207608783.5897040]
- 26 TK_LIT_INT [0684413022]
- 27 TK_LIT_STRING ["NcE7Ck"]
- 27 TK_ESPECIAL []]
- 27 TK_ESPECIAL [}]
- 27 TK_ESPECIAL [-]
- 27 TK_ESPECIAL [-]
- 27 TK_LIT_FLOAT [4048.6580826]
- 28 TK_LIT_STRING ["e[ - IS return  output )w(695}fm>=tM[ char t) bool o$ while X - iw"]
- 28 TK_LIT_FLOAT [397164189.93927]
- 28 TK_LIT_INT [7409399840]
- 28 TK_LIT_FLOAT [4.15]
- 28 TK_ESPECIAL [-]
- 28 TK_LIT_INT [4]
- 28 TK_ESPECIAL [>]
- 28 TK_LIT_STRING ["<=DWU!=Z return m$"]
- 28 TK_LIT_INT [094]
- 29 TK_PR_BOOL [bool]
- 29 TK_PR_WHILE [while]
- 29 TK_ESPECIAL [[]
- 29 TK_LIT_CHAR [']']
- 29 TK_LIT_INT [34152254]
- 29 TK_PR_CHAR [char]
- 30 TK_LIT_STRING ["{7L0 output _kb * F"]
- 30 TK_ESPECIAL [=]
- 30 TK_LIT_CHAR ['2']
- 30 TK_LIT_CHAR ['$']
- 30 TK_LIT_FLOAT [8999495.11306]
- 30 TK_LIT_CHAR ['&']
- 30 TK_LIT_FLOAT [8590.164]
- 30 TK_PR_INPUT [input]
- 30 TK_PR_INT [int]
- 31 TK_LIT_FLOAT [824612.184511872]
- 31 TK_LIT_INT [04902797]
- 31 TK_ESPECIAL []]
- 32 TK_LIT_STRING ["ogK5l>=n> output + ) return ]4mGp,!= * 0O[suo float ]H!=kW"]
- 32 TK_IDENTIFICADOR [____]
- 32 TK_LIT_STRING ["e:==I4}G<=Pd3<[&HW"]
- 32 TK_IDENTIFICADOR [_char]
- 33 TK_LIT_STRING ["k<=>>s * HZU = LHeD)q&&Y9Y input  input ,c if HeYgFA<t>=uWc8V input q"]
- 33 TK_LIT_STRING [",y{:5F int GC = 7eC int Ja}4lJbaA"]
- 33 TK_ESPECIAL [>]
- 34 TK_LIT_STRING ["Wi>XH - >=p&f9 then &$s string QJt<=;Jr]Wa]p while 2r5aKh}Fks / r9k float VS2 output "]
- 34 TK_LIT_STRING ["m) float pXoQ{(pu * ;t]ri return Sg>"]
- 34 TK_ESPECIAL [-]
- 34 TK_LIT_INT [60919706]
- 34 TK_IDENTIFICADOR [__int]
- 35 TK_IDENTIFICADOR [_8lqBJoNc0sRou6eK4oylMcScG6N1Koxa57WUm8l3vJtRZV2oYsHrfU9Z3GtCv]
- 35 TK_LIT_FLOAT [7403.6920105]
- 36 TK_LIT_STRING ["uV||>=upVNz$ input m return Y8 =  return weVd9{_GwSFqBK /  - O"]
- 36 TK_ESPECIAL [+]
- 36 TK_LIT_CHAR ['+']
- 36 TK_PR_ELSE [else]
- 36 TK_LIT_FLOAT [1501.71772]
- 36 TK_PR_DO [do]
- 36 TK_ESPECIAL [>]
- 36 TK_LIT_FLOAT [869827620.433806]
- 37 TK_LIT_FLOAT [2990945411.53250162]
- 37 TK_ESPECIAL [>]
- 37 TK_ESPECIAL [-]
- 37 TK_LIT_STRING ["S do d3O if 79B7Hlny||caW input _"]
- 37 TK_LIT_CHAR ['-']
- 37 TK_LIT_INT [01749462]
- 38 TK_LIT_CHAR [']']
- 38 TK_LIT_CHAR ['[']
- 39 TK_IDENTIFICADOR [__uzdFZXwV7hlENrIGqjrOkyovZSliiAa5bXpXyhiw8acrdoDf9KCSGHAhXqzKyu0j1o6FFouU8dyQlOm0OC7Uiqj05rwApZqp]
- 39 TK_ESPECIAL [=]
- 39 TK_LIT_FLOAT [341.83943809]
- 39 TK_LIT_STRING ["5 if 9 while ) then MD>="]
- 40 TK_LIT_STRING ["&p}_[ float C(I(]))8 float o2L while  input At input ojTnu"]
- 40 TK_IDENTIFICADOR [_]
- 40 TK_PR_INT [int]
- 40 TK_LIT_INT [1001]
- 41 TK_IDENTIFICADOR [_____4j3f9pXIeaTXul2I5AkYIArBhFcy6csQsPApgVpWD9O80J]
- 41 TK_LIT_FLOAT [1406175210.252028]
- 41 TK_PR_BOOL [bool]
- 41 TK_IDENTIFICADOR [_bool]
- 41 TK_ESPECIAL [;]
- 41 TK_ESPECIAL [-]
- 41 TK_PR_ELSE [else]
- 41 TK_LIT_INT [62778654]
- 41 TK_LIT_CHAR ['$']
- 42 TK_IDENTIFICADOR [_wyXBWiOGzd]
- 42 TK_ESPECIAL [-]
- 42 TK_LIT_INT [86916159]
- 42 TK_ESPECIAL [:]
- 42 TK_ESPECIAL [-]
- 42 TK_LIT_INT [904015]
- 43 TK_IDENTIFICADOR [__A9y4d_DLCx3cTgtT0ycwt50CfSwJ7RLSOVf87E6k9cEz2Mtxw6iwVk_S]
- 43 TK_ESPECIAL [+]
- 44 TK_IDENTIFICADOR [___3AOOLbFL4CrZOnuq4GMOL7jh15WGfOzbynQFH_TWeTQX8qUP0h6WSgWsIgATtMQ0KU6eln9hz1qG2lE]
- 44 TK_ESPECIAL [-]
- 44 TK_LIT_INT [63044851]
- 44 TK_ESPECIAL [-]
- 44 TK_LIT_FLOAT [01.533004278]
- 44 TK_ESPECIAL [}]
- 44 TK_LIT_INT [71705351]
- 44 TK_LIT_STRING ["&5Q&"]
- 44 TK_ESPECIAL [:]
- 44 TK_ESPECIAL [}]
- 45 TK_IDENTIFICADOR [_Z40kcaNosyMt6_6e00x7WCPB2Vp8PahMsiw]
- 45 TK_LIT_CHAR ['>']
- 45 TK_PR_BOOL [bool]
- 45 TK_LIT_FLOAT [195.3]
- 45 TK_ESPECIAL [-]
- 45 TK_LIT_INT [39]
- 46 TK_LIT_STRING ["r>=&&t input [fLLt2H return UJy8];W{kDJW while  input WuQirja8gz"]
- 46 TK_ESPECIAL [{]
- 46 TK_ESPECIAL [!]
- 46 TK_LIT_FLOAT [65500453.849416]
- 46 TK_LIT_INT [1233854651]
- 46 TK_ESPECIAL [-]
- 46 TK_LIT_INT [02030321]
- 46 TK_ESPECIAL [$]
- 46 TK_ESPECIAL [{]
- 47 TK_LIT_STRING [">=vMa else M]Js2CFufaXXjZfz7}1n / !_ = SWC86"]
- 47 TK_ESPECIAL [,]
- 47 TK_ESPECIAL [<]
- 47 TK_ESPECIAL []]
- 47 TK_PR_FLOAT [float]
- 47 TK_IDENTIFICADOR [_Vbw_L_a4MH6DF8jbCXuS607BnG2n0DGOOt3Odyf]
- 48 TK_PR_STRING [string]
- 48 TK_LIT_STRING ["O> string w1z else E:]Nc"]
- 48 TK_ESPECIAL [,]
- 48 TK_LIT_CHAR ['+']
- 48 TK_ESPECIAL [:]
- 48 TK_IDENTIFICADOR [_CoDI614Y]
- 48 TK_PR_ELSE [else]
- 48 TK_LIT_CHAR ['/']
- 48 TK_ESPECIAL [;]
- 48 TK_LIT_CHAR ['O']
- 49 TK_ESPECIAL [-]
- 49 TK_LIT_FLOAT [851332.0157472]
- 49 TK_LIT_INT [1301992]
- 49 TK_LIT_STRING ["v5 - }T;)(ujVo7m2hU1==9 / zhPQ35"]
- 49 TK_LIT_CHAR ['c']
- 49 TK_ESPECIAL [/]
- 49 TK_IDENTIFICADOR [____ExrbwUNbzOsh]
- 50 TK_ESPECIAL [+]
- 50 TK_ESPECIAL [&]
- 50 TK_LIT_CHAR ['-']
- 51 TK_LIT_STRING ["l_ char  do dj int t while {==, char  /  while  do ||,Fq,"]
- 51 TK_LIT_STRING ["PCf string 8<=KG1i"]
- 51 TK_ESPECIAL [=]
- 51 TK_LIT_CHAR ['S']
- 51 TK_ESPECIAL [}]
- 51 TK_ESPECIAL [-]
- 51 TK_LIT_FLOAT [0160024.502173742]
- 51 TK_PR_IF [if]
- 52 TK_LIT_STRING ["xyAI output $J output  do &Cb return  - c9!=1W8$Y int L"]
- 52 TK_ESPECIAL [-]
- 52 TK_LIT_FLOAT [6835868684.98119]
- 52 TK_ESPECIAL [+]
- 52 TK_PR_THEN [then]
- 52 TK_ESPECIAL [[]
- 52 TK_LIT_INT [13]
- 53 TK_IDENTIFICADOR [__CrqRsr0ubxyeQzhqFfj_5R3yY0OBh8hUAJWT]
- 53 TK_ESPECIAL [[]
- 53 TK_LIT_STRING [""]
- 53 TK_LIT_STRING ["Eim7Xwc, if N> output 3s&&vTFb else "]
- 53 TK_ESPECIAL [-]
- 53 TK_LIT_FLOAT [1023931997.60]
- 53 TK_ESPECIAL [=]
- 54 TK_ESPECIAL [*]
- 54 TK_ESPECIAL [{]
- 55 TK_IDENTIFICADOR [_6iqhFzu1_x_nngPiJig2ZrvajXtfoNjYO54PWn1yrEwsHLsVlnFDFtsan8RNHK8GMva_P9Z2JB4EQ9w5lku2eRAL9cUFeue]
- 55 TK_ESPECIAL [=]
- 55 TK_LIT_CHAR ['m']
- 55 TK_LIT_FLOAT [04455304.25707333]
- 55 TK_LIT_CHAR ['U']
- 55 TK_LIT_FLOAT [0970094.52845]
- 56 TK_IDENTIFICADOR [__B0CSDvlFtDDwpyy6zE0f83JOqzMQvwvNI2JDPU23MRC660RpN6Rc5HksQ3t]
- 56 TK_LIT_CHAR ['a']
- 56 TK_ESPECIAL [=]
- 56 TK_LIT_CHAR ['$']
- 56 TK_ESPECIAL [&]
- 56 TK_LIT_CHAR ['i']
- 56 TK_LIT_FLOAT [2409.93986]
- 56 TK_ESPECIAL [-]
- 56 TK_LIT_FLOAT [0.2103]
- 56 TK_ESPECIAL [/]
- 56 TK_LIT_CHAR ['L']
- 56 TK_ESPECIAL [-]
- 57 TK_PR_OUTPUT [output]
- 57 TK_LIT_INT [648376]
- 57 TK_ESPECIAL [)]
- 57 TK_PR_WHILE [while]
- 57 TK_IDENTIFICADOR [_____L28YxIOXAg5oKjATc]
- 57 TK_ESPECIAL []]
- 57 TK_PR_CHAR [char]
- 58 TK_IDENTIFICADOR [_k0xaL5LJHbjaoKtdCy7V7xQ2KQFGwm2uAZAqSREgDDfPbZgSBJcLSyvJ1VkCaP1iJqc0yT2aEgANMfCOPEg9XtHb3r]
- 58 TK_ESPECIAL [:]
- 58 TK_LIT_INT [736889543]
- 58 TK_IDENTIFICADOR [__QcD0EmsekXi825FzvMNgeK2AeYpfN8C6K8LRRvPrus0D]
- 58 TK_PR_ELSE [else]
- 58 TK_ESPECIAL [(]
- 59 TK_PR_DO [do]
- 59 TK_LIT_STRING [") bool Tzz$xbY}9!=Pv do ||yr float  bool w3,"]
- 59 TK_ESPECIAL [}]
- 60 TK_LIT_STRING ["23Mt input ;, then d4v"]
- 60 TK_ESPECIAL [,]
- 60 TK_LIT_CHAR ['=']
- 60 TK_PR_INT [int]
- 61 TK_IDENTIFICADOR [_____VfmCtXUN4RP8pxvgSdDCM57Lq14jFQVpJIbBD1pr1LjmRox8vqFYk5Z1Oo5EG9sL]
- 61 TK_PR_INPUT [input]
- 61 TK_ESPECIAL [-]
- 61 TK_LIT_INT [007]
- 61 TK_PR_OUTPUT [output]
- 61 TK_ESPECIAL [[]
- 61 TK_ESPECIAL [<]
- 61 TK_LIT_INT [9978519]
- 62 TK_LIT_STRING ["j int 02AeI!>ag while !V==w do ==>|| if E if 5iD char  string c&l /  input 0geoiM$:]0G"]
- 63 TK_LIT_STRING [" string 8 * hG output nOL$ =  int DlDYbHK if Vb while  char ==>+ ]{Pg:n5v bool v return >=:+  = p1 return 9"]
- 63 TK_IDENTIFICADOR [_output]
- 63 TK_LIT_STRING ["l3Ax = k>= * != then P=="]
- 63 TK_LIT_FLOAT [673602349.708132]
- 63 TK_ESPECIAL [,]
- 65 TK_IDENTIFICADOR [__8xA5AgexkesAicr8cyNnYiIhBf0bKMLMUirJL1VmeymHvsnMCX3HpvwnVVSWwZLSV88DJlgJJ_YGatw]
- 65 TK_ESPECIAL []]
- 65 TK_ESPECIAL [-]
- 65 TK_LIT_INT [900583831]
- 65 TK_LIT_INT [9340]
- 65 TK_LIT_FLOAT [17805567.9664]
- 66 TK_IDENTIFICADOR [_____UTI6SpbILHKM0mNKKBpaFiehE4MfnWHexIC_8o9gwTNyCaDKI]
- 66 TK_PR_STRING [string]
- 66 TK_LIT_CHAR ['/']
- 66 TK_IDENTIFICADOR [____gM9Dnh3ptlma2GFafH6qfCJjQ]
- 66 TK_LIT_INT [638]
- 67 TK_LIT_FLOAT [9425.49]
- 67 TK_LIT_STRING [" - F int cx_ / 4F = P< then A{UMl then iO! string  int _>"]
- 67 TK_LIT_CHAR [',']
- 68 TK_LIT_FLOAT [1992.6170468]
- 68 TK_PR_DO [do]
- 68 TK_LIT_CHAR ['T']
- 68 TK_ESPECIAL [*]
- 68 TK_ESPECIAL [/]
- 68 TK_LIT_FLOAT [7286318.07822]
- 68 TK_LIT_CHAR ['s']
- 69 TK_LIT_STRING [" return zU *  then "]
- 69 TK_ESPECIAL [$]
- 70 TK_LIT_STRING ["&&WhM5!& output a!,{TcIQ}&56Cn float FSA8 float ,;OvGwCS;h<=+ PVq&&"]
- 70 TK_LIT_STRING ["mqGmht&&V>=c1XnB4 / vwN / :X char : if 2 * lsTJee||==koHz = V<"]
- 70 TK_ESPECIAL [$]
- 71 TK_LIT_FLOAT [470.5547]
- 71 TK_ESPECIAL [-]
- 71 TK_LIT_INT [6212694]
- 71 TK_LIT_CHAR ['(']
- 71 TK_LIT_FLOAT [0448.6537990]
- 71 TK_ESPECIAL [$]
- 71 TK_ESPECIAL [-]
- 71 TK_LIT_FLOAT [9786038.00036]
- 71 TK_LIT_CHAR [';']
- 72 TK_LIT_STRING ["&& do &z||F} while "]
- 72 TK_LIT_STRING ["KT if Z do 0< - N; float Ga{w& while M"]
- 72 TK_ESPECIAL [-]
- 73 TK_LIT_STRING [" else 81Dwd while F>=5vOM return y string  output zOw: = O{A int l$Ovq!6;==: else + "]
- 73 TK_PR_WHILE [while]
- 73 TK_IDENTIFICADOR [_YaQPdKIxBKUZsH3pNA975]
- 73 TK_ESPECIAL [!]
- 73 TK_LIT_FLOAT [34164155.139506775]
- 73 TK_LIT_INT [05214601]
- 74 TK_LIT_FLOAT [45184.0255627584]
- 74 TK_ESPECIAL [[]
- 74 TK_LIT_STRING ["7SD"]
- 74 TK_LIT_FLOAT [3196.491237980]
- 74 TK_ESPECIAL [[]
- 74 TK_ESPECIAL [-]
- 74 TK_LIT_FLOAT [5241496145.0]
- 74 TK_ESPECIAL [{]
- 74 TK_PR_RETURN [return]
- 75 TK_ESPECIAL [-]
- 75 TK_LIT_FLOAT [33065642.302386233]
- 75 TK_LIT_STRING ["U - eK char f1XKpk>xE if cDGms{w_Wat / jgi{8,g)v else  char "]
- 75 TK_ESPECIAL [:]
- 76 TK_PR_IF [if]
- 76 TK_PR_OUTPUT [output]
- 76 TK_IDENTIFICADOR [___Iwe4nwefp4FNkJnCsXqudwX50iGEHcKxI]
- 76 TK_LIT_CHAR ['/']
- 76 TK_LIT_CHAR ['k']
- 76 TK_LIT_CHAR [',']
- 76 TK_ESPECIAL []]
- 77 TK_ESPECIAL [-]
- 77 TK_LIT_INT [962401695]
- 77 TK_LIT_FLOAT [08.4198786256]
- 77 TK_LIT_CHAR ['<']
- 77 TK_ESPECIAL [,]
- 77 TK_LIT_CHAR ['y']
- 77 TK_LIT_CHAR [']']
- 77 TK_LIT_CHAR [')']
- 77 TK_LIT_FLOAT [339911.5216555]
- 78 TK_LIT_CHAR ['6']
- 78 TK_IDENTIFICADOR [__5WH9KHZyMHNk2NV]
- 78 TK_ESPECIAL [<]
- 79 TK_LIT_STRING [" do  / 4 do kRR[F output O if  output >=3A2 do  else &slMUG0m+ Fv"]
- 79 TK_LIT_INT [595939]
- 79 TK_ESPECIAL [-]
- 79 TK_LIT_INT [8809004]
- 79 TK_ESPECIAL [-]
- 79 TK_LIT_INT [970]
- 79 TK_ESPECIAL [[]
- 79 TK_ESPECIAL [[]
- 79 TK_LIT_FLOAT [839043596.833]
- 79 TK_LIT_FLOAT [339.95214]
- 81 TK_LIT_STRING ["$;MKc)Sney8c;X+ 5 then  output  *  string ==! float }Igegs1 = 2P;9jwH char J7;;"]
- 81 TK_ESPECIAL [-]
- 81 TK_LIT_INT [7]
- 81 TK_ESPECIAL [}]
- 81 TK_PR_DO [do]
- 81 TK_ESPECIAL [-]
- 81 TK_LIT_INT [64830532]
- 81 TK_ESPECIAL [-]
- 81 TK_LIT_INT [29969096]
- 81 TK_ESPECIAL [-]
- 81 TK_LIT_FLOAT [9868693181.233018]
- 81 TK_ESPECIAL [(]
- 82 TK_LIT_STRING [" while f"]
- 82 TK_LIT_CHAR ['=']
- 82 TK_LIT_CHAR ['o']
- 82 TK_IDENTIFICADOR [___input]
- 82 TK_LIT_INT [32300]
- 82 TK_ESPECIAL [-]
- 82 TK_LIT_FLOAT [0100520915.00942]
- 82 TK_ESPECIAL [<]
- 82 TK_ESPECIAL [-]
- 82 TK_LIT_FLOAT [660.737]
- 82 TK_ESPECIAL [)]
- 83 TK_ESPECIAL [-]
- 83 TK_LIT_INT [0802367690]
- 83 TK_LIT_CHAR ['}']
- 83 TK_ESPECIAL [(]
- 83 TK_PR_INT [int]
- 83 TK_PR_THEN [then]
- 83 TK_ESPECIAL [-]
- 83 TK_LIT_INT [562556]
- 83 TK_ESPECIAL [}]
- 83 TK_ESPECIAL [=]
- 83 TK_LIT_FLOAT [3080729364.0138893572]
- 84 TK_LIT_FLOAT [508384.927944990]
- 84 TK_ESPECIAL [/]
- 84 TK_ESPECIAL [{]
- 84 TK_LIT_INT [939755]
- 84 TK_IDENTIFICADOR [_____then]
- 85 TK_IDENTIFICADOR [___RnImIuk7yAG_RlJVukq1XoUFjTU3JNcJbZapCov90bH5Tv]
- 85 TK_LIT_FLOAT [163846.63]
- 85 TK_ESPECIAL [-]
- 85 TK_LIT_INT [676]
- 85 TK_ESPECIAL [-]
- 85 TK_LIT_FLOAT [4280253.335]
- 85 TK_PR_FLOAT [float]
- 86 TK_IDENTIFICADOR [____LikZrNCpE_ZQRI3gam0GfGs2YQcBNRfwLZFUHn_q3TpJo47yRHvULDqYYW_gUxxmjCQXLELWTqnI5fGOlC_nUpdf8Zye]
- 86 TK_LIT_FLOAT [72669450.996216000]
- 86 TK_ESPECIAL []]
- 86 TK_LIT_INT [65173]
- 86 TK_PR_OUTPUT [output]
- 86 TK_PR_THEN [then]
- 86 TK_LIT_CHAR ['!']
- 86 TK_LIT_INT [02]
- 86 TK_LIT_FLOAT [61.4608]
- 86 TK_ESPECIAL [[]
- 87 TK_LIT_FLOAT [29535.5815958013]
- 87 TK_ESPECIAL [-]
- 87 TK_LIT_INT [9349895]
- 87 TK_LIT_INT [16943983]
- 87 TK_ESPECIAL [{]
- 87 TK_ESPECIAL [{]
- 88 TK_IDENTIFICADOR [__X3vq65bw_ZYYV0NV7Vq6H5WqK02l09N0igqbEC7l4Llfu1bQf22TnbSdzN65IIW3f1v09X4GLu0s6RO5d_aE]
- 88 TK_IDENTIFICADOR [____while]
- 88 TK_PR_INPUT [input]
- 88 TK_IDENTIFICADOR [__ritdy2vCQ7wuMmF5PfJ4szGsOfNcuo]
- 88 TK_LIT_CHAR [':']
- 89 TK_LIT_CHAR ['K']
- 89 TK_LIT_CHAR ['(']
- 89 TK_IDENTIFICADOR [__se]
- 89 TK_LIT_CHAR ['i']
- 89 TK_ESPECIAL [-]
- 89 TK_LIT_INT [3792060249]
- 89 TK_LIT_CHAR ['e']
- 89 TK_ESPECIAL [}]
- 90 TK_LIT_STRING ["0oI6DA0YN *  input  float N$qAB9x string j}"]
- 90 TK_ESPECIAL [!]
- 90 TK_ESPECIAL [(]
- 90 TK_IDENTIFICADOR [_____rTfCyl0EEJ9fMxJvnnq0m2dssWN]
- 90 TK_ESPECIAL [+]
- 90 TK_LIT_INT [303583]
- 91 TK_LIT_STRING ["||h / J!= / 9ZJ{("]
- 91 TK_ESPECIAL [=]
- 91 TK_IDENTIFICADOR [____input]
- 91 TK_PR_CHAR [char]
- 92 TK_IDENTIFICADOR [_____eP8uY52s_tfoExrE_BKxY1WTR0FkYSoziZ8KdWMLj5GEp6JxsytALHbjA8RVl8_KCWJRuzomlXCHhbpem9WlbVAbCHVK90]
- 92 TK_PR_IF [if]
- 92 TK_ESPECIAL [$]
- 92 TK_ESPECIAL [-]
- 92 TK_IDENTIFICADOR [____gDoTnZr3mRLR8mD27OwWYEmLIk0iACq611ITRhnVVUdI]
- 93 TK_LIT_INT [555758822]
- 93 TK_PR_FLOAT [float]
- 93 TK_LIT_CHAR ['-']
- 93 TK_PR_IF [if]
- 94 TK_IDENTIFICADOR [__YRbEkOqUczvciWwHGptHQABLmvlBHfhW8SBkX81Cg5ajEQXb90V1mmKX_fjo2H2CdkWiCua4hoBMzAfIRdXWOv5gcI]
- 94 TK_ESPECIAL [;]
- 94 TK_LIT_STRING [" else Y1V return e40{<=7"]
- 94 TK_LIT_INT [102]
- 94 TK_LIT_CHAR ['V']
- 94 TK_ESPECIAL [<]
- 94 TK_PR_FLOAT [float]
- 94 TK_ESPECIAL [(]
- 95 TK_IDENTIFICADOR [____9Y6Rpifb6tC6O_KZRzTiP1Vzft1f0_KBAv0vzTb83IuijY8DTMfdFN48ymaJ5myiBfHGSCYJknAztEWNCDYTtmDAh]
- 95 TK_PR_INPUT [input]
- 95 TK_ESPECIAL [*]
- 95 TK_ESPECIAL [)]
- 95 TK_LIT_CHAR ['J']
- 95 TK_ESPECIAL [>]
- 95 TK_ESPECIAL [-]
- 95 TK_LIT_INT [27]
- 95 TK_LIT_CHAR ['6']
- 95 TK_ESPECIAL [-]
- 95 TK_LIT_FLOAT [546688791.5931]
- 95 TK_ESPECIAL []]
- 95 TK_PR_CHAR [char]
- 96 TK_PR_BOOL [bool]
- 96 TK_PR_WHILE [while]
- 96 TK_LIT_CHAR ['}']
- 96 TK_ESPECIAL [/]
- 96 TK_LIT_CHAR ['}']
- 97 TK_LIT_STRING ["gtI)Hk bool p1NZ - 5b2hoH> input m!=(l0r output uV5Io,hs<=EPo"]
- 97 TK_ESPECIAL [=]
- 97 TK_ESPECIAL [*]
- 97 TK_LIT_INT [460399]
- 97 TK_PR_CHAR [char]
- 97 TK_ESPECIAL []]
- 97 TK_LIT_INT [4973213490]
- 97 TK_ESPECIAL [-]
- 97 TK_LIT_FLOAT [21399609.10]
- 97 TK_LIT_INT [19544]
- 98 TK_ESPECIAL [;]
- 98 TK_PR_RETURN [return]
- 98 TK_PR_INT [int]
- 98 TK_ESPECIAL [-]
- 98 TK_LIT_INT [04]
- 98 TK_LIT_CHAR ['V']
- 98 TK_ESPECIAL [-]
- 98 TK_LIT_INT [64]
- 98 TK_PR_OUTPUT [output]
- 98 TK_ESPECIAL [(]
- 99 TK_IDENTIFICADOR [___1QG24XKHxwnMZ3qfTkn5rp]
- 99 TK_LIT_STRING ["4t"]
- 99 TK_LIT_CHAR ['n']
- 99 TK_LIT_CHAR ['E']
- 99 TK_ESPECIAL [/]
- 99 TK_ESPECIAL [-]
- 99 TK_LIT_FLOAT [42599.12063925]
- 99 TK_LIT_INT [753]
- 99 TK_LIT_CHAR [')']
- 100 TK_LIT_STRING ["Scp+ gF||p& do C>k -  float ==2I_4||Si!=3 else f char b__&R"]
- 100 TK_ESPECIAL [{]
- 101 TK_IDENTIFICADOR [___Jv2tI3M47_PseLHsB5L6OMHxH90XphxPouvEwvey9d2OIN1SQ6AVGsRynr7UrOUcoZc28WNo]
- 101 TK_ESPECIAL [+]
- 101 TK_ESPECIAL [-]
- 101 TK_LIT_FLOAT [750217.3]
- 101 TK_LIT_INT [4695535553]
- 101 TK_PR_FLOAT [float]
- 101 TK_ESPECIAL [-]
- 101 TK_LIT_FLOAT [1.696]
- 101 TK_ESPECIAL [}]
- 101 TK_ESPECIAL [/]
- 101 TK_PR_STRING [string]
- 102 TK_ESPECIAL [[]
- 103 TK_LIT_STRING ["80[v float Zn32;cUqv input x( output H char  bool I==(q(k>jOEag3Q<9:3{[XcQj"]
- 104 TK_IDENTIFICADOR [__2QK4RNBz3etXPDZpXBqPGF1x5MX9WkhollHE14ZcKs7LelgXSmXtdqwd_TN42L290fX1We3mJEdmYwnZRjoOt3B]
- 104 TK_ESPECIAL [=]
- 104 TK_ESPECIAL [{]
- 104 TK_LIT_STRING [" while B39[ - aciC if Mg"]
- 104 TK_ESPECIAL []]
- 104 TK_ESPECIAL [[]
- 104 TK_LIT_STRING [">=VJ<AnIUV||99c"]
- 105 TK_PR_RETURN [return]
- 105 TK_ESPECIAL [/]
- 105 TK_ESPECIAL [(]
- 105 TK_ESPECIAL [-]
- 105 TK_LIT_INT [81026]
- 105 TK_ESPECIAL [-]
- 105 TK_LIT_INT [6]
- 105 TK_LIT_INT [6312]
- 106 TK_IDENTIFICADOR [_1iCSREiCIVOHwhz32aYJlwzlUlvKuaNDG9qNJ1_iCucleT4xt9JJSUcerGPPoX0vcQd9iaAM32dTF_gwVrQVSLL23D_6u8w]
- 106 TK_IDENTIFICADOR [_do]
- 106 TK_LIT_STRING [", = h - "]
- 106 TK_LIT_CHAR ['s']
- 106 TK_LIT_FLOAT [223144.9]
- 107 TK_LIT_STRING ["; string 8V string n2Dr! - ||{51} else q)98_ then whCRG3_73G&& / >XOxg char huTOt"]
- 107 TK_LIT_CHAR [']']
- 107 TK_IDENTIFICADOR [__]
- 107 TK_LIT_FLOAT [690061.31161]
- 108 TK_LIT_STRING ["lS<=>=9 do G5||pmSQ char + t int "]
- 108 TK_LIT_STRING [" * m if  then y} * Db9m+ V while i!X_)! bool "]
- 108 TK_IDENTIFICADOR [__w]
- 108 TK_ESPECIAL [,]
- 109 TK_IDENTIFICADOR [___scuz9eXbZaOiNc4tEKVaErOA1dbF1kNftSJjS3253d8cRsY5PriKCTgNtM1JTW4sW3UmJGQQ7ERML4xj]
- 109 TK_ESPECIAL [-]
- 109 TK_LIT_INT [1946953521]
- 109 TK_ESPECIAL [}]
- 109 TK_PR_CHAR [char]
- 110 TK_IDENTIFICADOR [_____zU1jOF5ebEKPNbozhZFpuirCNOqsvNQcUavsBbJGZS_M4ZlktYj_KrvwouDdLSqMV81nhkwKGplH0O8]
- 110 TK_LIT_INT [041]
- 110 TK_LIT_STRING ["t(&Q$y8R float ME>= string 1)!6efkN char jV)kez$1Vc"]
- 111 TK_LIT_FLOAT [7417460.9769]
- 111 TK_LIT_CHAR ['m']
- 111 TK_LIT_FLOAT [724.9639098496]
- 111 TK_LIT_CHAR [';']
- 112 TK_LIT_STRING ["==8 else Y[+ Xm$Cu2<$7U}z1DP do WuL int :g7G bool "]
- 112 TK_LIT_CHAR [':']
- 112 TK_LIT_CHAR ['A']
- 112 TK_LIT_INT [3]
- 113 TK_IDENTIFICADOR [_____Sl2GbryhsakjK1tQHhIgZspVpen5OnMihIjVlducS3mWPIpNxU9dNpbGt9jIOpYyBcsrlK8dWeH_MH6t9VcYa6iSTF]
- 113 TK_IDENTIFICADOR [___5xlBw1UikBJRUL8fX6LTb97IDebpGgQ5TZEl8bVZr0Sw17IhsaXJJDhLbx]
- 114 TK_ESPECIAL [-]
- 114 TK_LIT_FLOAT [91113719.24115928]
- 114 TK_LIT_CHAR ['o']
- 114 TK_ESPECIAL [-]
- 114 TK_IDENTIFICADOR [_____float]
- 114 TK_LIT_INT [1714]
- 114 TK_ESPECIAL [-]
- 114 TK_LIT_INT [64894]
- 114 TK_ESPECIAL [>]
- 114 TK_LIT_STRING ["<"]
- 114 TK_ESPECIAL [;]
- 114 TK_ESPECIAL [&]
- 114 TK_ESPECIAL [>]
- 115 TK_IDENTIFICADOR [____t9KaiFkzovoDsQQ4ouOU1FGAqXUyZX9M2w8zfI6GI7SBK]
- 115 TK_ESPECIAL [-]
- 115 TK_LIT_FLOAT [7710198996.246420]
- 115 TK_LIT_INT [7]
- 116 TK_ESPECIAL [-]
- 116 TK_LIT_INT [703]
- 116 TK_LIT_FLOAT [242581.4]
- 116 TK_LIT_CHAR ['*']
- 116 TK_PR_INT [int]
- 116 TK_LIT_STRING ["kC;+ 1lFG] int H_p<brhZ"]
- 117 TK_LIT_STRING ["E<>=G string  -  while oR do  do ga>}R bool LCjuk_yPN"]
- 117 TK_ESPECIAL [-]
- 117 TK_LIT_INT [80]
- 117 TK_ESPECIAL [-]
- 117 TK_LIT_FLOAT [47951.2842840792]
- 117 TK_ESPECIAL [-]
- 117 TK_LIT_INT [036982679]
- 117 TK_LIT_STRING ["j4"]
- 117 TK_PR_INPUT [input]
- 118 TK_LIT_STRING ["W}5zD>= /  if j|| int zCr7_J input C_>h+ !=fvoN"]
- 118 TK_IDENTIFICADOR [__yMJ1V5CFHWosyRmkbW8z_Pk3xJOGWQryUJxZTUXeSOhmN8Iso7noaDZzMFhOztz2ISN2AH5nsAO]
- 119 TK_ESPECIAL [{]
- 119 TK_ESPECIAL [/]
- 119 TK_PR_STRING [string]
- 119 TK_LIT_CHAR ['R']
- 119 TK_LIT_INT [5158892]
- 119 TK_ESPECIAL [,]
- 119 TK_ESPECIAL [-]
- 119 TK_LIT_INT [12764693]
- 119 TK_ESPECIAL [-]
- 119 TK_ESPECIAL [=]
- 119 TK_ESPECIAL [,]
- 120 TK_LIT_STRING ["YV>(y int GB>GJ||:lY||A>mO =  * {r"]
- 120 TK_ESPECIAL [;]
- 120 TK_LIT_FLOAT [094557462.0654793]
- 120 TK_ESPECIAL [!]
- 120 TK_LIT_CHAR ['Q']
- 120 TK_LIT_CHAR ['/']
- 121 TK_IDENTIFICADOR [____HTOO00thh32DH2abW5BYlJwdrNl1dYQnZEW3kZZOqPHra6hAYlen2M7tXBIm]
- 121 TK_ESPECIAL [-]
- 121 TK_LIT_FLOAT [75603.9]
- 122 TK_IDENTIFICADOR [___kDagXC6Js3DrErPV7UOobjZDGSji1Vvdc1RRS0UM66kPLYO1VEN4mg8i37EntvSyTIvuf3AJjXefujApVpue]
- 122 TK_ESPECIAL [-]
- 122 TK_ESPECIAL [&]
- 122 TK_ESPECIAL [-]
- 122 TK_LIT_FLOAT [4.5722095]
- 123 TK_LIT_STRING ["KtTP+ $[&naa float !=4u&&fpI;,fzVBf! string n< * 1E&&w&&{pbM>=El[FHT"]
- 123 TK_PR_THEN [then]
- 123 TK_IDENTIFICADOR [_0bKL9ZNqwSnbAOiCw3eUn7YuPGsJSHLy16LD8FRlwpiZIWgOs]
- 123 TK_ESPECIAL [(]
- 124 TK_ESPECIAL [-]
- 124 TK_LIT_INT [9702026179]
- 124 TK_ESPECIAL [-]
- 124 TK_LIT_FLOAT [4.446802]
- 124 TK_LIT_CHAR ['a']
- 124 TK_LIT_INT [6951529574]
- 124 TK_LIT_CHAR ['&']
- 124 TK_ESPECIAL [!]
- 124 TK_PR_FLOAT [float]
- 124 TK_ESPECIAL [<]
- 124 TK_ESPECIAL [$]
- 125 TK_PR_WHILE [while]
- 125 TK_LIT_INT [7261433]
- 125 TK_PR_IF [if]
- 125 TK_IDENTIFICADOR [_____9PacVxXF_kpXDh3Ngqp7OdLcRTUA0QQSRkcVyY4kWBx3nsSG]
- 126 TK_ESPECIAL [-]
- 126 TK_LIT_INT [8129]
- 126 TK_ESPECIAL [$]
- 126 TK_ESPECIAL [-]
- 126 TK_LIT_FLOAT [4872072.15352764]
- 126 TK_LIT_CHAR ['}']
- 126 TK_PR_WHILE [while]
- 126 TK_ESPECIAL [>]
- 126 TK_PR_STRING [string]
- 127 TK_LIT_FLOAT [7190636063.992103]
- 127 TK_IDENTIFICADOR [___float]
- 127 TK_ESPECIAL [!]
- 127 TK_LIT_FLOAT [50813580.1]
- 127 TK_PR_OUTPUT [output]
- 128 TK_IDENTIFICADOR [_KCjhA3oMGtNZkXM56BhMoeCjwCk0i44F_4_vVoQwlL_xUoW_wC9tl6316h170JVL4Qa8dL]
- 128 TK_LIT_STRING ["R>R4Y:oev(KL6$INh!U string }{yc"]
- 128 TK_LIT_STRING ["0MCpZ:v output Y"]
- 128 TK_LIT_CHAR ['a']
- 129 TK_ESPECIAL [-]
- 129 TK_LIT_INT [044060250]
- 129 TK_IDENTIFICADOR [_____ptSgt0bGwD2BRo9tnGuKmMn5FO]
- 129 TK_LIT_INT [60688]
- 129 TK_ESPECIAL [-]
- 129 TK_LIT_FLOAT [3.4]
- 129 TK_ESPECIAL [-]
- 129 TK_LIT_INT [36906]
- 130 TK_IDENTIFICADOR [_dTNo6M059i0RO9JEk1b1ETOqLF3CZfPRxp_F5ohzcDwzj1VtmN2vGEZMZ3S8]
- 130 TK_LIT_CHAR ['Q']
- 130 TK_ESPECIAL [+]
- 130 TK_LIT_CHAR ['}']
- 130 TK_LIT_FLOAT [4.87572111]
- 130 TK_LIT_CHAR ['g']
- 131 TK_LIT_STRING ["DzNSVB:5l /  return m74 do 2; input "]
- 131 TK_PR_DO [do]
- 131 TK_ESPECIAL [-]
- 131 TK_LIT_FLOAT [1213360833.3]
- 131 TK_LIT_FLOAT [8.72]
- 132 TK_LIT_STRING ["XNdF0Wp;$i_F[S;!=eWZ&&r =  char "]
- 132 TK_LIT_INT [2083772]
- 132 TK_IDENTIFICADOR [__WudhnHNjx0FNmDimiZKsIFRph1W]
- 132 TK_LIT_CHAR [',']
- 132 TK_ESPECIAL [!]
- 133 TK_LIT_STRING ["0 input K$aL{Up if <=8{bx float A)<= then he==KXRZ else J"]
- 133 TK_LIT_STRING ["wwQA if ;(x0Dh"]
- 134 TK_IDENTIFICADOR [___QpYpIQ8ElqC1d0xqMKlNrnZEuZyKz4rfqUyEASGPpFCmOyuhF6KTH9uYs_MV83FhrqyB_Kylk4U]
- 134 TK_ESPECIAL [-]
- 134 TK_LIT_FLOAT [7110689920.28548]
- 134 TK_LIT_INT [607]
- 134 TK_PR_OUTPUT [output]
- 134 TK_PR_CHAR [char]
- 134 TK_LIT_STRING ["p else "]
- 134 TK_PR_OUTPUT [output]
- 134 TK_ESPECIAL [)]
- 135 TK_LIT_STRING [" int 7 bool  output MoiG4avV / Lma7[ -  do Lut0{H:U>E input c output V6 char A<ic return 2&& while "]
- 135 TK_LIT_INT [20]
- 135 TK_LIT_CHAR ['P']
- 135 TK_PR_INPUT [input]
- 135 TK_ESPECIAL [{]
- 135 TK_ESPECIAL [[]
- 135 TK_LIT_CHAR ['S']
- 135 TK_IDENTIFICADOR [____then]
- 135 TK_LIT_STRING [""]
- 135 TK_IDENTIFICADOR [____string]
- 135 TK_LIT_FLOAT [943253.08]
- 136 TK_LIT_FLOAT [11040303.28585602]
- 136 TK_LIT_FLOAT [282.64271]
- 136 TK_LIT_CHAR [',']
- 136 TK_PR_RETURN [return]
- 136 TK_PR_INPUT [input]
- 136 TK_ESPECIAL [{]
- 136 TK_ESPECIAL [<]
- 136 TK_ESPECIAL [+]
- 136 TK_PR_WHILE [while]
- 137 TK_PR_RETURN [return]
- 137 TK_IDENTIFICADOR [___W6DxbzVnTv7efRaZQz4WE7LWt]
- 137 TK_LIT_CHAR ['}']
- 137 TK_ESPECIAL [-]
- 137 TK_LIT_INT [80]
- 137 TK_ESPECIAL [<]
- 137 TK_LIT_FLOAT [435.2866018551]
- 137 TK_ESPECIAL [-]
- 137 TK_ESPECIAL [$]
- 138 TK_LIT_CHAR ['=']
- 138 TK_ESPECIAL [)]
- 138 TK_ESPECIAL [{]
- 138 TK_PR_DO [do]
- 139 TK_IDENTIFICADOR [___KUabHehhUf8YT1AjWqQafDBo0eGABbLVKdARq7jIH7TFXHxSvA78Rjy1wGscRbUuuu0PiQ6UFC2Xp8QhDJVjv5ZJ3f7]
- 139 TK_LIT_STRING ["oj * "]
- 139 TK_LIT_CHAR ['{']
- 139 TK_ESPECIAL [/]
- 139 TK_PR_INT [int]
- 139 TK_ESPECIAL [-]
- 139 TK_LIT_FLOAT [201333.06]
- 140 TK_IDENTIFICADOR [_oz1hmLozqlaszpCZdEGpp0XgR24hAxdtwV8j6fcu]
- 140 TK_ESPECIAL [-]
- 140 TK_LIT_FLOAT [550.935]
- 140 TK_ESPECIAL [-]
- 140 TK_LIT_FLOAT [556000385.961]
- 141 TK_IDENTIFICADOR [_____xuOmp2_vhmPyjSx8T58wb3AqGzBU8UPDyxHPPymfHREGv3khrgjmUh7Wg8gdbXt2rd73mHOUdW_HSF]
- 141 TK_PR_DO [do]
- 141 TK_ESPECIAL [{]
- 141 TK_ESPECIAL [-]
- 141 TK_ESPECIAL [;]
- 141 TK_ESPECIAL [-]
- 141 TK_LIT_INT [798429]
- 141 TK_LIT_CHAR ['e']
- 141 TK_ESPECIAL []]
- 142 TK_LIT_STRING ["4( input 1L==H43 while PbS5x4 else 1$ULr int p return K = &<73TF4c float  /  = XYd string d"]
- 142 TK_LIT_CHAR ['+']
- 142 TK_LIT_STRING ["G<=DO = }]==, * M+  -  int (Hg$7 char t<a||"]
- 143 TK_IDENTIFICADOR [___lMwcmfOI4SfFnFpskCWxVjOuF2vQt7At7PRfow9lZ2FdliLNNhkKzh8wquJTBGLihUkYL8xD8JNM2i77nO2MyWt7]
- 143 TK_PR_BOOL [bool]
- 143 TK_ESPECIAL [-]
- 143 TK_LIT_FLOAT [3916977.345704524]
- 143 TK_ESPECIAL [-]
- 144 TK_LIT_STRING ["> - aqMra||wQf then  char x char q) - VE = >=p6 else &&"]
- 144 TK_LIT_STRING ["dy[7"]
- 144 TK_ESPECIAL [-]
- 144 TK_LIT_FLOAT [89587340.429231]
- 145 TK_IDENTIFICADOR [__ZPWdpgfHgXEBA9zG3uJYspxhzVq3_oX3r4KyzzpKHs5vWsmhuaT3D3mGRhdQ9hNAg5mlOw8JAKSwng]
- 145 TK_ESPECIAL [/]
- 145 TK_LIT_STRING [" return Y output zp)DX / b"]
- 145 TK_ESPECIAL [-]
- 145 TK_LIT_INT [7321920343]
- 145 TK_PR_FLOAT [float]
- 146 TK_IDENTIFICADOR [_____gHwhTKDqnAQRciW1KYUxXwdjZxnBMSb6tKozk7TYHCUlOxpxtRwRl1qpfB2TE_6T0]
- 146 TK_IDENTIFICADOR [__do]
- 146 TK_PR_DO [do]
- 147 TK_IDENTIFICADOR [_____KbaKOf6PrLGDKgabfMkqUGgxgDszHtppwHu8iVRDvWtLCEfiHpuE0eq7n_zpxGwQJgTbgZl]
- 147 TK_IDENTIFICADOR [__return]
- 148 TK_LIT_STRING ["H8q * >=aBuDu7Xim4S+ MaKc char j<=t[ output }I<e$[xMf if LS!= then "]
- 148 TK_LIT_CHAR ['{']
- 148 TK_ESPECIAL [-]
- 148 TK_LIT_INT [8]
- 148 TK_PR_THEN [then]
- 148 TK_ESPECIAL [&]
- 148 TK_LIT_CHAR ['n']
- 148 TK_ESPECIAL [-]
- 148 TK_LIT_INT [84074]
- 148 TK_IDENTIFICADOR [_se]
- 148 TK_IDENTIFICADOR [_bool]
- 148 TK_PR_DO [do]
- 149 TK_LIT_STRING ["59FlGA if :vASH8 input h do fuOh return nBnG$ char &PZ string <=YJ1JUjCZ float e while 7SM:"]
- 149 TK_ESPECIAL [*]
- 149 TK_PR_DO [do]
- 149 TK_ESPECIAL [*]
- 149 TK_ESPECIAL [-]
- 149 TK_IDENTIFICADOR [_____do]
- 149 TK_ESPECIAL [+]
- 149 TK_IDENTIFICADOR [_____int]
- 150 TK_LIT_STRING ["g string ifsk;v<Cwl!=UddJ_+ CjI"]
- 150 TK_LIT_STRING [" * _4ZHV9ree==KqqBS<=zpMe7U"]
- 150 TK_PR_INPUT [input]
- 305 TK_LIT_CHAR [',']
- 305 TK_ESPECIAL [<]
- 305 TK_LIT_FLOAT [677468.19099]
- 305 TK_ESPECIAL [{]
- 305 TK_LIT_FLOAT [65500453.849416]
- 306 TK_IDENTIFICADOR [__WudhnHNjx0FNmDimiZKsIFRph1W]
- 306 TK_LIT_INT [638]
- 306 TK_ESPECIAL [}]
- 306 TK_LIT_CHAR ['i']
- 307 TK_LIT_STRING [" - F int cx_ / 4F = P< then A{UMl then iO! string  int _>"]
- 307 TK_ESPECIAL [-]
- 307 TK_LIT_FLOAT [0160024.502173742]
- 307 TK_LIT_CHAR ['g']
- 307 TK_LIT_INT [7165306]
- 307 TK_PR_DO [do]
- 307 TK_ESPECIAL [-]
- 307 TK_ESPECIAL [}]
- 307 TK_LIT_STRING ["||h / J!= / 9ZJ{("]
- 308 TK_LIT_FLOAT [34164155.139506775]
- 308 TK_LIT_CHAR [']']
- 308 TK_ESPECIAL [$]
- 308 TK_PR_IF [if]
- 308 TK_PR_OUTPUT [output]
- 308 TK_PR_DO [do]
- 308 TK_LIT_STRING ["zGN char uF"]
- 308 TK_ESPECIAL [&]
- 308 TK_PR_ELSE [else]
- 309 TK_LIT_INT [32300]
- 309 TK_LIT_CHAR [']']
- 309 TK_LIT_FLOAT [1406175210.252028]
- 309 TK_ESPECIAL [=]
- 309 TK_LIT_STRING ["<"]
- 310 TK_IDENTIFICADOR [____LikZrNCpE_ZQRI3gam0GfGs2YQcBNRfwLZFUHn_q3TpJo47yRHvULDqYYW_gUxxmjCQXLELWTqnI5fGOlC_nUpdf8Zye]
- 310 TK_PR_OUTPUT [output]
- 310 TK_LIT_CHAR ['Q']
- 310 TK_ESPECIAL [-]
- 310 TK_LIT_FLOAT [21399609.10]
- 310 TK_LIT_FLOAT [869827620.433806]
- 310 TK_ESPECIAL [-]
- 310 TK_ESPECIAL [=]
- 311 TK_ESPECIAL [-]
- 311 TK_LIT_INT [293193100]
- 311 TK_IDENTIFICADOR [_0bKL9ZNqwSnbAOiCw3eUn7YuPGsJSHLy16LD8FRlwpiZIWgOs]
- 311 TK_PR_THEN [then]
- 311 TK_ESPECIAL [,]
- 311 TK_LIT_INT [1001]
- 312 TK_LIT_INT [736889543]
- 312 TK_ESPECIAL [(]
- 312 TK_ESPECIAL [-]
- 312 TK_LIT_INT [7]
- 312 TK_ESPECIAL [-]
- 312 TK_LIT_FLOAT [4280253.335]
- 312 TK_ESPECIAL [<]
- 312 TK_LIT_INT [01749462]
- 313 TK_LIT_STRING ["h int gZ:N<=ki860v+ _5sN&& if Rc<:{2>=R[f4]A9 output A6Y then Vcbk"]
- 313 TK_PR_FLOAT [float]
- 313 TK_IDENTIFICADOR [_]
- 313 TK_ESPECIAL [*]
- 313 TK_LIT_CHAR ['<']
- 313 TK_LIT_INT [9978519]
- 313 TK_ESPECIAL [/]
- 314 TK_LIT_STRING ["j int 02AeI!>ag while !V==w do ==>|| if E if 5iD char  string c&l /  input 0geoiM$:]0G"]
- 315 TK_LIT_STRING [" while Y>r! float xF{ *  * tm3||KRI output tJg while TtOsBVSkaW&& string Cm bool YlH["]
- 315 TK_LIT_CHAR ['g']
- 315 TK_IDENTIFICADOR [__ritdy2vCQ7wuMmF5PfJ4szGsOfNcuo]
- 315 TK_ESPECIAL [[]
- 315 TK_LIT_CHAR ['m']
- 315 TK_PR_OUTPUT [output]
- 315 TK_LIT_CHAR ['n']
- 316 TK_LIT_FLOAT [673602349.708132]
- 316 TK_PR_DO [do]
- 316 TK_ESPECIAL [-]
- 316 TK_LIT_INT [3792060249]
- 316 TK_ESPECIAL [$]
- 316 TK_LIT_STRING [" return Y output zp)DX / b"]
- 316 TK_PR_IF [if]
- 316 TK_ESPECIAL [{]
- 316 TK_PR_BOOL [bool]
- 317 TK_PR_INPUT [input]
- 317 TK_ESPECIAL [$]
- 317 TK_LIT_FLOAT [397164189.93927]
- 317 TK_IDENTIFICADOR [__int]
- 317 TK_ESPECIAL [$]
- 318 TK_LIT_STRING ["> - aqMra||wQf then  char x char q) - VE = >=p6 else &&"]
- 318 TK_LIT_STRING ["Ywau)0 return D1F"]
- 318 TK_ESPECIAL [>]
- 318 TK_LIT_CHAR [':']
- 318 TK_LIT_FLOAT [943253.08]
- 318 TK_ESPECIAL [+]
- 318 TK_ESPECIAL [-]
- 318 TK_LIT_FLOAT [660.737]
- 318 TK_PR_THEN [then]
- 319 TK_LIT_STRING ["G<=DO = }]==, * M+  -  int (Hg$7 char t<a||"]
- 319 TK_LIT_STRING [">=VJ<AnIUV||99c"]
- 320 TK_IDENTIFICADOR [___kDagXC6Js3DrErPV7UOobjZDGSji1Vvdc1RRS0UM66kPLYO1VEN4mg8i37EntvSyTIvuf3AJjXefujApVpue]
- 321 TK_LIT_STRING ["80[v float Zn32;cUqv input x( output H char  bool I==(q(k>jOEag3Q<9:3{[XcQj"]
- 321 TK_LIT_INT [13]
- 321 TK_LIT_STRING ["D bool XvJ8 while  else [ else  * "]
- 321 TK_IDENTIFICADOR [__se]
- 321 TK_LIT_CHAR ['Y']
- 321 TK_LIT_INT [02]
- 322 TK_IDENTIFICADOR [_____9PacVxXF_kpXDh3Ngqp7OdLcRTUA0QQSRkcVyY4kWBx3nsSG]
- 322 TK_LIT_STRING ["J while ==T2dcO / boiPl67"]
- 322 TK_LIT_CHAR ['e']
- 322 TK_ESPECIAL [/]
- 323 TK_IDENTIFICADOR [_YKOIOeIBGHC6uUPcgTNuja6tidVQ6nun3bR7bYwUEoNMEiBxPoFO_yGK5zA1EvTvXw4KLYjtpQBvhuXAx_IzU]
- 324 TK_IDENTIFICADOR [_dFyhtIKOtFwEpnT5kgHtqQnWumPHlJSCHeN_ZQempY5RnFAEDoB7ASmw0jGFqoMQHf6fMVdsI_EvAZdxNEgFkaHWUhAt]
- 324 TK_PR_OUTPUT [output]
- 324 TK_ESPECIAL [}]
- 324 TK_LIT_CHAR ['E']
- 324 TK_IDENTIFICADOR [___input]
- 324 TK_LIT_INT [7261433]
- 324 TK_LIT_CHAR ['d']
- 324 TK_ESPECIAL [-]
- 324 TK_LIT_FLOAT [01.533004278]
- 325 TK_ESPECIAL [-]
- 325 TK_LIT_INT [36906]
- 325 TK_ESPECIAL [-]
- 325 TK_LIT_FLOAT [59763791.36227575]
- 325 TK_ESPECIAL [+]
- 325 TK_ESPECIAL [[]
- 325 TK_PR_FLOAT [float]
- 325 TK_LIT_INT [648376]
- 325 TK_PR_ELSE [else]
- 325 TK_LIT_CHAR ['-']
- 326 TK_LIT_FLOAT [242581.4]
- 326 TK_LIT_CHAR ['6']
- 326 TK_ESPECIAL [-]
- 326 TK_LIT_INT [6]
- 326 TK_LIT_CHAR ['J']
- 326 TK_IDENTIFICADOR [_____rTfCyl0EEJ9fMxJvnnq0m2dssWN]
- 326 TK_LIT_CHAR ['[']
- 327 TK_IDENTIFICADOR [____t9KaiFkzovoDsQQ4ouOU1FGAqXUyZX9M2w8zfI6GI7SBK]
- 327 TK_ESPECIAL [/]
- 327 TK_IDENTIFICADOR [_char]
- 327 TK_LIT_FLOAT [8999495.11306]
- 327 TK_LIT_STRING ["B - M5"]
- 327 TK_ESPECIAL [=]
- 327 TK_ESPECIAL [-]
- 327 TK_LIT_FLOAT [3.4]
- 327 TK_ESPECIAL [{]
- 328 TK_LIT_CHAR ['S']
- 328 TK_ESPECIAL [-]
[...]
+ 1 TOKEN_ERRO [t]
+ 1 TOKEN_ERRO [r]
+ 1 TOKEN_ERRO [e]
+ 1 TOKEN_ERRO [t]
+ 1 TOKEN_ERRO [u]
+ 1 TOKEN_ERRO [r]
+ 1 TOKEN_ERRO [n]
+ 2 TOKEN_ERRO [f]
+ 2 TOKEN_ERRO [l]
+ 2 TOKEN_ERRO [o]
+ 2 TOKEN_ERRO [a]
+ 2 TOKEN_ERRO [t]
+ 2 TOKEN_ERRO [{]
+ 2 TOKEN_ERRO [{]
+ 2 TOKEN_ERRO [;]
+ 2 TOKEN_ERRO []]
+ 2 TOKEN_ERRO [d]
+ 2 TOKEN_ERRO [o]
+ 2 TOKEN_ERRO [[]
+ 2 TOKEN_ERRO [>]
+ 2 TOKEN_ERRO [)]
+ 2 TOKEN_ERRO [<]
+ 2 TOKEN_ERRO []]
+ 2 TOKEN_ERRO [-]
+ 2 TOKEN_ERRO [/]
+ 2 TOKEN_ERRO [!]
+ 2 TOKEN_ERRO [w]
+ 2 TOKEN_ERRO [h]
+ 2 TOKEN_ERRO [i]
+ 2 TOKEN_ERRO [l]
+ 2 TOKEN_ERRO [e]
+ 2 TOKEN_ERRO [=]
+ 2 TOKEN_ERRO [;]
+ 2 TOKEN_ERRO [d]
+ 2 TOKEN_ERRO [o]
+ 2 TOKEN_ERRO [:]
+ 2 TOKEN_ERRO [-]
+ 2 TOKEN_ERRO [{]
+ 2 TOKEN_ERRO [}]
+ 2 TOKEN_ERRO [>]
Test suite `avaliacao_15.tesh': NOK (<avaliacao_15.tesh:5> output mismatch)
<end of output>
Test time =   0.16 sec
----------------------------------------------------------
Test Failed.
"e1_avaliacao_15" end time: Sep 09 15:42 PDT
"e1_avaliacao_15" time elapsed: 00:00:00
----------------------------------------------------------

16/407 Testing: e1_avaliacao_16
16/407 Test: e1_avaliacao_16
Command: "/usr/bin/perl" "-I" "./tests/scripts" "./tests/scripts/tesh" "/home/alexandre/Desktop/Compiladores/Projeto/build/pc/tests/e1/avaliacao_16.tesh"
Directory: /home/alexandre/Desktop/Compiladores/Projeto/build/pc
"e1_avaliacao_16" start time: Sep 09 15:42 PDT
Output:
----------------------------------------------------------
Unescaped left brace in regex is deprecated, passed through in regex; marked by <-- HERE in m/\${ <-- HERE (\w+)(?::[=-][^}]*)?}/ at ./tests/scripts/tesh line 345.
Test suite `/home/alexandre/Desktop/Compiladores/Projeto/build/pc/tests/e1/avaliacao_16.tesh'
[avaliacao_16.tesh:5] ./main ./tests/e1/input/nivel16.tokens
Output of <avaliacao_16.tesh:5> mismatch:
- 1 TK_PR_STATIC [static]
- 1 TK_PR_CONST [const]
- 2 TK_ESPECIAL [-]
- 2 TK_LIT_INT [2]
+ 1 TOKEN_ERRO [s]
+ 1 TOKEN_ERRO [t]
+ 1 TOKEN_ERRO [a]
+ 1 TOKEN_ERRO [t]
+ 1 TOKEN_ERRO [i]
+ 1 TOKEN_ERRO [c]
+ 1 TOKEN_ERRO [c]
+ 1 TOKEN_ERRO [o]
+ 1 TOKEN_ERRO [n]
+ 1 TOKEN_ERRO [s]
+ 1 TOKEN_ERRO [t]
+ 2 TOKEN_ERRO [-]
+ 2 TOKEN_ERRO [2]
Test suite `avaliacao_16.tesh': NOK (<avaliacao_16.tesh:5> output mismatch)
<end of output>
Test time =   0.17 sec
----------------------------------------------------------
Test Failed.
"e1_avaliacao_16" end time: Sep 09 15:42 PDT
"e1_avaliacao_16" time elapsed: 00:00:00
----------------------------------------------------------

17/407 Testing: e1_avaliacao_17
17/407 Test: e1_avaliacao_17
Command: "/usr/bin/perl" "-I" "./tests/scripts" "./tests/scripts/tesh" "/home/alexandre/Desktop/Compiladores/Projeto/build/pc/tests/e1/avaliacao_17.tesh"
Directory: /home/alexandre/Desktop/Compiladores/Projeto/build/pc
"e1_avaliacao_17" start time: Sep 09 15:42 PDT
Output:
----------------------------------------------------------
Unescaped left brace in regex is deprecated, passed through in regex; marked by <-- HERE in m/\${ <-- HERE (\w+)(?::[=-][^}]*)?}/ at ./tests/scripts/tesh line 345.
Test suite `/home/alexandre/Desktop/Compiladores/Projeto/build/pc/tests/e1/avaliacao_17.tesh'
[avaliacao_17.tesh:5] ./main ./tests/e1/input/nivel17.tokens
Output of <avaliacao_17.tesh:5> mismatch:
- 1 TK_OC_SR [>>]
- 5 TK_OC_SL [<<]
+ 1 TOKEN_ERRO [>]
+ 1 TOKEN_ERRO [>]
+ 3 TOKEN_ERRO [<]
+ 3 TOKEN_ERRO [<]
Test suite `avaliacao_17.tesh': NOK (<avaliacao_17.tesh:5> output mismatch)
<end of output>
Test time =   0.16 sec
----------------------------------------------------------
Test Failed.
"e1_avaliacao_17" end time: Sep 09 15:42 PDT
"e1_avaliacao_17" time elapsed: 00:00:00
----------------------------------------------------------

18/407 Testing: e1_valgrind_00
18/407 Test: e1_valgrind_00
Command: "/usr/bin/perl" "-I" "./tests/scripts" "./tests/scripts/tesh" "/home/alexandre/Desktop/Compiladores/Projeto/build/pc/tests/e1/valgrind_00.tesh"
Directory: /home/alexandre/Desktop/Compiladores/Projeto/build/pc
"e1_valgrind_00" start time: Sep 09 15:42 PDT
Output:
----------------------------------------------------------
Unescaped left brace in regex is deprecated, passed through in regex; marked by <-- HERE in m/\${ <-- HERE (\w+)(?::[=-][^}]*)?}/ at ./tests/scripts/tesh line 345.
Test suite `/home/alexandre/Desktop/Compiladores/Projeto/build/pc/tests/e1/valgrind_00.tesh'
[valgrind_00.tesh:6] ./tests/scripts/valgrindtest ./main ./tests/e1/input/nivel0.tokens
(ignoring the output of <valgrind_00.tesh:6> as requested)
Test suite `valgrind_00.tesh' OK
<end of output>
Test time =   1.37 sec
----------------------------------------------------------
Test Passed.
"e1_valgrind_00" end time: Sep 09 15:42 PDT
"e1_valgrind_00" time elapsed: 00:00:01
----------------------------------------------------------

19/407 Testing: e1_valgrind_01
19/407 Test: e1_valgrind_01
Command: "/usr/bin/perl" "-I" "./tests/scripts" "./tests/scripts/tesh" "/home/alexandre/Desktop/Compiladores/Projeto/build/pc/tests/e1/valgrind_01.tesh"
Directory: /home/alexandre/Desktop/Compiladores/Projeto/build/pc
"e1_valgrind_01" start time: Sep 09 15:42 PDT
Output:
----------------------------------------------------------
Unescaped left brace in regex is deprecated, passed through in regex; marked by <-- HERE in m/\${ <-- HERE (\w+)(?::[=-][^}]*)?}/ at ./tests/scripts/tesh line 345.
Test suite `/home/alexandre/Desktop/Compiladores/Projeto/build/pc/tests/e1/valgrind_01.tesh'
[valgrind_01.tesh:6] ./tests/scripts/valgrindtest ./main ./tests/e1/input/nivel1.tokens
(ignoring the output of <valgrind_01.tesh:6> as requested)
Test suite `valgrind_01.tesh' OK
<end of output>
Test time =   1.28 sec
----------------------------------------------------------
Test Passed.
"e1_valgrind_01" end time: Sep 09 15:42 PDT
"e1_valgrind_01" time elapsed: 00:00:01
----------------------------------------------------------

20/407 Testing: e1_valgrind_02
20/407 Test: e1_valgrind_02
Command: "/usr/bin/perl" "-I" "./tests/scripts" "./tests/scripts/tesh" "/home/alexandre/Desktop/Compiladores/Projeto/build/pc/tests/e1/valgrind_02.tesh"
Directory: /home/alexandre/Desktop/Compiladores/Projeto/build/pc
"e1_valgrind_02" start time: Sep 09 15:42 PDT
Output:
----------------------------------------------------------
Unescaped left brace in regex is deprecated, passed through in regex; marked by <-- HERE in m/\${ <-- HERE (\w+)(?::[=-][^}]*)?}/ at ./tests/scripts/tesh line 345.
Test suite `/home/alexandre/Desktop/Compiladores/Projeto/build/pc/tests/e1/valgrind_02.tesh'
[valgrind_02.tesh:6] ./tests/scripts/valgrindtest ./main ./tests/e1/input/nivel2.tokens
(ignoring the output of <valgrind_02.tesh:6> as requested)
Test suite `valgrind_02.tesh' OK
<end of output>
Test time =   1.56 sec
----------------------------------------------------------
Test Passed.
"e1_valgrind_02" end time: Sep 09 15:42 PDT
"e1_valgrind_02" time elapsed: 00:00:01
----------------------------------------------------------

21/407 Testing: e1_valgrind_03
21/407 Test: e1_valgrind_03
Command: "/usr/bin/perl" "-I" "./tests/scripts" "./tests/scripts/tesh" "/home/alexandre/Desktop/Compiladores/Projeto/build/pc/tests/e1/valgrind_03.tesh"
Directory: /home/alexandre/Desktop/Compiladores/Projeto/build/pc
"e1_valgrind_03" start time: Sep 09 15:42 PDT
Output:
----------------------------------------------------------
Unescaped left brace in regex is deprecated, passed through in regex; marked by <-- HERE in m/\${ <-- HERE (\w+)(?::[=-][^}]*)?}/ at ./tests/scripts/tesh line 345.
Test suite `/home/alexandre/Desktop/Compiladores/Projeto/build/pc/tests/e1/valgrind_03.tesh'
[valgrind_03.tesh:6] ./tests/scripts/valgrindtest ./main ./tests/e1/input/nivel3.tokens
(ignoring the output of <valgrind_03.tesh:6> as requested)
Test suite `valgrind_03.tesh' OK
<end of output>
Test time =   1.23 sec
----------------------------------------------------------
Test Passed.
"e1_valgrind_03" end time: Sep 09 15:42 PDT
"e1_valgrind_03" time elapsed: 00:00:01
----------------------------------------------------------

22/407 Testing: e1_valgrind_05
22/407 Test: e1_valgrind_05
Command: "/usr/bin/perl" "-I" "./tests/scripts" "./tests/scripts/tesh" "/home/alexandre/Desktop/Compiladores/Projeto/build/pc/tests/e1/valgrind_05.tesh"
Directory: /home/alexandre/Desktop/Compiladores/Projeto/build/pc
"e1_valgrind_05" start time: Sep 09 15:42 PDT
Output:
----------------------------------------------------------
Unescaped left brace in regex is deprecated, passed through in regex; marked by <-- HERE in m/\${ <-- HERE (\w+)(?::[=-][^}]*)?}/ at ./tests/scripts/tesh line 345.
Test suite `/home/alexandre/Desktop/Compiladores/Projeto/build/pc/tests/e1/valgrind_05.tesh'
[valgrind_05.tesh:6] ./tests/scripts/valgrindtest ./main ./tests/e1/input/nivel5.tokens
(ignoring the output of <valgrind_05.tesh:6> as requested)
Test suite `valgrind_05.tesh' OK
<end of output>
Test time =   1.26 sec
----------------------------------------------------------
Test Passed.
"e1_valgrind_05" end time: Sep 09 15:42 PDT
"e1_valgrind_05" time elapsed: 00:00:01
----------------------------------------------------------

23/407 Testing: e1_valgrind_06
23/407 Test: e1_valgrind_06
Command: "/usr/bin/perl" "-I" "./tests/scripts" "./tests/scripts/tesh" "/home/alexandre/Desktop/Compiladores/Projeto/build/pc/tests/e1/valgrind_06.tesh"
Directory: /home/alexandre/Desktop/Compiladores/Projeto/build/pc
"e1_valgrind_06" start time: Sep 09 15:42 PDT
Output:
----------------------------------------------------------
Unescaped left brace in regex is deprecated, passed through in regex; marked by <-- HERE in m/\${ <-- HERE (\w+)(?::[=-][^}]*)?}/ at ./tests/scripts/tesh line 345.
Test suite `/home/alexandre/Desktop/Compiladores/Projeto/build/pc/tests/e1/valgrind_06.tesh'
[valgrind_06.tesh:6] ./tests/scripts/valgrindtest ./main ./tests/e1/input/nivel6.tokens
(ignoring the output of <valgrind_06.tesh:6> as requested)
Test suite `valgrind_06.tesh' OK
<end of output>
Test time =   1.41 sec
----------------------------------------------------------
Test Passed.
"e1_valgrind_06" end time: Sep 09 15:42 PDT
"e1_valgrind_06" time elapsed: 00:00:01
----------------------------------------------------------

24/407 Testing: e1_valgrind_07
24/407 Test: e1_valgrind_07
Command: "/usr/bin/perl" "-I" "./tests/scripts" "./tests/scripts/tesh" "/home/alexandre/Desktop/Compiladores/Projeto/build/pc/tests/e1/valgrind_07.tesh"
Directory: /home/alexandre/Desktop/Compiladores/Projeto/build/pc
"e1_valgrind_07" start time: Sep 09 15:42 PDT
Output:
----------------------------------------------------------
Unescaped left brace in regex is deprecated, passed through in regex; marked by <-- HERE in m/\${ <-- HERE (\w+)(?::[=-][^}]*)?}/ at ./tests/scripts/tesh line 345.
Test suite `/home/alexandre/Desktop/Compiladores/Projeto/build/pc/tests/e1/valgrind_07.tesh'
[valgrind_07.tesh:6] ./tests/scripts/valgrindtest ./main ./tests/e1/input/nivel7.tokens
(ignoring the output of <valgrind_07.tesh:6> as requested)
Test suite `valgrind_07.tesh' OK
<end of output>
Test time =   1.38 sec
----------------------------------------------------------
Test Passed.
"e1_valgrind_07" end time: Sep 09 15:42 PDT
"e1_valgrind_07" time elapsed: 00:00:01
----------------------------------------------------------

25/407 Testing: e1_valgrind_08
25/407 Test: e1_valgrind_08
Command: "/usr/bin/perl" "-I" "./tests/scripts" "./tests/scripts/tesh" "/home/alexandre/Desktop/Compiladores/Projeto/build/pc/tests/e1/valgrind_08.tesh"
Directory: /home/alexandre/Desktop/Compiladores/Projeto/build/pc
"e1_valgrind_08" start time: Sep 09 15:42 PDT
Output:
----------------------------------------------------------
Unescaped left brace in regex is deprecated, passed through in regex; marked by <-- HERE in m/\${ <-- HERE (\w+)(?::[=-][^}]*)?}/ at ./tests/scripts/tesh line 345.
Test suite `/home/alexandre/Desktop/Compiladores/Projeto/build/pc/tests/e1/valgrind_08.tesh'
[valgrind_08.tesh:6] ./tests/scripts/valgrindtest ./main ./tests/e1/input/nivel8.tokens
(ignoring the output of <valgrind_08.tesh:6> as requested)
Test suite `valgrind_08.tesh' OK
<end of output>
Test time =   2.00 sec
----------------------------------------------------------
Test Passed.
"e1_valgrind_08" end time: Sep 09 15:42 PDT
"e1_valgrind_08" time elapsed: 00:00:01
----------------------------------------------------------

26/407 Testing: e1_valgrind_09
26/407 Test: e1_valgrind_09
Command: "/usr/bin/perl" "-I" "./tests/scripts" "./tests/scripts/tesh" "/home/alexandre/Desktop/Compiladores/Projeto/build/pc/tests/e1/valgrind_09.tesh"
Directory: /home/alexandre/Desktop/Compiladores/Projeto/build/pc
"e1_valgrind_09" start time: Sep 09 15:42 PDT
Output:
----------------------------------------------------------
Unescaped left brace in regex is deprecated, passed through in regex; marked by <-- HERE in m/\${ <-- HERE (\w+)(?::[=-][^}]*)?}/ at ./tests/scripts/tesh line 345.
Test suite `/home/alexandre/Desktop/Compiladores/Projeto/build/pc/tests/e1/valgrind_09.tesh'
[valgrind_09.tesh:6] ./tests/scripts/valgrindtest ./main ./tests/e1/input/nivel9.tokens
(ignoring the output of <valgrind_09.tesh:6> as requested)
Test suite `valgrind_09.tesh' OK
<end of output>
Test time =   1.40 sec
----------------------------------------------------------
Test Passed.
"e1_valgrind_09" end time: Sep 09 15:42 PDT
"e1_valgrind_09" time elapsed: 00:00:01
----------------------------------------------------------

27/407 Testing: e1_valgrind_10
27/407 Test: e1_valgrind_10
Command: "/usr/bin/perl" "-I" "./tests/scripts" "./tests/scripts/tesh" "/home/alexandre/Desktop/Compiladores/Projeto/build/pc/tests/e1/valgrind_10.tesh"
Directory: /home/alexandre/Desktop/Compiladores/Projeto/build/pc
"e1_valgrind_10" start time: Sep 09 15:42 PDT
Output:
----------------------------------------------------------
Unescaped left brace in regex is deprecated, passed through in regex; marked by <-- HERE in m/\${ <-- HERE (\w+)(?::[=-][^}]*)?}/ at ./tests/scripts/tesh line 345.
Test suite `/home/alexandre/Desktop/Compiladores/Projeto/build/pc/tests/e1/valgrind_10.tesh'
[valgrind_10.tesh:6] ./tests/scripts/valgrindtest ./main ./tests/e1/input/nivel10.tokens
(ignoring the output of <valgrind_10.tesh:6> as requested)
Test suite `valgrind_10.tesh' OK
<end of output>
Test time =   1.53 sec
----------------------------------------------------------
Test Passed.
"e1_valgrind_10" end time: Sep 09 15:42 PDT
"e1_valgrind_10" time elapsed: 00:00:01
----------------------------------------------------------

28/407 Testing: e1_valgrind_11
28/407 Test: e1_valgrind_11
Command: "/usr/bin/perl" "-I" "./tests/scripts" "./tests/scripts/tesh" "/home/alexandre/Desktop/Compiladores/Projeto/build/pc/tests/e1/valgrind_11.tesh"
Directory: /home/alexandre/Desktop/Compiladores/Projeto/build/pc
"e1_valgrind_11" start time: Sep 09 15:42 PDT
Output:
----------------------------------------------------------
Unescaped left brace in regex is deprecated, passed through in regex; marked by <-- HERE in m/\${ <-- HERE (\w+)(?::[=-][^}]*)?}/ at ./tests/scripts/tesh line 345.
Test suite `/home/alexandre/Desktop/Compiladores/Projeto/build/pc/tests/e1/valgrind_11.tesh'
[valgrind_11.tesh:6] ./tests/scripts/valgrindtest ./main ./tests/e1/input/nivel11.tokens
(ignoring the output of <valgrind_11.tesh:6> as requested)
Test suite `valgrind_11.tesh' OK
<end of output>
Test time =   1.46 sec
----------------------------------------------------------
Test Passed.
"e1_valgrind_11" end time: Sep 09 15:42 PDT
"e1_valgrind_11" time elapsed: 00:00:01
----------------------------------------------------------

29/407 Testing: e1_valgrind_12
29/407 Test: e1_valgrind_12
Command: "/usr/bin/perl" "-I" "./tests/scripts" "./tests/scripts/tesh" "/home/alexandre/Desktop/Compiladores/Projeto/build/pc/tests/e1/valgrind_12.tesh"
Directory: /home/alexandre/Desktop/Compiladores/Projeto/build/pc
"e1_valgrind_12" start time: Sep 09 15:42 PDT
Output:
----------------------------------------------------------
Unescaped left brace in regex is deprecated, passed through in regex; marked by <-- HERE in m/\${ <-- HERE (\w+)(?::[=-][^}]*)?}/ at ./tests/scripts/tesh line 345.
Test suite `/home/alexandre/Desktop/Compiladores/Projeto/build/pc/tests/e1/valgrind_12.tesh'
[valgrind_12.tesh:6] ./tests/scripts/valgrindtest ./main ./tests/e1/input/nivel12.tokens
(ignoring the output of <valgrind_12.tesh:6> as requested)
Test suite `valgrind_12.tesh' OK
<end of output>
Test time =   1.22 sec
----------------------------------------------------------
Test Passed.
"e1_valgrind_12" end time: Sep 09 15:42 PDT
"e1_valgrind_12" time elapsed: 00:00:01
----------------------------------------------------------

30/407 Testing: e1_valgrind_13
30/407 Test: e1_valgrind_13
Command: "/usr/bin/perl" "-I" "./tests/scripts" "./tests/scripts/tesh" "/home/alexandre/Desktop/Compiladores/Projeto/build/pc/tests/e1/valgrind_13.tesh"
Directory: /home/alexandre/Desktop/Compiladores/Projeto/build/pc
"e1_valgrind_13" start time: Sep 09 15:42 PDT
Output:
----------------------------------------------------------
Unescaped left brace in regex is deprecated, passed through in regex; marked by <-- HERE in m/\${ <-- HERE (\w+)(?::[=-][^}]*)?}/ at ./tests/scripts/tesh line 345.
Test suite `/home/alexandre/Desktop/Compiladores/Projeto/build/pc/tests/e1/valgrind_13.tesh'
[valgrind_13.tesh:6] ./tests/scripts/valgrindtest ./main ./tests/e1/input/nivel13.tokens
(ignoring the output of <valgrind_13.tesh:6> as requested)
Test suite `valgrind_13.tesh' OK
<end of output>
Test time =   1.22 sec
----------------------------------------------------------
Test Passed.
"e1_valgrind_13" end time: Sep 09 15:42 PDT
"e1_valgrind_13" time elapsed: 00:00:01
----------------------------------------------------------

31/407 Testing: e1_valgrind_14
31/407 Test: e1_valgrind_14
Command: "/usr/bin/perl" "-I" "./tests/scripts" "./tests/scripts/tesh" "/home/alexandre/Desktop/Compiladores/Projeto/build/pc/tests/e1/valgrind_14.tesh"
Directory: /home/alexandre/Desktop/Compiladores/Projeto/build/pc
"e1_valgrind_14" start time: Sep 09 15:42 PDT
Output:
----------------------------------------------------------
Unescaped left brace in regex is deprecated, passed through in regex; marked by <-- HERE in m/\${ <-- HERE (\w+)(?::[=-][^}]*)?}/ at ./tests/scripts/tesh line 345.
Test suite `/home/alexandre/Desktop/Compiladores/Projeto/build/pc/tests/e1/valgrind_14.tesh'
[valgrind_14.tesh:6] ./tests/scripts/valgrindtest ./main ./tests/e1/input/nivel14.tokens
(ignoring the output of <valgrind_14.tesh:6> as requested)
Test suite `valgrind_14.tesh' OK
<end of output>
Test time =   1.71 sec
----------------------------------------------------------
Test Passed.
"e1_valgrind_14" end time: Sep 09 15:42 PDT
"e1_valgrind_14" time elapsed: 00:00:01
----------------------------------------------------------

32/407 Testing: e1_valgrind_15
32/407 Test: e1_valgrind_15
Command: "/usr/bin/perl" "-I" "./tests/scripts" "./tests/scripts/tesh" "/home/alexandre/Desktop/Compiladores/Projeto/build/pc/tests/e1/valgrind_15.tesh"
Directory: /home/alexandre/Desktop/Compiladores/Projeto/build/pc
"e1_valgrind_15" start time: Sep 09 15:42 PDT
Output:
----------------------------------------------------------
Unescaped left brace in regex is deprecated, passed through in regex; marked by <-- HERE in m/\${ <-- HERE (\w+)(?::[=-][^}]*)?}/ at ./tests/scripts/tesh line 345.
Test suite `/home/alexandre/Desktop/Compiladores/Projeto/build/pc/tests/e1/valgrind_15.tesh'
[valgrind_15.tesh:6] ./tests/scripts/valgrindtest ./main ./tests/e1/input/nivel15.tokens
(ignoring the output of <valgrind_15.tesh:6> as requested)
Test suite `valgrind_15.tesh' OK
<end of output>
Test time =   1.33 sec
----------------------------------------------------------
Test Passed.
"e1_valgrind_15" end time: Sep 09 15:42 PDT
"e1_valgrind_15" time elapsed: 00:00:01
----------------------------------------------------------

End testing: Sep 09 15:42 PDT
